TpTrace Verbose: 0 : 17212, 1, 2022/09/27, 17:15:45.881, 10209901249754, vstest.console.dll, Version: 17.4.0-preview-20220711-01 Current process architecture: X64
TpTrace Verbose: 0 : 17212, 1, 2022/09/27, 17:15:45.883, 10209901268825, vstest.console.dll, Runtime location: C:\Program Files\dotnet\shared\Microsoft.NETCore.App\7.0.0-preview.7.22375.6
TpTrace Verbose: 0 : 17212, 1, 2022/09/27, 17:15:45.885, 10209901293108, vstest.console.dll, ArtifactProcessingPostProcessModeProcessorExecutor.Initialize: ArtifactProcessingMode.Collect
TpTrace Verbose: 0 : 17212, 1, 2022/09/27, 17:15:45.885, 10209901294963, vstest.console.dll, TestSessionCorrelationIdProcessorModeProcessorExecutor.Initialize: TestSessionCorrelationId '22384_fb215b4d-c64b-4ee1-a0d6-d1af8c677181'
TpTrace Information: 0 : 17212, 1, 2022/09/27, 17:15:45.892, 10209901366624, vstest.console.dll, FilePatternParser: The given file D:\Develop\PhysicsUnits\Units\KMB.Library.Units.Tests\bin\Debug\net6.0\fine-code-coverage\build-output\KMB.Library.Units.Tests.dll is a full path.
TpTrace Verbose: 0 : 17212, 1, 2022/09/27, 17:15:45.898, 10209901423901, vstest.console.dll, TestPluginCache.DiscoverTestExtensions: finding test extensions in assemblies ends with: RuntimeProvider.dll TPluginInfo: Microsoft.VisualStudio.TestPlatform.Common.ExtensionFramework.Utilities.TestRuntimePluginInformation TExtension: Microsoft.VisualStudio.TestPlatform.ObjectModel.Host.ITestRuntimeProvider
TpTrace Verbose: 0 : 17212, 1, 2022/09/27, 17:15:45.898, 10209901426590, vstest.console.dll, TestPluginCache.GetExtensionPaths: Filtered extension paths: 
TpTrace Verbose: 0 : 17212, 1, 2022/09/27, 17:15:45.899, 10209901427803, vstest.console.dll, TestPluginCache.GetExtensionPaths: Added default extension paths: C:\Program Files\dotnet\sdk\7.0.100-preview.7.22377.5\Extensions\Microsoft.Diagnostics.NETCore.Client.dll
C:\Program Files\dotnet\sdk\7.0.100-preview.7.22377.5\Extensions\Microsoft.TestPlatform.Extensions.BlameDataCollector.dll
C:\Program Files\dotnet\sdk\7.0.100-preview.7.22377.5\Extensions\Microsoft.TestPlatform.Extensions.EventLogCollector.dll
C:\Program Files\dotnet\sdk\7.0.100-preview.7.22377.5\Extensions\Microsoft.TestPlatform.TestHostRuntimeProvider.dll
C:\Program Files\dotnet\sdk\7.0.100-preview.7.22377.5\Extensions\Microsoft.VisualStudio.TestPlatform.Extensions.Html.TestLogger.dll
C:\Program Files\dotnet\sdk\7.0.100-preview.7.22377.5\Extensions\Microsoft.VisualStudio.TestPlatform.Extensions.Trx.TestLogger.dll
TpTrace Verbose: 0 : 17212, 1, 2022/09/27, 17:15:45.899, 10209901428425, vstest.console.dll, TestPluginCache.GetExtensionPaths: Added unfilterableExtensionPaths: 
TpTrace Information: 0 : 17212, 1, 2022/09/27, 17:15:45.900, 10209901437131, vstest.console.dll, AssemblyResolver.ctor: Creating AssemblyResolver with searchDirectories C:\Program Files\dotnet\sdk\7.0.100-preview.7.22377.5\Extensions,C:\Program Files\dotnet\sdk\7.0.100-preview.7.22377.5
TpTrace Verbose: 0 : 17212, 1, 2022/09/27, 17:15:45.901, 10209901449321, vstest.console.dll, TestPluginCache.DiscoverTestExtensions: Discovering the extensions using extension path.
TpTrace Verbose: 0 : 17212, 1, 2022/09/27, 17:15:45.901, 10209901451325, vstest.console.dll, TestPluginCache.GetExtensionPaths: Filtered extension paths: 
TpTrace Verbose: 0 : 17212, 1, 2022/09/27, 17:15:45.901, 10209901452166, vstest.console.dll, TestPluginCache.GetExtensionPaths: Added default extension paths: C:\Program Files\dotnet\sdk\7.0.100-preview.7.22377.5\Extensions\Microsoft.Diagnostics.NETCore.Client.dll
C:\Program Files\dotnet\sdk\7.0.100-preview.7.22377.5\Extensions\Microsoft.TestPlatform.Extensions.BlameDataCollector.dll
C:\Program Files\dotnet\sdk\7.0.100-preview.7.22377.5\Extensions\Microsoft.TestPlatform.Extensions.EventLogCollector.dll
C:\Program Files\dotnet\sdk\7.0.100-preview.7.22377.5\Extensions\Microsoft.TestPlatform.TestHostRuntimeProvider.dll
C:\Program Files\dotnet\sdk\7.0.100-preview.7.22377.5\Extensions\Microsoft.VisualStudio.TestPlatform.Extensions.Html.TestLogger.dll
C:\Program Files\dotnet\sdk\7.0.100-preview.7.22377.5\Extensions\Microsoft.VisualStudio.TestPlatform.Extensions.Trx.TestLogger.dll
TpTrace Verbose: 0 : 17212, 1, 2022/09/27, 17:15:45.901, 10209901453205, vstest.console.dll, TestPluginCache.GetExtensionPaths: Added unfilterableExtensionPaths: 
TpTrace Verbose: 0 : 17212, 1, 2022/09/27, 17:15:45.901, 10209901454550, vstest.console.dll, TestPluginCache.DiscoverTestExtensions: Discovering the extensions using allExtensionPaths: C:\Program Files\dotnet\sdk\7.0.100-preview.7.22377.5\Extensions\Microsoft.Diagnostics.NETCore.Client.dll
C:\Program Files\dotnet\sdk\7.0.100-preview.7.22377.5\Extensions\Microsoft.TestPlatform.Extensions.BlameDataCollector.dll
C:\Program Files\dotnet\sdk\7.0.100-preview.7.22377.5\Extensions\Microsoft.TestPlatform.Extensions.EventLogCollector.dll
C:\Program Files\dotnet\sdk\7.0.100-preview.7.22377.5\Extensions\Microsoft.TestPlatform.TestHostRuntimeProvider.dll
C:\Program Files\dotnet\sdk\7.0.100-preview.7.22377.5\Extensions\Microsoft.VisualStudio.TestPlatform.Extensions.Html.TestLogger.dll
C:\Program Files\dotnet\sdk\7.0.100-preview.7.22377.5\Extensions\Microsoft.VisualStudio.TestPlatform.Extensions.Trx.TestLogger.dll
TpTrace Information: 0 : 17212, 1, 2022/09/27, 17:15:45.901, 10209901456425, vstest.console.dll, AssemblyResolver.AddSearchDirectories: Adding more searchDirectories C:\Program Files\dotnet\sdk\7.0.100-preview.7.22377.5\Extensions,C:\Program Files\dotnet\sdk\7.0.100-preview.7.22377.5
TpTrace Information: 0 : 17212, 1, 2022/09/27, 17:15:45.902, 10209901457319, vstest.console.dll, AssemblyResolver.AddSearchDirectories: Adding more searchDirectories C:\Program Files\dotnet\sdk\7.0.100-preview.7.22377.5\Extensions,C:\Program Files\dotnet\sdk\7.0.100-preview.7.22377.5
TpTrace Information: 0 : 17212, 1, 2022/09/27, 17:15:45.902, 10209901457893, vstest.console.dll, AssemblyResolver.AddSearchDirectories: Adding more searchDirectories C:\Program Files\dotnet\sdk\7.0.100-preview.7.22377.5\Extensions,C:\Program Files\dotnet\sdk\7.0.100-preview.7.22377.5
TpTrace Information: 0 : 17212, 1, 2022/09/27, 17:15:45.902, 10209901458599, vstest.console.dll, AssemblyResolver.AddSearchDirectories: Adding more searchDirectories C:\Program Files\dotnet\sdk\7.0.100-preview.7.22377.5\Extensions,C:\Program Files\dotnet\sdk\7.0.100-preview.7.22377.5
TpTrace Information: 0 : 17212, 1, 2022/09/27, 17:15:45.902, 10209901459262, vstest.console.dll, AssemblyResolver.AddSearchDirectories: Adding more searchDirectories C:\Program Files\dotnet\sdk\7.0.100-preview.7.22377.5\Extensions,C:\Program Files\dotnet\sdk\7.0.100-preview.7.22377.5
TpTrace Information: 0 : 17212, 1, 2022/09/27, 17:15:45.902, 10209901459913, vstest.console.dll, AssemblyResolver.AddSearchDirectories: Adding more searchDirectories C:\Program Files\dotnet\sdk\7.0.100-preview.7.22377.5\Extensions,C:\Program Files\dotnet\sdk\7.0.100-preview.7.22377.5
TpTrace Information: 0 : 17212, 1, 2022/09/27, 17:15:45.902, 10209901466142, vstest.console.dll, AssemblyResolver.OnResolve: Microsoft.Diagnostics.NETCore.Client: Resolving assembly.
TpTrace Information: 0 : 17212, 1, 2022/09/27, 17:15:45.903, 10209901467465, vstest.console.dll, AssemblyResolver.OnResolve: Microsoft.Diagnostics.NETCore.Client: Searching in: 'C:\Program Files\dotnet\sdk\7.0.100-preview.7.22377.5\Extensions'.
TpTrace Information: 0 : 17212, 1, 2022/09/27, 17:15:45.910, 10209901542950, vstest.console.dll, AssemblyResolver.OnResolve: Microsoft.Diagnostics.NETCore.Client: Loading assembly 'C:\Program Files\dotnet\sdk\7.0.100-preview.7.22377.5\Extensions\Microsoft.Diagnostics.NETCore.Client.dll'.
TpTrace Information: 0 : 17212, 1, 2022/09/27, 17:15:45.911, 10209901549188, vstest.console.dll, AssemblyResolver.OnResolve: Resolved assembly: Microsoft.Diagnostics.NETCore.Client, from path: C:\Program Files\dotnet\sdk\7.0.100-preview.7.22377.5\Extensions\Microsoft.Diagnostics.NETCore.Client.dll
TpTrace Verbose: 0 : 17212, 1, 2022/09/27, 17:15:45.912, 10209901561183, vstest.console.dll, MetadataReaderExtensionsHelper: Discovering extensions inside assembly 'Microsoft.Diagnostics.NETCore.Client, Version=0.2.5.801, Culture=neutral, PublicKeyToken=31bf3856ad364e35' file path 'C:\Program Files\dotnet\sdk\7.0.100-preview.7.22377.5\Extensions\Microsoft.Diagnostics.NETCore.Client.dll'
TpTrace Information: 0 : 17212, 1, 2022/09/27, 17:15:45.916, 10209901600987, vstest.console.dll, AssemblyResolver.OnResolve: Microsoft.Bcl.AsyncInterfaces: Resolving assembly.
TpTrace Information: 0 : 17212, 1, 2022/09/27, 17:15:45.916, 10209901602174, vstest.console.dll, AssemblyResolver.OnResolve: Microsoft.Bcl.AsyncInterfaces: Searching in: 'C:\Program Files\dotnet\sdk\7.0.100-preview.7.22377.5\Extensions'.
TpTrace Information: 0 : 17212, 1, 2022/09/27, 17:15:45.916, 10209901603591, vstest.console.dll, AssemblyResolver.OnResolve: Microsoft.Bcl.AsyncInterfaces: Assembly path does not exist: 'C:\Program Files\dotnet\sdk\7.0.100-preview.7.22377.5\Extensions\Microsoft.Bcl.AsyncInterfaces.dll', returning.
TpTrace Information: 0 : 17212, 1, 2022/09/27, 17:15:45.916, 10209901604532, vstest.console.dll, AssemblyResolver.OnResolve: Microsoft.Bcl.AsyncInterfaces: Assembly path does not exist: 'C:\Program Files\dotnet\sdk\7.0.100-preview.7.22377.5\Extensions\Microsoft.Bcl.AsyncInterfaces.exe', returning.
TpTrace Information: 0 : 17212, 1, 2022/09/27, 17:15:45.916, 10209901605025, vstest.console.dll, AssemblyResolver.OnResolve: Microsoft.Bcl.AsyncInterfaces: Searching in: 'C:\Program Files\dotnet\sdk\7.0.100-preview.7.22377.5'.
TpTrace Information: 0 : 17212, 1, 2022/09/27, 17:15:45.916, 10209901605918, vstest.console.dll, AssemblyResolver.OnResolve: Microsoft.Bcl.AsyncInterfaces: Assembly path does not exist: 'C:\Program Files\dotnet\sdk\7.0.100-preview.7.22377.5\Microsoft.Bcl.AsyncInterfaces.dll', returning.
TpTrace Information: 0 : 17212, 1, 2022/09/27, 17:15:45.917, 10209901606921, vstest.console.dll, AssemblyResolver.OnResolve: Microsoft.Bcl.AsyncInterfaces: Assembly path does not exist: 'C:\Program Files\dotnet\sdk\7.0.100-preview.7.22377.5\Microsoft.Bcl.AsyncInterfaces.exe', returning.
TpTrace Information: 0 : 17212, 1, 2022/09/27, 17:15:45.917, 10209901607466, vstest.console.dll, AssemblyResolver.OnResolve: Microsoft.Bcl.AsyncInterfaces: Failed to load assembly.
TpTrace Verbose: 0 : 17212, 1, 2022/09/27, 17:15:45.917, 10209901608019, vstest.console.dll, CurrentDomainAssemblyResolve: Resolving assembly 'Microsoft.Bcl.AsyncInterfaces'.
TpTrace Information: 0 : 17212, 1, 2022/09/27, 17:15:45.917, 10209901608684, vstest.console.dll, AssemblyResolver.OnResolve: Microsoft.Bcl.AsyncInterfaces: Resolving assembly.
TpTrace Information: 0 : 17212, 1, 2022/09/27, 17:15:45.917, 10209901609192, vstest.console.dll, AssemblyResolver.OnResolve: Microsoft.Bcl.AsyncInterfaces: Resolved from cache.
TpTrace Verbose: 0 : 17212, 1, 2022/09/27, 17:15:45.917, 10209901609585, vstest.console.dll, CurrentDomainAssemblyResolve: Resolving assembly 'Microsoft.Bcl.AsyncInterfaces'.
TpTrace Verbose: 0 : 17212, 1, 2022/09/27, 17:15:45.917, 10209901610040, vstest.console.dll, CurrentDomainAssemblyResolve: Failed to resolve assembly 'Microsoft.Bcl.AsyncInterfaces'.
TpTrace Verbose: 0 : 17212, 1, 2022/09/27, 17:15:45.918, 10209901621184, vstest.console.dll, CurrentDomainAssemblyResolve: Failed to resolve assembly 'Microsoft.Bcl.AsyncInterfaces'.
TpTrace Warning: 0 : 17212, 1, 2022/09/27, 17:15:45.925, 10209901687297, vstest.console.dll, TestPluginDiscoverer: Failed to get types from assembly 'Microsoft.Diagnostics.NETCore.Client, Version=0.2.5.801, Culture=neutral, PublicKeyToken=31bf3856ad364e35'. Error: System.Reflection.ReflectionTypeLoadException: Unable to load one or more of the requested types.
Could not load file or assembly 'Microsoft.Bcl.AsyncInterfaces, Version=1.0.0.0, Culture=neutral, PublicKeyToken=cc7b13ffcd2ddd51'. The system cannot find the file specified.
   at System.Reflection.RuntimeModule.GetTypes(RuntimeModule module)
   at System.Reflection.Assembly.GetTypes()
   at Microsoft.VisualStudio.TestPlatform.Common.ExtensionFramework.TestPluginDiscoverer.GetTestExtensionsFromAssembly[TPluginInfo,TExtension](Assembly assembly, Dictionary`2 pluginInfos, String filePath)
System.IO.FileNotFoundException: Could not load file or assembly 'Microsoft.Bcl.AsyncInterfaces, Version=1.0.0.0, Culture=neutral, PublicKeyToken=cc7b13ffcd2ddd51'. The system cannot find the file specified.
File name: 'Microsoft.Bcl.AsyncInterfaces, Version=1.0.0.0, Culture=neutral, PublicKeyToken=cc7b13ffcd2ddd51'
 ---> System.IO.FileNotFoundException: Could not load file or assembly 'Microsoft.Bcl.AsyncInterfaces, Culture=neutral, PublicKeyToken=null'. The system cannot find the file specified.
File name: 'Microsoft.Bcl.AsyncInterfaces, Culture=neutral, PublicKeyToken=null'
   at System.Reflection.RuntimeAssembly.InternalLoad(AssemblyName assemblyName, StackCrawlMark& stackMark, AssemblyLoadContext assemblyLoadContext, RuntimeAssembly requestingAssembly, Boolean throwOnFileNotFound)
   at System.Reflection.Assembly.Load(AssemblyName assemblyRef)
   at Microsoft.VisualStudio.TestPlatform.Common.ExtensionFramework.TestPluginCache.CurrentDomainAssemblyResolve(Object sender, AssemblyResolveEventArgs args)
   at System.Runtime.Loader.AssemblyLoadContext.GetFirstResolvedAssemblyFromResolvingEvent(AssemblyName assemblyName)
   at System.Runtime.Loader.AssemblyLoadContext.ResolveUsingEvent(AssemblyName assemblyName)
   at System.Runtime.Loader.AssemblyLoadContext.ResolveUsingResolvingEvent(IntPtr gchManagedAssemblyLoadContext, AssemblyName assemblyName)
TpTrace Warning: 0 : 17212, 1, 2022/09/27, 17:15:45.925, 10209901692371, vstest.console.dll, LoaderExceptions: System.IO.FileNotFoundException: Could not load file or assembly 'Microsoft.Bcl.AsyncInterfaces, Version=1.0.0.0, Culture=neutral, PublicKeyToken=cc7b13ffcd2ddd51'. The system cannot find the file specified.
File name: 'Microsoft.Bcl.AsyncInterfaces, Version=1.0.0.0, Culture=neutral, PublicKeyToken=cc7b13ffcd2ddd51'
 ---> System.IO.FileNotFoundException: Could not load file or assembly 'Microsoft.Bcl.AsyncInterfaces, Culture=neutral, PublicKeyToken=null'. The system cannot find the file specified.
File name: 'Microsoft.Bcl.AsyncInterfaces, Culture=neutral, PublicKeyToken=null'
   at System.Reflection.RuntimeAssembly.InternalLoad(AssemblyName assemblyName, StackCrawlMark& stackMark, AssemblyLoadContext assemblyLoadContext, RuntimeAssembly requestingAssembly, Boolean throwOnFileNotFound)
   at System.Reflection.Assembly.Load(AssemblyName assemblyRef)
   at Microsoft.VisualStudio.TestPlatform.Common.ExtensionFramework.TestPluginCache.CurrentDomainAssemblyResolve(Object sender, AssemblyResolveEventArgs args)
   at System.Runtime.Loader.AssemblyLoadContext.GetFirstResolvedAssemblyFromResolvingEvent(AssemblyName assemblyName)
   at System.Runtime.Loader.AssemblyLoadContext.ResolveUsingEvent(AssemblyName assemblyName)
   at System.Runtime.Loader.AssemblyLoadContext.ResolveUsingResolvingEvent(IntPtr gchManagedAssemblyLoadContext, AssemblyName assemblyName)
TpTrace Information: 0 : 17212, 1, 2022/09/27, 17:15:45.925, 10209901694739, vstest.console.dll, AssemblyResolver.OnResolve: Microsoft.TestPlatform.Extensions.BlameDataCollector: Resolving assembly.
TpTrace Information: 0 : 17212, 1, 2022/09/27, 17:15:45.925, 10209901695320, vstest.console.dll, AssemblyResolver.OnResolve: Microsoft.TestPlatform.Extensions.BlameDataCollector: Searching in: 'C:\Program Files\dotnet\sdk\7.0.100-preview.7.22377.5\Extensions'.
TpTrace Information: 0 : 17212, 1, 2022/09/27, 17:15:45.926, 10209901699364, vstest.console.dll, AssemblyResolver.OnResolve: Microsoft.TestPlatform.Extensions.BlameDataCollector: Loading assembly 'C:\Program Files\dotnet\sdk\7.0.100-preview.7.22377.5\Extensions\Microsoft.TestPlatform.Extensions.BlameDataCollector.dll'.
TpTrace Information: 0 : 17212, 1, 2022/09/27, 17:15:45.926, 10209901704529, vstest.console.dll, AssemblyResolver.OnResolve: Resolved assembly: Microsoft.TestPlatform.Extensions.BlameDataCollector, from path: C:\Program Files\dotnet\sdk\7.0.100-preview.7.22377.5\Extensions\Microsoft.TestPlatform.Extensions.BlameDataCollector.dll
TpTrace Verbose: 0 : 17212, 1, 2022/09/27, 17:15:45.926, 10209901705466, vstest.console.dll, MetadataReaderExtensionsHelper: Discovering extensions inside assembly 'Microsoft.TestPlatform.Extensions.BlameDataCollector, Version=15.0.0.0, Culture=neutral, PublicKeyToken=b03f5f7f11d50a3a' file path 'C:\Program Files\dotnet\sdk\7.0.100-preview.7.22377.5\Extensions\Microsoft.TestPlatform.Extensions.BlameDataCollector.dll'
TpTrace Information: 0 : 17212, 1, 2022/09/27, 17:15:45.928, 10209901719424, vstest.console.dll, AssemblyResolver.OnResolve: Microsoft.TestPlatform.Extensions.EventLogCollector: Resolving assembly.
TpTrace Information: 0 : 17212, 1, 2022/09/27, 17:15:45.928, 10209901720342, vstest.console.dll, AssemblyResolver.OnResolve: Microsoft.TestPlatform.Extensions.EventLogCollector: Searching in: 'C:\Program Files\dotnet\sdk\7.0.100-preview.7.22377.5\Extensions'.
TpTrace Information: 0 : 17212, 1, 2022/09/27, 17:15:45.928, 10209901723439, vstest.console.dll, AssemblyResolver.OnResolve: Microsoft.TestPlatform.Extensions.EventLogCollector: Loading assembly 'C:\Program Files\dotnet\sdk\7.0.100-preview.7.22377.5\Extensions\Microsoft.TestPlatform.Extensions.EventLogCollector.dll'.
TpTrace Information: 0 : 17212, 1, 2022/09/27, 17:15:45.929, 10209901726747, vstest.console.dll, AssemblyResolver.OnResolve: Resolved assembly: Microsoft.TestPlatform.Extensions.EventLogCollector, from path: C:\Program Files\dotnet\sdk\7.0.100-preview.7.22377.5\Extensions\Microsoft.TestPlatform.Extensions.EventLogCollector.dll
TpTrace Verbose: 0 : 17212, 1, 2022/09/27, 17:15:45.929, 10209901727556, vstest.console.dll, MetadataReaderExtensionsHelper: Discovering extensions inside assembly 'Microsoft.TestPlatform.Extensions.EventLogCollector, Version=15.0.0.0, Culture=neutral, PublicKeyToken=b03f5f7f11d50a3a' file path 'C:\Program Files\dotnet\sdk\7.0.100-preview.7.22377.5\Extensions\Microsoft.TestPlatform.Extensions.EventLogCollector.dll'
TpTrace Information: 0 : 17212, 1, 2022/09/27, 17:15:45.930, 10209901744523, vstest.console.dll, AssemblyResolver.OnResolve: Microsoft.TestPlatform.TestHostRuntimeProvider: Resolving assembly.
TpTrace Information: 0 : 17212, 1, 2022/09/27, 17:15:45.930, 10209901745502, vstest.console.dll, AssemblyResolver.OnResolve: Microsoft.TestPlatform.TestHostRuntimeProvider: Searching in: 'C:\Program Files\dotnet\sdk\7.0.100-preview.7.22377.5\Extensions'.
TpTrace Information: 0 : 17212, 1, 2022/09/27, 17:15:45.931, 10209901748534, vstest.console.dll, AssemblyResolver.OnResolve: Microsoft.TestPlatform.TestHostRuntimeProvider: Loading assembly 'C:\Program Files\dotnet\sdk\7.0.100-preview.7.22377.5\Extensions\Microsoft.TestPlatform.TestHostRuntimeProvider.dll'.
TpTrace Information: 0 : 17212, 1, 2022/09/27, 17:15:45.931, 10209901753234, vstest.console.dll, AssemblyResolver.OnResolve: Resolved assembly: Microsoft.TestPlatform.TestHostRuntimeProvider, from path: C:\Program Files\dotnet\sdk\7.0.100-preview.7.22377.5\Extensions\Microsoft.TestPlatform.TestHostRuntimeProvider.dll
TpTrace Verbose: 0 : 17212, 1, 2022/09/27, 17:15:45.931, 10209901754090, vstest.console.dll, MetadataReaderExtensionsHelper: Discovering extensions inside assembly 'Microsoft.TestPlatform.TestHostRuntimeProvider, Version=15.0.0.0, Culture=neutral, PublicKeyToken=b03f5f7f11d50a3a' file path 'C:\Program Files\dotnet\sdk\7.0.100-preview.7.22377.5\Extensions\Microsoft.TestPlatform.TestHostRuntimeProvider.dll'
TpTrace Information: 0 : 17212, 1, 2022/09/27, 17:15:45.933, 10209901773517, vstest.console.dll, GetTestExtensionFromType: Register extension with identifier data 'HostProvider://DefaultTestHost' and type 'Microsoft.VisualStudio.TestPlatform.CrossPlatEngine.Hosting.DefaultTestHostManager, Microsoft.TestPlatform.TestHostRuntimeProvider, Version=15.0.0.0, Culture=neutral, PublicKeyToken=b03f5f7f11d50a3a' inside file 'C:\Program Files\dotnet\sdk\7.0.100-preview.7.22377.5\Extensions\Microsoft.TestPlatform.TestHostRuntimeProvider.dll'
TpTrace Information: 0 : 17212, 1, 2022/09/27, 17:15:45.934, 10209901778075, vstest.console.dll, GetTestExtensionFromType: Register extension with identifier data 'HostProvider://DotnetTestHost' and type 'Microsoft.VisualStudio.TestPlatform.CrossPlatEngine.Hosting.DotnetTestHostManager, Microsoft.TestPlatform.TestHostRuntimeProvider, Version=15.0.0.0, Culture=neutral, PublicKeyToken=b03f5f7f11d50a3a' inside file 'C:\Program Files\dotnet\sdk\7.0.100-preview.7.22377.5\Extensions\Microsoft.TestPlatform.TestHostRuntimeProvider.dll'
TpTrace Information: 0 : 17212, 1, 2022/09/27, 17:15:45.934, 10209901779408, vstest.console.dll, AssemblyResolver.OnResolve: Microsoft.VisualStudio.TestPlatform.Extensions.Html.TestLogger: Resolving assembly.
TpTrace Information: 0 : 17212, 1, 2022/09/27, 17:15:45.934, 10209901780237, vstest.console.dll, AssemblyResolver.OnResolve: Microsoft.VisualStudio.TestPlatform.Extensions.Html.TestLogger: Searching in: 'C:\Program Files\dotnet\sdk\7.0.100-preview.7.22377.5\Extensions'.
TpTrace Information: 0 : 17212, 1, 2022/09/27, 17:15:45.934, 10209901784270, vstest.console.dll, AssemblyResolver.OnResolve: Microsoft.VisualStudio.TestPlatform.Extensions.Html.TestLogger: Loading assembly 'C:\Program Files\dotnet\sdk\7.0.100-preview.7.22377.5\Extensions\Microsoft.VisualStudio.TestPlatform.Extensions.Html.TestLogger.dll'.
TpTrace Information: 0 : 17212, 1, 2022/09/27, 17:15:45.935, 10209901788374, vstest.console.dll, AssemblyResolver.OnResolve: Resolved assembly: Microsoft.VisualStudio.TestPlatform.Extensions.Html.TestLogger, from path: C:\Program Files\dotnet\sdk\7.0.100-preview.7.22377.5\Extensions\Microsoft.VisualStudio.TestPlatform.Extensions.Html.TestLogger.dll
TpTrace Verbose: 0 : 17212, 1, 2022/09/27, 17:15:45.935, 10209901789328, vstest.console.dll, MetadataReaderExtensionsHelper: Discovering extensions inside assembly 'Microsoft.VisualStudio.TestPlatform.Extensions.Html.TestLogger, Version=15.0.0.0, Culture=neutral, PublicKeyToken=b03f5f7f11d50a3a' file path 'C:\Program Files\dotnet\sdk\7.0.100-preview.7.22377.5\Extensions\Microsoft.VisualStudio.TestPlatform.Extensions.Html.TestLogger.dll'
TpTrace Information: 0 : 17212, 1, 2022/09/27, 17:15:45.936, 10209901797058, vstest.console.dll, AssemblyResolver.OnResolve: Microsoft.VisualStudio.TestPlatform.Extensions.Trx.TestLogger: Resolving assembly.
TpTrace Information: 0 : 17212, 1, 2022/09/27, 17:15:45.936, 10209901798026, vstest.console.dll, AssemblyResolver.OnResolve: Microsoft.VisualStudio.TestPlatform.Extensions.Trx.TestLogger: Searching in: 'C:\Program Files\dotnet\sdk\7.0.100-preview.7.22377.5\Extensions'.
TpTrace Information: 0 : 17212, 1, 2022/09/27, 17:15:45.936, 10209901802209, vstest.console.dll, AssemblyResolver.OnResolve: Microsoft.VisualStudio.TestPlatform.Extensions.Trx.TestLogger: Loading assembly 'C:\Program Files\dotnet\sdk\7.0.100-preview.7.22377.5\Extensions\Microsoft.VisualStudio.TestPlatform.Extensions.Trx.TestLogger.dll'.
TpTrace Information: 0 : 17212, 1, 2022/09/27, 17:15:45.937, 10209901807555, vstest.console.dll, AssemblyResolver.OnResolve: Resolved assembly: Microsoft.VisualStudio.TestPlatform.Extensions.Trx.TestLogger, from path: C:\Program Files\dotnet\sdk\7.0.100-preview.7.22377.5\Extensions\Microsoft.VisualStudio.TestPlatform.Extensions.Trx.TestLogger.dll
TpTrace Verbose: 0 : 17212, 1, 2022/09/27, 17:15:45.937, 10209901808633, vstest.console.dll, MetadataReaderExtensionsHelper: Discovering extensions inside assembly 'Microsoft.VisualStudio.TestPlatform.Extensions.Trx.TestLogger, Version=15.0.0.0, Culture=neutral, PublicKeyToken=b03f5f7f11d50a3a' file path 'C:\Program Files\dotnet\sdk\7.0.100-preview.7.22377.5\Extensions\Microsoft.VisualStudio.TestPlatform.Extensions.Trx.TestLogger.dll'
TpTrace Verbose: 0 : 17212, 1, 2022/09/27, 17:15:45.938, 10209901819950, vstest.console.dll, TestPluginCache: Discovered the extensions using extension path ''.
TpTrace Verbose: 0 : 17212, 1, 2022/09/27, 17:15:45.938, 10209901820895, vstest.console.dll, TestPluginCache: Discoverers are ''.
TpTrace Verbose: 0 : 17212, 1, 2022/09/27, 17:15:45.938, 10209901821315, vstest.console.dll, TestPluginCache: Executors are ''.
TpTrace Verbose: 0 : 17212, 1, 2022/09/27, 17:15:45.938, 10209901821767, vstest.console.dll, TestPluginCache: Executors2 are ''.
TpTrace Verbose: 0 : 17212, 1, 2022/09/27, 17:15:45.938, 10209901822171, vstest.console.dll, TestPluginCache: Setting providers are ''.
TpTrace Verbose: 0 : 17212, 1, 2022/09/27, 17:15:45.938, 10209901822542, vstest.console.dll, TestPluginCache: Loggers are ''.
TpTrace Verbose: 0 : 17212, 1, 2022/09/27, 17:15:45.938, 10209901824066, vstest.console.dll, TestPluginCache: TestHosts are 'HostProvider://DefaultTestHost,HostProvider://DotnetTestHost'.
TpTrace Verbose: 0 : 17212, 1, 2022/09/27, 17:15:45.938, 10209901824575, vstest.console.dll, TestPluginCache: DataCollectors are ''.
TpTrace Information: 0 : 17212, 1, 2022/09/27, 17:15:45.949, 10209901928005, vstest.console.dll, RunTestsArgumentProcessor:Execute: Test run is starting.
TpTrace Verbose: 0 : 17212, 1, 2022/09/27, 17:15:45.949, 10209901929194, vstest.console.dll, RunTestsArgumentProcessor:Execute: Queuing Test run.
TpTrace Information: 0 : 17212, 1, 2022/09/27, 17:15:45.949, 10209901932693, vstest.console.dll, TestRequestManager.RunTests: run tests started.
TpTrace Information: 0 : 17212, 1, 2022/09/27, 17:15:45.950, 10209901945704, vstest.console.dll, AssemblyMetadataProvider.GetFrameworkName: Determined framework:'.NETCoreApp,Version=v6.0' for source: 'D:\Develop\PhysicsUnits\Units\KMB.Library.Units.Tests\bin\Debug\net6.0\fine-code-coverage\build-output\KMB.Library.Units.Tests.dll'
TpTrace Information: 0 : 17212, 1, 2022/09/27, 17:15:45.951, 10209901947390, vstest.console.dll, Determined framework for all sources: .NETCoreApp,Version=v6.0
TpTrace Verbose: 0 : 17212, 1, 2022/09/27, 17:15:45.951, 10209901953226, vstest.console.dll, TestRequestManager.UpdateRunSettingsIfRequired: Default architecture: X64 IsDefaultTargetArchitecture: True, Current process architecture: X64 OperatingSystem: Windows.
TpTrace Information: 0 : 17212, 1, 2022/09/27, 17:15:45.953, 10209901969722, vstest.console.dll, AssemblyMetadataProvider.GetArchitecture: Determined architecture:AnyCPU info for assembly: D:\Develop\PhysicsUnits\Units\KMB.Library.Units.Tests\bin\Debug\net6.0\fine-code-coverage\build-output\KMB.Library.Units.Tests.dll
TpTrace Information: 0 : 17212, 1, 2022/09/27, 17:15:45.953, 10209901970384, vstest.console.dll, Determined platform for source 'D:\Develop\PhysicsUnits\Units\KMB.Library.Units.Tests\bin\Debug\net6.0\fine-code-coverage\build-output\KMB.Library.Units.Tests.dll' was AnyCPU and it will use the default plaform X64.
TpTrace Information: 0 : 17212, 1, 2022/09/27, 17:15:45.953, 10209901970828, vstest.console.dll, None of the sources provided any runnable platform, using the default platform: X64
TpTrace Information: 0 : 17212, 1, 2022/09/27, 17:15:45.953, 10209901971693, vstest.console.dll, Platform was updated to 'X64'.
TpTrace Information: 0 : 17212, 1, 2022/09/27, 17:15:45.957, 10209902008564, vstest.console.dll, InferRunSettingsHelper.IsTestSettingsEnabled: Unable to navigate to RunSettings/MSTest. Current node: RunSettings
TpTrace Information: 0 : 17212, 1, 2022/09/27, 17:15:45.957, 10209902015249, vstest.console.dll, AssemblyResolver.OnResolve: Microsoft.VisualStudio.TestPlatform.Fakes: Resolving assembly.
TpTrace Information: 0 : 17212, 1, 2022/09/27, 17:15:45.957, 10209902016006, vstest.console.dll, AssemblyResolver.OnResolve: Microsoft.VisualStudio.TestPlatform.Fakes: Searching in: 'C:\Program Files\dotnet\sdk\7.0.100-preview.7.22377.5\Extensions'.
TpTrace Information: 0 : 17212, 1, 2022/09/27, 17:15:45.958, 10209902017336, vstest.console.dll, AssemblyResolver.OnResolve: Microsoft.VisualStudio.TestPlatform.Fakes: Assembly path does not exist: 'C:\Program Files\dotnet\sdk\7.0.100-preview.7.22377.5\Extensions\Microsoft.VisualStudio.TestPlatform.Fakes.dll', returning.
TpTrace Information: 0 : 17212, 1, 2022/09/27, 17:15:45.958, 10209902018175, vstest.console.dll, AssemblyResolver.OnResolve: Microsoft.VisualStudio.TestPlatform.Fakes: Assembly path does not exist: 'C:\Program Files\dotnet\sdk\7.0.100-preview.7.22377.5\Extensions\Microsoft.VisualStudio.TestPlatform.Fakes.exe', returning.
TpTrace Information: 0 : 17212, 1, 2022/09/27, 17:15:45.958, 10209902018619, vstest.console.dll, AssemblyResolver.OnResolve: Microsoft.VisualStudio.TestPlatform.Fakes: Searching in: 'C:\Program Files\dotnet\sdk\7.0.100-preview.7.22377.5'.
TpTrace Information: 0 : 17212, 1, 2022/09/27, 17:15:45.958, 10209902019512, vstest.console.dll, AssemblyResolver.OnResolve: Microsoft.VisualStudio.TestPlatform.Fakes: Assembly path does not exist: 'C:\Program Files\dotnet\sdk\7.0.100-preview.7.22377.5\Microsoft.VisualStudio.TestPlatform.Fakes.dll', returning.
TpTrace Information: 0 : 17212, 1, 2022/09/27, 17:15:45.958, 10209902020319, vstest.console.dll, AssemblyResolver.OnResolve: Microsoft.VisualStudio.TestPlatform.Fakes: Assembly path does not exist: 'C:\Program Files\dotnet\sdk\7.0.100-preview.7.22377.5\Microsoft.VisualStudio.TestPlatform.Fakes.exe', returning.
TpTrace Information: 0 : 17212, 1, 2022/09/27, 17:15:45.958, 10209902020859, vstest.console.dll, AssemblyResolver.OnResolve: Microsoft.VisualStudio.TestPlatform.Fakes: Failed to load assembly.
TpTrace Information: 0 : 17212, 1, 2022/09/27, 17:15:45.958, 10209902023073, vstest.console.dll, Failed to load assembly Microsoft.VisualStudio.TestPlatform.Fakes, Version=17.0.0.0, Culture=neutral. Reason:System.IO.FileNotFoundException: Could not load file or assembly 'Microsoft.VisualStudio.TestPlatform.Fakes, Version=17.0.0.0, Culture=neutral, PublicKeyToken=null'. The system cannot find the file specified.
File name: 'Microsoft.VisualStudio.TestPlatform.Fakes, Version=17.0.0.0, Culture=neutral, PublicKeyToken=null'
   at System.Reflection.RuntimeAssembly.InternalLoad(AssemblyName assemblyName, StackCrawlMark& stackMark, AssemblyLoadContext assemblyLoadContext, RuntimeAssembly requestingAssembly, Boolean throwOnFileNotFound)
   at System.Reflection.Assembly.Load(AssemblyName assemblyRef)
   at Microsoft.VisualStudio.TestPlatform.Common.Utilities.FakesUtilities.LoadTestPlatformAssembly()
TpTrace Verbose: 0 : 17212, 1, 2022/09/27, 17:15:45.962, 10209902058628, vstest.console.dll, TestPluginCache.DiscoverTestExtensions: finding test extensions in assemblies ends with: TestLogger.dll TPluginInfo: Microsoft.VisualStudio.TestPlatform.Common.ExtensionFramework.Utilities.TestLoggerPluginInformation TExtension: Microsoft.VisualStudio.TestPlatform.ObjectModel.Client.ITestLogger
TpTrace Verbose: 0 : 17212, 1, 2022/09/27, 17:15:45.962, 10209902059923, vstest.console.dll, TestPluginCache.GetExtensionPaths: Filtered extension paths: 
TpTrace Verbose: 0 : 17212, 1, 2022/09/27, 17:15:45.962, 10209902060458, vstest.console.dll, TestPluginCache.GetExtensionPaths: Added default extension paths: C:\Program Files\dotnet\sdk\7.0.100-preview.7.22377.5\Extensions\Microsoft.Diagnostics.NETCore.Client.dll
C:\Program Files\dotnet\sdk\7.0.100-preview.7.22377.5\Extensions\Microsoft.TestPlatform.Extensions.BlameDataCollector.dll
C:\Program Files\dotnet\sdk\7.0.100-preview.7.22377.5\Extensions\Microsoft.TestPlatform.Extensions.EventLogCollector.dll
C:\Program Files\dotnet\sdk\7.0.100-preview.7.22377.5\Extensions\Microsoft.TestPlatform.TestHostRuntimeProvider.dll
C:\Program Files\dotnet\sdk\7.0.100-preview.7.22377.5\Extensions\Microsoft.VisualStudio.TestPlatform.Extensions.Html.TestLogger.dll
C:\Program Files\dotnet\sdk\7.0.100-preview.7.22377.5\Extensions\Microsoft.VisualStudio.TestPlatform.Extensions.Trx.TestLogger.dll
TpTrace Verbose: 0 : 17212, 1, 2022/09/27, 17:15:45.962, 10209902061116, vstest.console.dll, TestPluginCache.GetExtensionPaths: Added unfilterableExtensionPaths: 
TpTrace Information: 0 : 17212, 1, 2022/09/27, 17:15:45.962, 10209902062588, vstest.console.dll, AssemblyResolver.AddSearchDirectories: Adding more searchDirectories C:\Program Files\dotnet\sdk\7.0.100-preview.7.22377.5\Extensions,C:\Program Files\dotnet\sdk\7.0.100-preview.7.22377.5
TpTrace Verbose: 0 : 17212, 1, 2022/09/27, 17:15:45.962, 10209902063154, vstest.console.dll, TestPluginCache.DiscoverTestExtensions: Discovering the extensions using extension path.
TpTrace Verbose: 0 : 17212, 1, 2022/09/27, 17:15:45.962, 10209902063657, vstest.console.dll, TestPluginCache.GetExtensionPaths: Filtered extension paths: 
TpTrace Verbose: 0 : 17212, 1, 2022/09/27, 17:15:45.962, 10209902064481, vstest.console.dll, TestPluginCache.GetExtensionPaths: Added default extension paths: C:\Program Files\dotnet\sdk\7.0.100-preview.7.22377.5\Extensions\Microsoft.Diagnostics.NETCore.Client.dll
C:\Program Files\dotnet\sdk\7.0.100-preview.7.22377.5\Extensions\Microsoft.TestPlatform.Extensions.BlameDataCollector.dll
C:\Program Files\dotnet\sdk\7.0.100-preview.7.22377.5\Extensions\Microsoft.TestPlatform.Extensions.EventLogCollector.dll
C:\Program Files\dotnet\sdk\7.0.100-preview.7.22377.5\Extensions\Microsoft.TestPlatform.TestHostRuntimeProvider.dll
C:\Program Files\dotnet\sdk\7.0.100-preview.7.22377.5\Extensions\Microsoft.VisualStudio.TestPlatform.Extensions.Html.TestLogger.dll
C:\Program Files\dotnet\sdk\7.0.100-preview.7.22377.5\Extensions\Microsoft.VisualStudio.TestPlatform.Extensions.Trx.TestLogger.dll
TpTrace Verbose: 0 : 17212, 1, 2022/09/27, 17:15:45.962, 10209902065013, vstest.console.dll, TestPluginCache.GetExtensionPaths: Added unfilterableExtensionPaths: 
TpTrace Verbose: 0 : 17212, 1, 2022/09/27, 17:15:45.962, 10209902065429, vstest.console.dll, TestPluginCache.DiscoverTestExtensions: Discovering the extensions using allExtensionPaths: C:\Program Files\dotnet\sdk\7.0.100-preview.7.22377.5\Extensions\Microsoft.Diagnostics.NETCore.Client.dll
C:\Program Files\dotnet\sdk\7.0.100-preview.7.22377.5\Extensions\Microsoft.TestPlatform.Extensions.BlameDataCollector.dll
C:\Program Files\dotnet\sdk\7.0.100-preview.7.22377.5\Extensions\Microsoft.TestPlatform.Extensions.EventLogCollector.dll
C:\Program Files\dotnet\sdk\7.0.100-preview.7.22377.5\Extensions\Microsoft.TestPlatform.TestHostRuntimeProvider.dll
C:\Program Files\dotnet\sdk\7.0.100-preview.7.22377.5\Extensions\Microsoft.VisualStudio.TestPlatform.Extensions.Html.TestLogger.dll
C:\Program Files\dotnet\sdk\7.0.100-preview.7.22377.5\Extensions\Microsoft.VisualStudio.TestPlatform.Extensions.Trx.TestLogger.dll
TpTrace Information: 0 : 17212, 1, 2022/09/27, 17:15:45.962, 10209902066004, vstest.console.dll, AssemblyResolver.AddSearchDirectories: Adding more searchDirectories C:\Program Files\dotnet\sdk\7.0.100-preview.7.22377.5\Extensions,C:\Program Files\dotnet\sdk\7.0.100-preview.7.22377.5
TpTrace Information: 0 : 17212, 1, 2022/09/27, 17:15:45.962, 10209902066448, vstest.console.dll, AssemblyResolver.AddSearchDirectories: Adding more searchDirectories C:\Program Files\dotnet\sdk\7.0.100-preview.7.22377.5\Extensions,C:\Program Files\dotnet\sdk\7.0.100-preview.7.22377.5
TpTrace Information: 0 : 17212, 1, 2022/09/27, 17:15:45.963, 10209902066896, vstest.console.dll, AssemblyResolver.AddSearchDirectories: Adding more searchDirectories C:\Program Files\dotnet\sdk\7.0.100-preview.7.22377.5\Extensions,C:\Program Files\dotnet\sdk\7.0.100-preview.7.22377.5
TpTrace Information: 0 : 17212, 1, 2022/09/27, 17:15:45.963, 10209902067310, vstest.console.dll, AssemblyResolver.AddSearchDirectories: Adding more searchDirectories C:\Program Files\dotnet\sdk\7.0.100-preview.7.22377.5\Extensions,C:\Program Files\dotnet\sdk\7.0.100-preview.7.22377.5
TpTrace Information: 0 : 17212, 1, 2022/09/27, 17:15:45.963, 10209902067707, vstest.console.dll, AssemblyResolver.AddSearchDirectories: Adding more searchDirectories C:\Program Files\dotnet\sdk\7.0.100-preview.7.22377.5\Extensions,C:\Program Files\dotnet\sdk\7.0.100-preview.7.22377.5
TpTrace Information: 0 : 17212, 1, 2022/09/27, 17:15:45.963, 10209902068143, vstest.console.dll, AssemblyResolver.AddSearchDirectories: Adding more searchDirectories C:\Program Files\dotnet\sdk\7.0.100-preview.7.22377.5\Extensions,C:\Program Files\dotnet\sdk\7.0.100-preview.7.22377.5
TpTrace Verbose: 0 : 17212, 1, 2022/09/27, 17:15:45.963, 10209902069169, vstest.console.dll, MetadataReaderExtensionsHelper: Discovering extensions inside assembly 'Microsoft.Diagnostics.NETCore.Client, Version=0.2.5.801, Culture=neutral, PublicKeyToken=31bf3856ad364e35' file path 'C:\Program Files\dotnet\sdk\7.0.100-preview.7.22377.5\Extensions\Microsoft.Diagnostics.NETCore.Client.dll'
TpTrace Information: 0 : 17212, 1, 2022/09/27, 17:15:45.963, 10209902075959, vstest.console.dll, AssemblyResolver.OnResolve: Microsoft.Bcl.AsyncInterfaces: Resolving assembly.
TpTrace Information: 0 : 17212, 1, 2022/09/27, 17:15:45.963, 10209902076663, vstest.console.dll, AssemblyResolver.OnResolve: Microsoft.Bcl.AsyncInterfaces: Resolved from cache.
TpTrace Verbose: 0 : 17212, 1, 2022/09/27, 17:15:45.964, 10209902077158, vstest.console.dll, CurrentDomainAssemblyResolve: Resolving assembly 'Microsoft.Bcl.AsyncInterfaces'.
TpTrace Information: 0 : 17212, 1, 2022/09/27, 17:15:45.964, 10209902077691, vstest.console.dll, AssemblyResolver.OnResolve: Microsoft.Bcl.AsyncInterfaces: Resolving assembly.
TpTrace Information: 0 : 17212, 1, 2022/09/27, 17:15:45.964, 10209902078101, vstest.console.dll, AssemblyResolver.OnResolve: Microsoft.Bcl.AsyncInterfaces: Resolved from cache.
TpTrace Verbose: 0 : 17212, 1, 2022/09/27, 17:15:45.964, 10209902078479, vstest.console.dll, CurrentDomainAssemblyResolve: Resolving assembly 'Microsoft.Bcl.AsyncInterfaces'.
TpTrace Verbose: 0 : 17212, 1, 2022/09/27, 17:15:45.964, 10209902078846, vstest.console.dll, CurrentDomainAssemblyResolve: Failed to resolve assembly 'Microsoft.Bcl.AsyncInterfaces'.
TpTrace Verbose: 0 : 17212, 1, 2022/09/27, 17:15:45.964, 10209902080192, vstest.console.dll, CurrentDomainAssemblyResolve: Failed to resolve assembly 'Microsoft.Bcl.AsyncInterfaces'.
TpTrace Warning: 0 : 17212, 1, 2022/09/27, 17:15:45.964, 10209902083007, vstest.console.dll, TestPluginDiscoverer: Failed to get types from assembly 'Microsoft.Diagnostics.NETCore.Client, Version=0.2.5.801, Culture=neutral, PublicKeyToken=31bf3856ad364e35'. Error: System.Reflection.ReflectionTypeLoadException: Unable to load one or more of the requested types.
Could not load file or assembly 'Microsoft.Bcl.AsyncInterfaces, Version=1.0.0.0, Culture=neutral, PublicKeyToken=cc7b13ffcd2ddd51'. The system cannot find the file specified.
   at System.Reflection.RuntimeModule.GetTypes(RuntimeModule module)
   at System.Reflection.Assembly.GetTypes()
   at Microsoft.VisualStudio.TestPlatform.Common.ExtensionFramework.TestPluginDiscoverer.GetTestExtensionsFromAssembly[TPluginInfo,TExtension](Assembly assembly, Dictionary`2 pluginInfos, String filePath)
System.IO.FileNotFoundException: Could not load file or assembly 'Microsoft.Bcl.AsyncInterfaces, Version=1.0.0.0, Culture=neutral, PublicKeyToken=cc7b13ffcd2ddd51'. The system cannot find the file specified.
File name: 'Microsoft.Bcl.AsyncInterfaces, Version=1.0.0.0, Culture=neutral, PublicKeyToken=cc7b13ffcd2ddd51'
 ---> System.IO.FileNotFoundException: Could not load file or assembly 'Microsoft.Bcl.AsyncInterfaces, Culture=neutral, PublicKeyToken=null'. The system cannot find the file specified.
File name: 'Microsoft.Bcl.AsyncInterfaces, Culture=neutral, PublicKeyToken=null'
   at System.Reflection.RuntimeAssembly.InternalLoad(AssemblyName assemblyName, StackCrawlMark& stackMark, AssemblyLoadContext assemblyLoadContext, RuntimeAssembly requestingAssembly, Boolean throwOnFileNotFound)
   at System.Reflection.Assembly.Load(AssemblyName assemblyRef)
   at Microsoft.VisualStudio.TestPlatform.Common.ExtensionFramework.TestPluginCache.CurrentDomainAssemblyResolve(Object sender, AssemblyResolveEventArgs args)
   at System.Runtime.Loader.AssemblyLoadContext.GetFirstResolvedAssemblyFromResolvingEvent(AssemblyName assemblyName)
   at System.Runtime.Loader.AssemblyLoadContext.ResolveUsingEvent(AssemblyName assemblyName)
   at System.Runtime.Loader.AssemblyLoadContext.ResolveUsingResolvingEvent(IntPtr gchManagedAssemblyLoadContext, AssemblyName assemblyName)
TpTrace Warning: 0 : 17212, 1, 2022/09/27, 17:15:45.964, 10209902084617, vstest.console.dll, LoaderExceptions: System.IO.FileNotFoundException: Could not load file or assembly 'Microsoft.Bcl.AsyncInterfaces, Version=1.0.0.0, Culture=neutral, PublicKeyToken=cc7b13ffcd2ddd51'. The system cannot find the file specified.
File name: 'Microsoft.Bcl.AsyncInterfaces, Version=1.0.0.0, Culture=neutral, PublicKeyToken=cc7b13ffcd2ddd51'
 ---> System.IO.FileNotFoundException: Could not load file or assembly 'Microsoft.Bcl.AsyncInterfaces, Culture=neutral, PublicKeyToken=null'. The system cannot find the file specified.
File name: 'Microsoft.Bcl.AsyncInterfaces, Culture=neutral, PublicKeyToken=null'
   at System.Reflection.RuntimeAssembly.InternalLoad(AssemblyName assemblyName, StackCrawlMark& stackMark, AssemblyLoadContext assemblyLoadContext, RuntimeAssembly requestingAssembly, Boolean throwOnFileNotFound)
   at System.Reflection.Assembly.Load(AssemblyName assemblyRef)
   at Microsoft.VisualStudio.TestPlatform.Common.ExtensionFramework.TestPluginCache.CurrentDomainAssemblyResolve(Object sender, AssemblyResolveEventArgs args)
   at System.Runtime.Loader.AssemblyLoadContext.GetFirstResolvedAssemblyFromResolvingEvent(AssemblyName assemblyName)
   at System.Runtime.Loader.AssemblyLoadContext.ResolveUsingEvent(AssemblyName assemblyName)
   at System.Runtime.Loader.AssemblyLoadContext.ResolveUsingResolvingEvent(IntPtr gchManagedAssemblyLoadContext, AssemblyName assemblyName)
TpTrace Verbose: 0 : 17212, 1, 2022/09/27, 17:15:45.964, 10209902085847, vstest.console.dll, MetadataReaderExtensionsHelper: Discovering extensions inside assembly 'Microsoft.TestPlatform.Extensions.BlameDataCollector, Version=15.0.0.0, Culture=neutral, PublicKeyToken=b03f5f7f11d50a3a' file path 'C:\Program Files\dotnet\sdk\7.0.100-preview.7.22377.5\Extensions\Microsoft.TestPlatform.Extensions.BlameDataCollector.dll'
TpTrace Information: 0 : 17212, 1, 2022/09/27, 17:15:45.965, 10209902090057, vstest.console.dll, GetTestExtensionFromType: Register extension with identifier data 'logger://Microsoft/TestPlatform/Extensions/Blame/v1' and type 'Microsoft.TestPlatform.Extensions.BlameDataCollector.BlameLogger, Microsoft.TestPlatform.Extensions.BlameDataCollector, Version=15.0.0.0, Culture=neutral, PublicKeyToken=b03f5f7f11d50a3a' inside file 'C:\Program Files\dotnet\sdk\7.0.100-preview.7.22377.5\Extensions\Microsoft.TestPlatform.Extensions.BlameDataCollector.dll'
TpTrace Verbose: 0 : 17212, 1, 2022/09/27, 17:15:45.965, 10209902090849, vstest.console.dll, MetadataReaderExtensionsHelper: Discovering extensions inside assembly 'Microsoft.TestPlatform.Extensions.EventLogCollector, Version=15.0.0.0, Culture=neutral, PublicKeyToken=b03f5f7f11d50a3a' file path 'C:\Program Files\dotnet\sdk\7.0.100-preview.7.22377.5\Extensions\Microsoft.TestPlatform.Extensions.EventLogCollector.dll'
TpTrace Verbose: 0 : 17212, 1, 2022/09/27, 17:15:45.965, 10209902093610, vstest.console.dll, MetadataReaderExtensionsHelper: Discovering extensions inside assembly 'Microsoft.TestPlatform.TestHostRuntimeProvider, Version=15.0.0.0, Culture=neutral, PublicKeyToken=b03f5f7f11d50a3a' file path 'C:\Program Files\dotnet\sdk\7.0.100-preview.7.22377.5\Extensions\Microsoft.TestPlatform.TestHostRuntimeProvider.dll'
TpTrace Verbose: 0 : 17212, 1, 2022/09/27, 17:15:45.965, 10209902096263, vstest.console.dll, MetadataReaderExtensionsHelper: Discovering extensions inside assembly 'Microsoft.VisualStudio.TestPlatform.Extensions.Html.TestLogger, Version=15.0.0.0, Culture=neutral, PublicKeyToken=b03f5f7f11d50a3a' file path 'C:\Program Files\dotnet\sdk\7.0.100-preview.7.22377.5\Extensions\Microsoft.VisualStudio.TestPlatform.Extensions.Html.TestLogger.dll'
TpTrace Information: 0 : 17212, 1, 2022/09/27, 17:15:45.966, 10209902101135, vstest.console.dll, GetTestExtensionFromType: Register extension with identifier data 'logger://Microsoft/TestPlatform/HtmlLogger/v1' and type 'Microsoft.VisualStudio.TestPlatform.Extensions.HtmlLogger.HtmlLogger, Microsoft.VisualStudio.TestPlatform.Extensions.Html.TestLogger, Version=15.0.0.0, Culture=neutral, PublicKeyToken=b03f5f7f11d50a3a' inside file 'C:\Program Files\dotnet\sdk\7.0.100-preview.7.22377.5\Extensions\Microsoft.VisualStudio.TestPlatform.Extensions.Html.TestLogger.dll'
TpTrace Verbose: 0 : 17212, 1, 2022/09/27, 17:15:45.966, 10209902101917, vstest.console.dll, MetadataReaderExtensionsHelper: Discovering extensions inside assembly 'Microsoft.VisualStudio.TestPlatform.Extensions.Trx.TestLogger, Version=15.0.0.0, Culture=neutral, PublicKeyToken=b03f5f7f11d50a3a' file path 'C:\Program Files\dotnet\sdk\7.0.100-preview.7.22377.5\Extensions\Microsoft.VisualStudio.TestPlatform.Extensions.Trx.TestLogger.dll'
TpTrace Information: 0 : 17212, 1, 2022/09/27, 17:15:45.966, 10209902105721, vstest.console.dll, GetTestExtensionFromType: Register extension with identifier data 'logger://Microsoft/TestPlatform/TrxLogger/v1' and type 'Microsoft.VisualStudio.TestPlatform.Extensions.TrxLogger.TrxLogger, Microsoft.VisualStudio.TestPlatform.Extensions.Trx.TestLogger, Version=15.0.0.0, Culture=neutral, PublicKeyToken=b03f5f7f11d50a3a' inside file 'C:\Program Files\dotnet\sdk\7.0.100-preview.7.22377.5\Extensions\Microsoft.VisualStudio.TestPlatform.Extensions.Trx.TestLogger.dll'
TpTrace Verbose: 0 : 17212, 1, 2022/09/27, 17:15:45.966, 10209902106682, vstest.console.dll, TestPluginCache: Discovered the extensions using extension path ''.
TpTrace Verbose: 0 : 17212, 1, 2022/09/27, 17:15:45.967, 10209902107181, vstest.console.dll, TestPluginCache: Discoverers are ''.
TpTrace Verbose: 0 : 17212, 1, 2022/09/27, 17:15:45.967, 10209902107562, vstest.console.dll, TestPluginCache: Executors are ''.
TpTrace Verbose: 0 : 17212, 1, 2022/09/27, 17:15:45.967, 10209902108029, vstest.console.dll, TestPluginCache: Executors2 are ''.
TpTrace Verbose: 0 : 17212, 1, 2022/09/27, 17:15:45.967, 10209902108391, vstest.console.dll, TestPluginCache: Setting providers are ''.
TpTrace Verbose: 0 : 17212, 1, 2022/09/27, 17:15:45.967, 10209902109090, vstest.console.dll, TestPluginCache: Loggers are 'logger://Microsoft/TestPlatform/Extensions/Blame/v1,logger://Microsoft/TestPlatform/HtmlLogger/v1,logger://Microsoft/TestPlatform/TrxLogger/v1'.
TpTrace Verbose: 0 : 17212, 1, 2022/09/27, 17:15:45.967, 10209902109646, vstest.console.dll, TestPluginCache: TestHosts are 'HostProvider://DefaultTestHost,HostProvider://DotnetTestHost'.
TpTrace Verbose: 0 : 17212, 1, 2022/09/27, 17:15:45.967, 10209902110046, vstest.console.dll, TestPluginCache: DataCollectors are ''.
TpTrace Information: 0 : 17212, 1, 2022/09/27, 17:15:45.968, 10209902118774, vstest.console.dll, TestPluginManager.CreateTestExtension: Attempting to load test extension: Microsoft.TestPlatform.Extensions.BlameDataCollector.BlameLogger
TpTrace Verbose: 0 : 17212, 1, 2022/09/27, 17:15:45.973, 10209902176067, vstest.console.dll, TestEngine: Initializing Parallel Execution as MaxCpuCount is set to: 1
TpTrace Information: 0 : 17212, 1, 2022/09/27, 17:15:45.975, 10209902194233, vstest.console.dll, TestPluginManager.CreateTestExtension: Attempting to load test extension: Microsoft.VisualStudio.TestPlatform.CrossPlatEngine.Hosting.DefaultTestHostManager
TpTrace Information: 0 : 17212, 1, 2022/09/27, 17:15:45.976, 10209902202797, vstest.console.dll, TestPluginManager.CreateTestExtension: Attempting to load test extension: Microsoft.VisualStudio.TestPlatform.CrossPlatEngine.Hosting.DotnetTestHostManager
TpTrace Information: 0 : 17212, 1, 2022/09/27, 17:15:45.977, 10209902210351, vstest.console.dll, InferRunSettingsHelper.IsTestSettingsEnabled: Unable to navigate to RunSettings/MSTest. Current node: RunSettings
TpTrace Verbose: 0 : 17212, 1, 2022/09/27, 17:15:45.981, 10209902252919, vstest.console.dll, TestEngine.GetExecutionManager: Chosen execution manager 'Microsoft.VisualStudio.TestPlatform.CrossPlatEngine.Client.Parallel.ParallelProxyExecutionManager, Microsoft.TestPlatform.CrossPlatEngine, Version=15.0.0.0, Culture=neutral, PublicKeyToken=b03f5f7f11d50a3a' ParallelLevel '1'.
TpTrace Verbose: 0 : 17212, 1, 2022/09/27, 17:15:45.981, 10209902254924, vstest.console.dll, TestRunRequest.ExecuteAsync: Creating test run request.
TpTrace Verbose: 0 : 17212, 1, 2022/09/27, 17:15:45.982, 10209902257743, vstest.console.dll, TestRunRequest.ExecuteAsync: Starting.
TpTrace Information: 0 : 17212, 1, 2022/09/27, 17:15:45.982, 10209902261118, vstest.console.dll, TestRunRequest.ExecuteAsync: Starting run with settings:TestRunCriteria:
   KeepAlive=False,FrequencyOfRunStatsChangeEvent=10,RunStatsChangeEventTimeout=00:00:01.5000000,TestCaseFilter=,TestExecutorLauncher=
   Settingsxml=<RunSettings>
  <RunConfiguration>
    <ResultsDirectory>D:\Develop\PhysicsUnits\Units\KMB.Library.Units.Tests\bin\Debug\net6.0\fine-code-coverage\coverage-tool-output</ResultsDirectory>
    <TargetPlatform>X64</TargetPlatform>
    <TargetFrameworkVersion>.NETCoreApp,Version=v6.0</TargetFrameworkVersion>
    <DesignMode>False</DesignMode>
    <CollectSourceInformation>False</CollectSourceInformation>
  </RunConfiguration>
  <LoggerRunSettings>
    <Loggers>
      <Logger friendlyName="blame" enabled="True" />
      <Logger friendlyName="Console" uri="logger://microsoft/TestPlatform/ConsoleLogger/v1" assemblyQualifiedName="Microsoft.VisualStudio.TestPlatform.CommandLine.Internal.ConsoleLogger, vstest.console, Version=15.0.0.0, Culture=neutral, PublicKeyToken=b03f5f7f11d50a3a" codeBase="C:\Program Files\dotnet\sdk\7.0.100-preview.7.22377.5\vstest.console.dll" enabled="True" />
    </Loggers>
  </LoggerRunSettings>
  <DataCollectionRunSettings>
    <DataCollectors>
      <DataCollector friendlyName="blame" enabled="True">
        <Configuration>
          <ResultsDirectory>D:\Develop\PhysicsUnits\Units\KMB.Library.Units.Tests\bin\Debug\net6.0\fine-code-coverage\coverage-tool-output</ResultsDirectory>
        </Configuration>
      </DataCollector>
    </DataCollectors>
  </DataCollectionRunSettings>
</RunSettings>

TpTrace Verbose: 0 : 17212, 1, 2022/09/27, 17:15:45.982, 10209902262018, vstest.console.dll, TestRunRequest.ExecuteAsync: Wait for the first run request is over.
TpTrace Verbose: 0 : 17212, 1, 2022/09/27, 17:15:45.982, 10209902266367, vstest.console.dll, MulticastDelegateUtilities.SafeInvoke: TestRun.TestRunStart: Invoking callbacks was skipped because there are no subscribers.
TpTrace Verbose: 0 : 17212, 4, 2022/09/27, 17:15:45.983, 10209902268752, vstest.console.dll, MulticastDelegateUtilities.SafeInvoke: InternalTestLoggerEvents.SendTestRunStart: Invoking callback 1/1 for Microsoft.VisualStudio.TestPlatform.CommandLine.Internal.ConsoleLogger.TestRunStartHandler, took 0 ms.
TpTrace Verbose: 0 : 17212, 1, 2022/09/27, 17:15:45.984, 10209902280504, vstest.console.dll, ParallelProxyExecutionManager: Start execution. Total sources: 1
TpTrace Verbose: 0 : 17212, 1, 2022/09/27, 17:15:45.986, 10209902301206, vstest.console.dll, TestRequestSender is acting as server.
TpTrace Verbose: 0 : 17212, 1, 2022/09/27, 17:15:45.988, 10209902318254, vstest.console.dll, DataCollectionRequestSender.InitializeCommunication : Initialize communication. 
TpTrace Information: 0 : 17212, 1, 2022/09/27, 17:15:45.993, 10209902369435, vstest.console.dll, Listening on Endpoint : 127.0.0.1:4485
TpTrace Verbose: 0 : 17212, 1, 2022/09/27, 17:15:46.000, 10209902442323, vstest.console.dll, DotnetDataCollectionLauncher: Adding  --runtimeconfig "C:\Program Files\dotnet\sdk\7.0.100-preview.7.22377.5\datacollector.runtimeconfig.json" in args
TpTrace Verbose: 0 : 17212, 1, 2022/09/27, 17:15:46.000, 10209902444071, vstest.console.dll, DotnetDataCollectionLauncher: Adding  --depsfile "C:\Program Files\dotnet\sdk\7.0.100-preview.7.22377.5\datacollector.deps.json" in args
TpTrace Verbose: 0 : 17212, 1, 2022/09/27, 17:15:46.001, 10209902448087, vstest.console.dll, DotnetDataCollectionLauncher: Full path of dotnet.exe is C:\Program Files\dotnet\dotnet.exe
TpTrace Information: 0 : 17212, 1, 2022/09/27, 17:15:46.009, 10209902529692, vstest.console.dll, ProxyDataCollectionManager.Initialize: Launched datacollector processId: 15856 port: 4485
TpTrace Information: 0 : 17212, 1, 2022/09/27, 17:15:46.009, 10209902531737, vstest.console.dll, ProxyDataCollectionManager.Initialize: waiting for connection with timeout: 90 seconds
TpTrace Verbose: 0 : 17212, 1, 2022/09/27, 17:15:46.010, 10209902536844, vstest.console.dll, DataCollectionRequestSender.WaitForRequestHandlerConnection : Waiting for connection with timeout: 90000
TpTrace Information: 0 : 17212, 7, 2022/09/27, 17:15:46.132, 10209903757607, vstest.console.dll, Using the buffer size of 16384 bytes
TpTrace Verbose: 0 : 17212, 1, 2022/09/27, 17:15:46.132, 10209903757952, vstest.console.dll, SocketCommunicationManager.WaitForClientConnection took: 121 ms, with 90000 ms timeout, and finished with True.
TpTrace Verbose: 0 : 17212, 1, 2022/09/27, 17:15:46.132, 10209903760293, vstest.console.dll, ProxyDataCollectionManager.InvokeDataCollectionServiceAction: Starting.
TpTrace Information: 0 : 17212, 1, 2022/09/27, 17:15:46.132, 10209903761207, vstest.console.dll, ProxyDataCollectionManager.BeforeTestRunStart: Get environment variable and port for datacollector processId: 15856 port: 4485
TpTrace Verbose: 0 : 17212, 1, 2022/09/27, 17:15:46.132, 10209903762343, vstest.console.dll, DataCollectionRequestSender.SendBeforeTestRunStartAndGetResult: Send BeforeTestRunStart message with settingsXml <RunSettings><RunConfiguration><ResultsDirectory>D:\Develop\PhysicsUnits\Units\KMB.Library.Units.Tests\bin\Debug\net6.0\fine-code-coverage\coverage-tool-output</ResultsDirectory><TargetPlatform>X64</TargetPlatform><TargetFrameworkVersion>.NETCoreApp,Version=v6.0</TargetFrameworkVersion><DesignMode>False</DesignMode><CollectSourceInformation>False</CollectSourceInformation><TestAdaptersPaths>C:\Program Files\dotnet\sdk\7.0.100-preview.7.22377.5\Extensions</TestAdaptersPaths></RunConfiguration><LoggerRunSettings><Loggers><Logger friendlyName="blame" enabled="True" /><Logger friendlyName="Console" uri="logger://microsoft/TestPlatform/ConsoleLogger/v1" assemblyQualifiedName="Microsoft.VisualStudio.TestPlatform.CommandLine.Internal.ConsoleLogger, vstest.console, Version=15.0.0.0, Culture=neutral, PublicKeyToken=b03f5f7f11d50a3a" codeBase="C:\Program Files\dotnet\sdk\7.0.100-preview.7.22377.5\vstest.console.dll" enabled="True" /></Loggers></LoggerRunSettings><DataCollectionRunSettings><DataCollectors><DataCollector friendlyName="blame" enabled="True"><Configuration><ResultsDirectory>D:\Develop\PhysicsUnits\Units\KMB.Library.Units.Tests\bin\Debug\net6.0\fine-code-coverage\coverage-tool-output</ResultsDirectory></Configuration></DataCollector></DataCollectors></DataCollectionRunSettings></RunSettings> and sources System.Collections.Generic.List`1[System.String]: 
TpTrace Information: 0 : 17212, 7, 2022/09/27, 17:15:46.132, 10209903763042, vstest.console.dll, Accepted Client request and set the flag
TpTrace Verbose: 0 : 17212, 1, 2022/09/27, 17:15:46.207, 10209904510900, vstest.console.dll, DataCollectionRequestSender.SendBeforeTestRunStartAndGetResult: Received message: (DataCollection.SendMessage) -> {"MessageType":"DataCollection.SendMessage","Payload":{"FriendlyName":null,"Uri":null,"TestCaseId":"00000000-0000-0000-0000-000000000000","Message":"Logging DataCollector Diagnostics in file: D:\\Develop\\PhysicsUnits\\Units\\KMB.Library.Units.Tests\\bin\\Debug\\net6.0\\fine-code-coverage\\coverage-tool-output\\diagnostics.datacollector.22-09-27_17-15-46_00026_1.log","Level":0}}
TpTrace Verbose: 0 : 17212, 1, 2022/09/27, 17:15:46.294, 10209905380690, vstest.console.dll, DataCollectionRequestSender.SendBeforeTestRunStartAndGetResult: Received message: (DataCollection.BeforeTestRunStartResult) -> {"MessageType":"DataCollection.BeforeTestRunStartResult","Payload":{"EnvironmentVariables":{},"DataCollectionEventsPort":4487}}
TpTrace Information: 0 : 17212, 1, 2022/09/27, 17:15:46.300, 10209905441331, vstest.console.dll, ProxyDataCollectionManager.BeforeTestRunStart: SendBeforeTestRunStartAndGetResult successful, env variable from datacollector:   and testhost port: 4487
TpTrace Information: 0 : 17212, 1, 2022/09/27, 17:15:46.300, 10209905442540, vstest.console.dll, ProxyDataCollectionManager.InvokeDataCollectionServiceAction: Completed.
TpTrace Verbose: 0 : 17212, 7, 2022/09/27, 17:15:46.300, 10209905444183, vstest.console.dll, ParallelProxyExecutionManager: Execution started. Started clients: 1
TpTrace Verbose: 0 : 17212, 1, 2022/09/27, 17:15:46.300, 10209905444934, vstest.console.dll, ProxyParallelExecutionManager: No sources available for execution.
TpTrace Information: 0 : 17212, 1, 2022/09/27, 17:15:46.300, 10209905445792, vstest.console.dll, TestRunRequest.ExecuteAsync: Started.
TpTrace Verbose: 0 : 17212, 1, 2022/09/27, 17:15:46.301, 10209905446926, vstest.console.dll, TestRunRequest.WaitForCompletion: Waiting with timeout -1.
TpTrace Verbose: 0 : 17212, 7, 2022/09/27, 17:15:46.301, 10209905447760, vstest.console.dll, TestRunRequest:SendTestRunMessage: Starting.
TpTrace Verbose: 0 : 17212, 7, 2022/09/27, 17:15:46.301, 10209905449544, vstest.console.dll, MulticastDelegateUtilities.SafeInvoke: TestRun.LogMessages: Invoking callback 1/1 for Microsoft.VisualStudio.TestPlatform.CommandLine.TestRunResultAggregator.TestRunMessageHandler, took 0 ms.
TpTrace Information: 0 : 17212, 7, 2022/09/27, 17:15:46.301, 10209905450159, vstest.console.dll, TestRunRequest:SendTestRunMessage: Completed.
TpTrace Verbose: 0 : 17212, 4, 2022/09/27, 17:15:46.301, 10209905451278, vstest.console.dll, MulticastDelegateUtilities.SafeInvoke: InternalTestLoggerEvents.SendTestRunMessage: Invoking callback 1/1 for Microsoft.VisualStudio.TestPlatform.CommandLine.Internal.ConsoleLogger.TestMessageHandler, took 0 ms.
TpTrace Verbose: 0 : 17212, 7, 2022/09/27, 17:15:46.301, 10209905453086, vstest.console.dll, ProxyExecutionManager: Test host is always Lazy initialize.
TpTrace Verbose: 0 : 17212, 7, 2022/09/27, 17:15:46.302, 10209905464984, vstest.console.dll, TestRequestSender.InitializeCommunication: initialize communication. 
TpTrace Information: 0 : 17212, 7, 2022/09/27, 17:15:46.304, 10209905479628, vstest.console.dll, SocketServer.Start: Listening on endpoint : 127.0.0.1:4488
TpTrace Verbose: 0 : 17212, 7, 2022/09/27, 17:15:46.305, 10209905488843, vstest.console.dll, DotnetTestHostmanager.GetTestHostProcessStartInfo: Platform environment 'X64' target architecture 'X64' framework '.NETCoreApp,Version=v6.0' OS 'Windows'
TpTrace Verbose: 0 : 17212, 7, 2022/09/27, 17:15:46.305, 10209905490948, vstest.console.dll, DotnetTestHostmanager: Adding  --runtimeconfig "D:\Develop\PhysicsUnits\Units\KMB.Library.Units.Tests\bin\Debug\net6.0\fine-code-coverage\build-output\KMB.Library.Units.Tests.runtimeconfig.json" in args
TpTrace Verbose: 0 : 17212, 7, 2022/09/27, 17:15:46.305, 10209905491874, vstest.console.dll, DotnetTestHostmanager: Adding  --depsfile "D:\Develop\PhysicsUnits\Units\KMB.Library.Units.Tests\bin\Debug\net6.0\fine-code-coverage\build-output\KMB.Library.Units.Tests.deps.json" in args
TpTrace Verbose: 0 : 17212, 7, 2022/09/27, 17:15:46.305, 10209905493594, vstest.console.dll, DotnetTestHostmanager.IsWinOnArm: Current PROCESSOR_ARCHITECTURE from environment variable 'AMD64'
TpTrace Verbose: 0 : 17212, 7, 2022/09/27, 17:15:46.305, 10209905494502, vstest.console.dll, DotnetTestHostmanager.IsWinOnArm: Is Windows on ARM 'False'
TpTrace Verbose: 0 : 17212, 7, 2022/09/27, 17:15:46.305, 10209905495171, vstest.console.dll, DotnetTestHostManager: testhost.exe found at path: D:\Develop\PhysicsUnits\Units\KMB.Library.Units.Tests\bin\Debug\net6.0\fine-code-coverage\build-output\testhost.exe
TpTrace Verbose: 0 : 17212, 7, 2022/09/27, 17:15:46.305, 10209905495666, vstest.console.dll, DotnetTestHostmanager: Full path of host exe is D:\Develop\PhysicsUnits\Units\KMB.Library.Units.Tests\bin\Debug\net6.0\fine-code-coverage\build-output\testhost.exe
TpTrace Verbose: 0 : 17212, 7, 2022/09/27, 17:15:46.306, 10209905497422, vstest.console.dll, DotnetTestHostmanager.LaunchTestHostAsync: Found 'VSTEST_WINAPPHOST_DOTNET_ROOT' in env variables, value 'C:\Program Files\dotnet', forwarding to 'DOTNET_ROOT'
TpTrace Verbose: 0 : 17212, 7, 2022/09/27, 17:15:46.306, 10209905499207, vstest.console.dll, DotnetTestHostManager: Starting process 'D:\Develop\PhysicsUnits\Units\KMB.Library.Units.Tests\bin\Debug\net6.0\fine-code-coverage\build-output\testhost.exe' with command line ' --runtimeconfig "D:\Develop\PhysicsUnits\Units\KMB.Library.Units.Tests\bin\Debug\net6.0\fine-code-coverage\build-output\KMB.Library.Units.Tests.runtimeconfig.json" --depsfile "D:\Develop\PhysicsUnits\Units\KMB.Library.Units.Tests\bin\Debug\net6.0\fine-code-coverage\build-output\KMB.Library.Units.Tests.deps.json" --port 4488 --endpoint 127.0.0.1:04488 --role client --parentprocessid 17212 --diag "D:\Develop\PhysicsUnits\Units\KMB.Library.Units.Tests\bin\Debug\net6.0\fine-code-coverage\coverage-tool-output\diagnostics.host.22-09-27_17-15-46_30483_7.log" --tracelevel 4 --datacollectionport 4487 --telemetryoptedin false'
TpTrace Verbose: 0 : 17212, 7, 2022/09/27, 17:15:46.315, 10209905589606, vstest.console.dll, MulticastDelegateUtilities.SafeInvoke: HostProviderEvents.OnHostLaunched: Invoking callback 1/2 for Microsoft.VisualStudio.TestPlatform.CrossPlatEngine.Client.ProxyExecutionManagerWithDataCollection.TestHostLaunchedHandler, took 1 ms.
TpTrace Verbose: 0 : 17212, 7, 2022/09/27, 17:15:46.315, 10209905592844, vstest.console.dll, Test Runtime launched
TpTrace Verbose: 0 : 17212, 7, 2022/09/27, 17:15:46.315, 10209905594027, vstest.console.dll, MulticastDelegateUtilities.SafeInvoke: HostProviderEvents.OnHostLaunched: Invoking callback 2/2 for Microsoft.VisualStudio.TestPlatform.CrossPlatEngine.Client.ProxyOperationManager.TestHostManagerHostLaunched, took 0 ms.
TpTrace Verbose: 0 : 17212, 7, 2022/09/27, 17:15:46.315, 10209905595847, vstest.console.dll, TestRequestSender.WaitForRequestHandlerConnection: waiting for connection with timeout: 90000.
TpTrace Verbose: 0 : 17212, 7, 2022/09/27, 17:15:46.449, 10209906931743, vstest.console.dll, TestRequestSender.WaitForRequestHandlerConnection: waiting took 133 ms, with timeout 90000 ms, and result 0, which is success.
TpTrace Verbose: 0 : 17212, 10, 2022/09/27, 17:15:46.449, 10209906931743, vstest.console.dll, MulticastDelegateUtilities.SafeInvoke: SocketServer: ClientConnected: Invoking callback 1/1 for Microsoft.VisualStudio.TestPlatform.CommunicationUtilities.TestRequestSender.<InitializeCommunication>b__24_0, took 0 ms.
TpTrace Verbose: 0 : 17212, 10, 2022/09/27, 17:15:46.449, 10209906933557, vstest.console.dll, SocketServer.OnClientConnected: Client connected for endPoint: 127.0.0.1:4488, starting MessageLoopAsync:
TpTrace Verbose: 0 : 17212, 10, 2022/09/27, 17:15:46.449, 10209906936223, vstest.console.dll, TcpClientExtensions.MessageLoopAsync: Polling on remoteEndPoint: 127.0.0.1:4489 localEndPoint: 127.0.0.1:4488
TpTrace Verbose: 0 : 17212, 7, 2022/09/27, 17:15:46.450, 10209906940958, vstest.console.dll, TestRequestSender.CheckVersionWithTestHost: Sending check version message: {"MessageType":"ProtocolVersion","Payload":7}
TpTrace Verbose: 0 : 17212, 10, 2022/09/27, 17:15:46.563, 10209908072443, vstest.console.dll, TcpClientExtensions.MessageLoopAsync: NotifyDataAvailable remoteEndPoint: 127.0.0.1:4489 localEndPoint: 127.0.0.1:4488
TpTrace Verbose: 0 : 17212, 10, 2022/09/27, 17:15:46.563, 10209908074808, vstest.console.dll, TestRequestSender.CheckVersionWithTestHost: onMessageReceived received message: (ProtocolVersion) -> {"MessageType":"ProtocolVersion","Payload":7}
TpTrace Verbose: 0 : 17212, 10, 2022/09/27, 17:15:46.564, 10209908081524, vstest.console.dll, MulticastDelegateUtilities.SafeInvoke: LengthPrefixCommunicationChannel: MessageReceived: Invoking callback 1/1 for Microsoft.VisualStudio.TestPlatform.CommunicationUtilities.TestRequestSender+<>c__DisplayClass26_0.<CheckVersionWithTestHost>b__0, took 0 ms.
TpTrace Verbose: 0 : 17212, 7, 2022/09/27, 17:15:46.564, 10209908082383, vstest.console.dll, TestPluginCache.GetExtensionPaths: Filtered extension paths: 
TpTrace Verbose: 0 : 17212, 10, 2022/09/27, 17:15:46.564, 10209908082465, vstest.console.dll, TcpClientExtensions.MessageLoopAsync: Polling on remoteEndPoint: 127.0.0.1:4489 localEndPoint: 127.0.0.1:4488
TpTrace Verbose: 0 : 17212, 7, 2022/09/27, 17:15:46.564, 10209908083155, vstest.console.dll, TestPluginCache.GetExtensionPaths: Added default extension paths: C:\Program Files\dotnet\sdk\7.0.100-preview.7.22377.5\Extensions\Microsoft.Diagnostics.NETCore.Client.dll
C:\Program Files\dotnet\sdk\7.0.100-preview.7.22377.5\Extensions\Microsoft.TestPlatform.Extensions.BlameDataCollector.dll
C:\Program Files\dotnet\sdk\7.0.100-preview.7.22377.5\Extensions\Microsoft.TestPlatform.Extensions.EventLogCollector.dll
C:\Program Files\dotnet\sdk\7.0.100-preview.7.22377.5\Extensions\Microsoft.TestPlatform.TestHostRuntimeProvider.dll
C:\Program Files\dotnet\sdk\7.0.100-preview.7.22377.5\Extensions\Microsoft.VisualStudio.TestPlatform.Extensions.Html.TestLogger.dll
C:\Program Files\dotnet\sdk\7.0.100-preview.7.22377.5\Extensions\Microsoft.VisualStudio.TestPlatform.Extensions.Trx.TestLogger.dll
TpTrace Verbose: 0 : 17212, 7, 2022/09/27, 17:15:46.564, 10209908084593, vstest.console.dll, TestPluginCache.GetExtensionPaths: Added unfilterableExtensionPaths: 
TpTrace Verbose: 0 : 17212, 7, 2022/09/27, 17:15:46.568, 10209908119779, vstest.console.dll, TestRequestSender.InitializeExecution: Sending initialize execution with message: {"Version":7,"MessageType":"TestExecution.Initialize","Payload":["D:\\Develop\\PhysicsUnits\\Units\\KMB.Library.Units.Tests\\bin\\Debug\\net6.0\\fine-code-coverage\\build-output\\xunit.runner.visualstudio.dotnetcore.testadapter.dll"]}
TpTrace Warning: 0 : 17212, 7, 2022/09/27, 17:15:46.568, 10209908124888, vstest.console.dll, InferRunSettingsHelper.MakeRunsettingsCompatible: Removing the following settings: TargetPlatform from RunSettings file. To use those settings please move to latest version of Microsoft.NET.Test.Sdk
TpTrace Verbose: 0 : 17212, 10, 2022/09/27, 17:15:46.568, 10209908125035, vstest.console.dll, TcpClientExtensions.MessageLoopAsync: NotifyDataAvailable remoteEndPoint: 127.0.0.1:4489 localEndPoint: 127.0.0.1:4488
TpTrace Verbose: 0 : 17212, 10, 2022/09/27, 17:15:46.569, 10209908127223, vstest.console.dll, LengthPrefixCommunicationChannel.NotifyDataAvailable: New data are waiting to be received, but there is no subscriber to be notified. Not reading them from the stream.
TpTrace Verbose: 0 : 17212, 10, 2022/09/27, 17:15:46.569, 10209908127786, vstest.console.dll, TcpClientExtensions.MessageLoopAsync: Polling on remoteEndPoint: 127.0.0.1:4489 localEndPoint: 127.0.0.1:4488
TpTrace Verbose: 0 : 17212, 10, 2022/09/27, 17:15:46.569, 10209908128309, vstest.console.dll, TcpClientExtensions.MessageLoopAsync: NotifyDataAvailable remoteEndPoint: 127.0.0.1:4489 localEndPoint: 127.0.0.1:4488
TpTrace Verbose: 0 : 17212, 10, 2022/09/27, 17:15:46.569, 10209908128990, vstest.console.dll, LengthPrefixCommunicationChannel.NotifyDataAvailable: New data are waiting to be received, but there is no subscriber to be notified. Not reading them from the stream.
TpTrace Verbose: 0 : 17212, 10, 2022/09/27, 17:15:46.569, 10209908129528, vstest.console.dll, TcpClientExtensions.MessageLoopAsync: Polling on remoteEndPoint: 127.0.0.1:4489 localEndPoint: 127.0.0.1:4488
TpTrace Verbose: 0 : 17212, 10, 2022/09/27, 17:15:46.569, 10209908130027, vstest.console.dll, TcpClientExtensions.MessageLoopAsync: NotifyDataAvailable remoteEndPoint: 127.0.0.1:4489 localEndPoint: 127.0.0.1:4488
TpTrace Verbose: 0 : 17212, 10, 2022/09/27, 17:15:46.569, 10209908130522, vstest.console.dll, LengthPrefixCommunicationChannel.NotifyDataAvailable: New data are waiting to be received, but there is no subscriber to be notified. Not reading them from the stream.
TpTrace Verbose: 0 : 17212, 10, 2022/09/27, 17:15:46.569, 10209908131122, vstest.console.dll, TcpClientExtensions.MessageLoopAsync: Polling on remoteEndPoint: 127.0.0.1:4489 localEndPoint: 127.0.0.1:4488
TpTrace Verbose: 0 : 17212, 10, 2022/09/27, 17:15:46.569, 10209908131600, vstest.console.dll, TcpClientExtensions.MessageLoopAsync: NotifyDataAvailable remoteEndPoint: 127.0.0.1:4489 localEndPoint: 127.0.0.1:4488
TpTrace Verbose: 0 : 17212, 10, 2022/09/27, 17:15:46.569, 10209908134476, vstest.console.dll, TestRequestSender.OnExecutionMessageReceived: Received message: {"Version":7,"MessageType":"TestSession.Message","Payload":{"MessageLevel":0,"Message":"Logging TestHost Diagnostics in file: D:\\Develop\\PhysicsUnits\\Units\\KMB.Library.Units.Tests\\bin\\Debug\\net6.0\\fine-code-coverage\\coverage-tool-output\\diagnostics.host.22-09-27_17-15-46_30483_7.log"}}
TpTrace Verbose: 0 : 17212, 10, 2022/09/27, 17:15:46.572, 10209908160293, vstest.console.dll, TestRunRequest:SendTestRunMessage: Starting.
TpTrace Verbose: 0 : 17212, 10, 2022/09/27, 17:15:46.572, 10209908162246, vstest.console.dll, MulticastDelegateUtilities.SafeInvoke: TestRun.LogMessages: Invoking callback 1/1 for Microsoft.VisualStudio.TestPlatform.CommandLine.TestRunResultAggregator.TestRunMessageHandler, took 0 ms.
TpTrace Information: 0 : 17212, 10, 2022/09/27, 17:15:46.572, 10209908162875, vstest.console.dll, TestRunRequest:SendTestRunMessage: Completed.
TpTrace Verbose: 0 : 17212, 10, 2022/09/27, 17:15:46.572, 10209908163441, vstest.console.dll, MulticastDelegateUtilities.SafeInvoke: LengthPrefixCommunicationChannel: MessageReceived: Invoking callback 1/1 for Microsoft.VisualStudio.TestPlatform.CommunicationUtilities.TestRequestSender+<>c__DisplayClass31_0.<StartTestRun>b__1, took 3 ms.
TpTrace Verbose: 0 : 17212, 10, 2022/09/27, 17:15:46.572, 10209908163875, vstest.console.dll, TcpClientExtensions.MessageLoopAsync: Polling on remoteEndPoint: 127.0.0.1:4489 localEndPoint: 127.0.0.1:4488
TpTrace Verbose: 0 : 17212, 4, 2022/09/27, 17:15:46.572, 10209908164768, vstest.console.dll, MulticastDelegateUtilities.SafeInvoke: InternalTestLoggerEvents.SendTestRunMessage: Invoking callback 1/1 for Microsoft.VisualStudio.TestPlatform.CommandLine.Internal.ConsoleLogger.TestMessageHandler, took 0 ms.
TpTrace Verbose: 0 : 17212, 7, 2022/09/27, 17:15:46.577, 10209908208915, vstest.console.dll, TestRequestSender.StartTestRun: Sending test run with message: {"Version":7,"MessageType":"TestExecution.StartWithSources","Payload":{"AdapterSourceMap":{"_none_":["D:\\Develop\\PhysicsUnits\\Units\\KMB.Library.Units.Tests\\bin\\Debug\\net6.0\\fine-code-coverage\\build-output\\KMB.Library.Units.Tests.dll"]},"RunSettings":"<RunSettings>\r\n  <RunConfiguration>\r\n    <ResultsDirectory>D:\\Develop\\PhysicsUnits\\Units\\KMB.Library.Units.Tests\\bin\\Debug\\net6.0\\fine-code-coverage\\coverage-tool-output</ResultsDirectory>\r\n    <TargetFrameworkVersion>.NETCoreApp,Version=v6.0</TargetFrameworkVersion>\r\n    <DesignMode>False</DesignMode>\r\n    <CollectSourceInformation>False</CollectSourceInformation>\r\n  </RunConfiguration>\r\n  <LoggerRunSettings>\r\n    <Loggers>\r\n      <Logger friendlyName=\"blame\" enabled=\"True\" />\r\n      <Logger friendlyName=\"Console\" uri=\"logger://microsoft/TestPlatform/ConsoleLogger/v1\" assemblyQualifiedName=\"Microsoft.VisualStudio.TestPlatform.CommandLine.Internal.ConsoleLogger, vstest.console, Version=15.0.0.0, Culture=neutral, PublicKeyToken=b03f5f7f11d50a3a\" codeBase=\"C:\\Program Files\\dotnet\\sdk\\7.0.100-preview.7.22377.5\\vstest.console.dll\" enabled=\"True\" />\r\n    </Loggers>\r\n  </LoggerRunSettings>\r\n  <DataCollectionRunSettings>\r\n    <DataCollectors>\r\n      <DataCollector friendlyName=\"blame\" enabled=\"True\">\r\n        <Configuration>\r\n          <ResultsDirectory>D:\\Develop\\PhysicsUnits\\Units\\KMB.Library.Units.Tests\\bin\\Debug\\net6.0\\fine-code-coverage\\coverage-tool-output</ResultsDirectory>\r\n        </Configuration>\r\n      </DataCollector>\r\n    </DataCollectors>\r\n  </DataCollectionRunSettings>\r\n</RunSettings>","TestExecutionContext":{"FrequencyOfRunStatsChangeEvent":10,"RunStatsChangeEventTimeout":"00:00:01.5000000","InIsolation":false,"KeepAlive":false,"AreTestCaseLevelEventsRequired":false,"IsDebug":false,"TestCaseFilter":null,"FilterOptions":null},"Package":null}}
TpTrace Verbose: 0 : 17212, 10, 2022/09/27, 17:15:46.717, 10209909606807, vstest.console.dll, TcpClientExtensions.MessageLoopAsync: NotifyDataAvailable remoteEndPoint: 127.0.0.1:4489 localEndPoint: 127.0.0.1:4488
TpTrace Verbose: 0 : 17212, 10, 2022/09/27, 17:15:46.717, 10209909608392, vstest.console.dll, TestRequestSender.OnExecutionMessageReceived: Received message: {"Version":7,"MessageType":"TestSession.Message","Payload":{"MessageLevel":0,"Message":"[xUnit.net 00:00:00.00] xUnit.net VSTest Adapter v2.4.5+1caef2f33e (64-bit .NET 6.0.9)"}}
TpTrace Verbose: 0 : 17212, 10, 2022/09/27, 17:15:46.717, 10209909611247, vstest.console.dll, TestRunRequest:SendTestRunMessage: Starting.
TpTrace Verbose: 0 : 17212, 10, 2022/09/27, 17:15:46.717, 10209909612080, vstest.console.dll, MulticastDelegateUtilities.SafeInvoke: TestRun.LogMessages: Invoking callback 1/1 for Microsoft.VisualStudio.TestPlatform.CommandLine.TestRunResultAggregator.TestRunMessageHandler, took 0 ms.
TpTrace Verbose: 0 : 17212, 4, 2022/09/27, 17:15:46.717, 10209909612252, vstest.console.dll, MulticastDelegateUtilities.SafeInvoke: InternalTestLoggerEvents.SendTestRunMessage: Invoking callback 1/1 for Microsoft.VisualStudio.TestPlatform.CommandLine.Internal.ConsoleLogger.TestMessageHandler, took 0 ms.
TpTrace Information: 0 : 17212, 10, 2022/09/27, 17:15:46.717, 10209909612575, vstest.console.dll, TestRunRequest:SendTestRunMessage: Completed.
TpTrace Verbose: 0 : 17212, 10, 2022/09/27, 17:15:46.717, 10209909614344, vstest.console.dll, MulticastDelegateUtilities.SafeInvoke: LengthPrefixCommunicationChannel: MessageReceived: Invoking callback 1/1 for Microsoft.VisualStudio.TestPlatform.CommunicationUtilities.TestRequestSender+<>c__DisplayClass31_0.<StartTestRun>b__1, took 0 ms.
TpTrace Verbose: 0 : 17212, 10, 2022/09/27, 17:15:46.717, 10209909614861, vstest.console.dll, TcpClientExtensions.MessageLoopAsync: Polling on remoteEndPoint: 127.0.0.1:4489 localEndPoint: 127.0.0.1:4488
TpTrace Verbose: 0 : 17212, 10, 2022/09/27, 17:15:47.103, 10209913470060, vstest.console.dll, TcpClientExtensions.MessageLoopAsync: NotifyDataAvailable remoteEndPoint: 127.0.0.1:4489 localEndPoint: 127.0.0.1:4488
TpTrace Verbose: 0 : 17212, 10, 2022/09/27, 17:15:47.103, 10209913472479, vstest.console.dll, TestRequestSender.OnExecutionMessageReceived: Received message: {"Version":7,"MessageType":"TestSession.Message","Payload":{"MessageLevel":0,"Message":"[xUnit.net 00:00:00.39]   Discovering: KMB.Library.Units.Tests"}}
TpTrace Verbose: 0 : 17212, 10, 2022/09/27, 17:15:47.103, 10209913474252, vstest.console.dll, TestRunRequest:SendTestRunMessage: Starting.
TpTrace Verbose: 0 : 17212, 10, 2022/09/27, 17:15:47.103, 10209913475073, vstest.console.dll, MulticastDelegateUtilities.SafeInvoke: TestRun.LogMessages: Invoking callback 1/1 for Microsoft.VisualStudio.TestPlatform.CommandLine.TestRunResultAggregator.TestRunMessageHandler, took 0 ms.
TpTrace Verbose: 0 : 17212, 4, 2022/09/27, 17:15:47.103, 10209913475285, vstest.console.dll, MulticastDelegateUtilities.SafeInvoke: InternalTestLoggerEvents.SendTestRunMessage: Invoking callback 1/1 for Microsoft.VisualStudio.TestPlatform.CommandLine.Internal.ConsoleLogger.TestMessageHandler, took 0 ms.
TpTrace Information: 0 : 17212, 10, 2022/09/27, 17:15:47.103, 10209913475580, vstest.console.dll, TestRunRequest:SendTestRunMessage: Completed.
TpTrace Verbose: 0 : 17212, 10, 2022/09/27, 17:15:47.104, 10209913476997, vstest.console.dll, MulticastDelegateUtilities.SafeInvoke: LengthPrefixCommunicationChannel: MessageReceived: Invoking callback 1/1 for Microsoft.VisualStudio.TestPlatform.CommunicationUtilities.TestRequestSender+<>c__DisplayClass31_0.<StartTestRun>b__1, took 0 ms.
TpTrace Verbose: 0 : 17212, 10, 2022/09/27, 17:15:47.104, 10209913477544, vstest.console.dll, TcpClientExtensions.MessageLoopAsync: Polling on remoteEndPoint: 127.0.0.1:4489 localEndPoint: 127.0.0.1:4488
TpTrace Verbose: 0 : 17212, 10, 2022/09/27, 17:15:47.145, 10209913892428, vstest.console.dll, TcpClientExtensions.MessageLoopAsync: NotifyDataAvailable remoteEndPoint: 127.0.0.1:4489 localEndPoint: 127.0.0.1:4488
TpTrace Verbose: 0 : 17212, 10, 2022/09/27, 17:15:47.145, 10209913895520, vstest.console.dll, TestRequestSender.OnExecutionMessageReceived: Received message: {"Version":7,"MessageType":"TestSession.Message","Payload":{"MessageLevel":0,"Message":"[xUnit.net 00:00:00.43]   Discovered:  KMB.Library.Units.Tests"}}
TpTrace Verbose: 0 : 17212, 10, 2022/09/27, 17:15:47.146, 10209913897019, vstest.console.dll, TestRunRequest:SendTestRunMessage: Starting.
TpTrace Verbose: 0 : 17212, 10, 2022/09/27, 17:15:47.146, 10209913899046, vstest.console.dll, MulticastDelegateUtilities.SafeInvoke: TestRun.LogMessages: Invoking callback 1/1 for Microsoft.VisualStudio.TestPlatform.CommandLine.TestRunResultAggregator.TestRunMessageHandler, took 0 ms.
TpTrace Verbose: 0 : 17212, 4, 2022/09/27, 17:15:47.146, 10209913899202, vstest.console.dll, MulticastDelegateUtilities.SafeInvoke: InternalTestLoggerEvents.SendTestRunMessage: Invoking callback 1/1 for Microsoft.VisualStudio.TestPlatform.CommandLine.Internal.ConsoleLogger.TestMessageHandler, took 0 ms.
TpTrace Information: 0 : 17212, 10, 2022/09/27, 17:15:47.146, 10209913899693, vstest.console.dll, TestRunRequest:SendTestRunMessage: Completed.
TpTrace Verbose: 0 : 17212, 10, 2022/09/27, 17:15:47.146, 10209913901080, vstest.console.dll, MulticastDelegateUtilities.SafeInvoke: LengthPrefixCommunicationChannel: MessageReceived: Invoking callback 1/1 for Microsoft.VisualStudio.TestPlatform.CommunicationUtilities.TestRequestSender+<>c__DisplayClass31_0.<StartTestRun>b__1, took 0 ms.
TpTrace Verbose: 0 : 17212, 10, 2022/09/27, 17:15:47.146, 10209913901653, vstest.console.dll, TcpClientExtensions.MessageLoopAsync: Polling on remoteEndPoint: 127.0.0.1:4489 localEndPoint: 127.0.0.1:4488
TpTrace Verbose: 0 : 17212, 10, 2022/09/27, 17:15:47.147, 10209913915410, vstest.console.dll, TcpClientExtensions.MessageLoopAsync: NotifyDataAvailable remoteEndPoint: 127.0.0.1:4489 localEndPoint: 127.0.0.1:4488
TpTrace Verbose: 0 : 17212, 10, 2022/09/27, 17:15:47.148, 10209913916914, vstest.console.dll, TestRequestSender.OnExecutionMessageReceived: Received message: {"Version":7,"MessageType":"TestSession.Message","Payload":{"MessageLevel":0,"Message":"[xUnit.net 00:00:00.43]   Starting:    KMB.Library.Units.Tests"}}
TpTrace Verbose: 0 : 17212, 10, 2022/09/27, 17:15:47.148, 10209913918178, vstest.console.dll, TestRunRequest:SendTestRunMessage: Starting.
TpTrace Verbose: 0 : 17212, 10, 2022/09/27, 17:15:47.148, 10209913918869, vstest.console.dll, MulticastDelegateUtilities.SafeInvoke: TestRun.LogMessages: Invoking callback 1/1 for Microsoft.VisualStudio.TestPlatform.CommandLine.TestRunResultAggregator.TestRunMessageHandler, took 0 ms.
TpTrace Verbose: 0 : 17212, 4, 2022/09/27, 17:15:47.148, 10209913919144, vstest.console.dll, MulticastDelegateUtilities.SafeInvoke: InternalTestLoggerEvents.SendTestRunMessage: Invoking callback 1/1 for Microsoft.VisualStudio.TestPlatform.CommandLine.Internal.ConsoleLogger.TestMessageHandler, took 0 ms.
TpTrace Information: 0 : 17212, 10, 2022/09/27, 17:15:47.148, 10209913919297, vstest.console.dll, TestRunRequest:SendTestRunMessage: Completed.
TpTrace Verbose: 0 : 17212, 10, 2022/09/27, 17:15:47.148, 10209913920514, vstest.console.dll, MulticastDelegateUtilities.SafeInvoke: LengthPrefixCommunicationChannel: MessageReceived: Invoking callback 1/1 for Microsoft.VisualStudio.TestPlatform.CommunicationUtilities.TestRequestSender+<>c__DisplayClass31_0.<StartTestRun>b__1, took 0 ms.
TpTrace Verbose: 0 : 17212, 10, 2022/09/27, 17:15:47.148, 10209913921012, vstest.console.dll, TcpClientExtensions.MessageLoopAsync: Polling on remoteEndPoint: 127.0.0.1:4489 localEndPoint: 127.0.0.1:4488
TpTrace Verbose: 0 : 17212, 10, 2022/09/27, 17:15:47.311, 10209915550842, vstest.console.dll, TcpClientExtensions.MessageLoopAsync: NotifyDataAvailable remoteEndPoint: 127.0.0.1:4489 localEndPoint: 127.0.0.1:4488
TpTrace Verbose: 0 : 17212, 10, 2022/09/27, 17:15:47.311, 10209915554088, vstest.console.dll, TestRequestSender.OnExecutionMessageReceived: Received message: {"Version":7,"MessageType":"TestExecution.StatsChange","Payload":{"NewTestResults":[{"TestCase":{"Id":"1d694b7a-0608-54fe-4abb-e1df56a58159","FullyQualifiedName":"UnitTests.Heat.TemperatureChangeTests.Temperature_Change_Tests","DisplayName":"UnitTests.Heat.TemperatureChangeTests.Temperature_Change_Tests","ExecutorUri":"executor://xunit/VsTestRunner2/netcoreapp","Source":"D:\\Develop\\PhysicsUnits\\Units\\KMB.Library.Units.Tests\\bin\\Debug\\net6.0\\fine-code-coverage\\build-output\\KMB.Library.Units.Tests.dll","CodeFilePath":null,"LineNumber":0,"Properties":[{"Key":{"Id":"TestObject.Traits","Label":"Traits","Category":"","Description":"","Attributes":5,"ValueType":"System.Collections.Generic.KeyValuePair`2[[System.String],[System.String]][]"},"Value":[{"Key":"Category","Value":"TemperatureChange"}]}]},"Attachments":[],"Outcome":1,"ErrorMessage":null,"ErrorStackTrace":null,"DisplayName":"UnitTests.Heat.TemperatureChangeTests.Temperature_Change_Tests","Messages":[],"ComputerName":"SIMONQC","Duration":"00:00:00.0114949","StartTime":"2022-09-27T16:15:47.2476304+00:00","EndTime":"2022-09-27T16:15:47.2476504+00:00","Properties":[]},{"TestCase":{"Id":"29d7fd30-f8a8-4930-b6ae-5b13f88aef56","FullyQualifiedName":"UnitTests.Fundamental.Measures.DensityTests.Density_Tests","DisplayName":"UnitTests.Fundamental.Measures.DensityTests.Density_Tests","ExecutorUri":"executor://xunit/VsTestRunner2/netcoreapp","Source":"D:\\Develop\\PhysicsUnits\\Units\\KMB.Library.Units.Tests\\bin\\Debug\\net6.0\\fine-code-coverage\\build-output\\KMB.Library.Units.Tests.dll","CodeFilePath":null,"LineNumber":0,"Properties":[{"Key":{"Id":"TestObject.Traits","Label":"Traits","Category":"","Description":"","Attributes":5,"ValueType":"System.Collections.Generic.KeyValuePair`2[[System.String],[System.String]][]"},"Value":[{"Key":"Category","Value":"Density"}]}]},"Attachments":[],"Outcome":1,"ErrorMessage":null,"ErrorStackTrace":null,"DisplayName":"UnitTests.Fundamental.Measures.DensityTests.Density_Tests","Messages":[],"ComputerName":"SIMONQC","Duration":"00:00:00.0106045","StartTime":"2022-09-27T16:15:47.2630785+00:00","EndTime":"2022-09-27T16:15:47.2630786+00:00","Properties":[]},{"TestCase":{"Id":"943ad9ae-3b0a-afcc-8bc7-386c04af25ac","FullyQualifiedName":"UnitTests.Fundamental.Dynamics.CricketBallTests.CricketBall_Tests","DisplayName":"UnitTests.Fundamental.Dynamics.CricketBallTests.CricketBall_Tests","ExecutorUri":"executor://xunit/VsTestRunner2/netcoreapp","Source":"D:\\Develop\\PhysicsUnits\\Units\\KMB.Library.Units.Tests\\bin\\Debug\\net6.0\\fine-code-coverage\\build-output\\KMB.Library.Units.Tests.dll","CodeFilePath":null,"LineNumber":0,"Properties":[{"Key":{"Id":"TestObject.Traits","Label":"Traits","Category":"","Description":"","Attributes":5,"ValueType":"System.Collections.Generic.KeyValuePair`2[[System.String],[System.String]][]"},"Value":[{"Key":"Category","Value":"CricketBall"}]}]},"Attachments":[],"Outcome":1,"ErrorMessage":null,"ErrorStackTrace":null,"DisplayName":"UnitTests.Fundamental.Dynamics.CricketBallTests.CricketBall_Tests","Messages":[],"ComputerName":"SIMONQC","Duration":"00:00:00.0103442","StartTime":"2022-09-27T16:15:47.2753398+00:00","EndTime":"2022-09-27T16:15:47.2753399+00:00","Properties":[]},{"TestCase":{"Id":"96642a7d-0548-a61e-3388-477c58b20f02","FullyQualifiedName":"UnitTests.Fundamental.Measures.VolumeTests.Volume_Tests","DisplayName":"UnitTests.Fundamental.Measures.VolumeTests.Volume_Tests","ExecutorUri":"executor://xunit/VsTestRunner2/netcoreapp","Source":"D:\\Develop\\PhysicsUnits\\Units\\KMB.Library.Units.Tests\\bin\\Debug\\net6.0\\fine-code-coverage\\build-output\\KMB.Library.Units.Tests.dll","CodeFilePath":null,"LineNumber":0,"Properties":[{"Key":{"Id":"TestObject.Traits","Label":"Traits","Category":"","Description":"","Attributes":5,"ValueType":"System.Collections.Generic.KeyValuePair`2[[System.String],[System.String]][]"},"Value":[{"Key":"Category","Value":"Volume"}]}]},"Attachments":[],"Outcome":1,"ErrorMessage":null,"ErrorStackTrace":null,"DisplayName":"UnitTests.Fundamental.Measures.VolumeTests.Volume_Tests","Messages":[],"ComputerName":"SIMONQC","Duration":"00:00:00.0105778","StartTime":"2022-09-27T16:15:47.2768586+00:00","EndTime":"2022-09-27T16:15:47.2768587+00:00","Properties":[]},{"TestCase":{"Id":"d7dca9f4-ee3e-d20d-9fec-81bd05e4f45e","FullyQualifiedName":"UnitTests.ElectricityAndMagnetism.ResistanceTests.Resistance_Tests","DisplayName":"UnitTests.ElectricityAndMagnetism.ResistanceTests.Resistance_Tests","ExecutorUri":"executor://xunit/VsTestRunner2/netcoreapp","Source":"D:\\Develop\\PhysicsUnits\\Units\\KMB.Library.Units.Tests\\bin\\Debug\\net6.0\\fine-code-coverage\\build-output\\KMB.Library.Units.Tests.dll","CodeFilePath":null,"LineNumber":0,"Properties":[{"Key":{"Id":"TestObject.Traits","Label":"Traits","Category":"","Description":"","Attributes":5,"ValueType":"System.Collections.Generic.KeyValuePair`2[[System.String],[System.String]][]"},"Value":[{"Key":"Category","Value":"Resistance"}]}]},"Attachments":[],"Outcome":1,"ErrorMessage":null,"ErrorStackTrace":null,"DisplayName":"UnitTests.ElectricityAndMagnetism.ResistanceTests.Resistance_Tests","Messages":[],"ComputerName":"SIMONQC","Duration":"00:00:00.0013186","StartTime":"2022-09-27T16:15:47.2837223+00:00","EndTime":"2022-09-27T16:15:47.2837225+00:00","Properties":[]},{"TestCase":{"Id":"669a0f9f-526b-0fbf-15de-be11bbf8635b","FullyQualifiedName":"UnitTests.Fundamental.Dynamics.MomentumTests.Momentum_Tests","DisplayName":"UnitTests.Fundamental.Dynamics.MomentumTests.Momentum_Tests","ExecutorUri":"executor://xunit/VsTestRunner2/netcoreapp","Source":"D:\\Develop\\PhysicsUnits\\Units\\KMB.Library.Units.Tests\\bin\\Debug\\net6.0\\fine-code-coverage\\build-output\\KMB.Library.Units.Tests.dll","CodeFilePath":null,"LineNumber":0,"Properties":[{"Key":{"Id":"TestObject.Traits","Label":"Traits","Category":"","Description":"","Attributes":5,"ValueType":"System.Collections.Generic.KeyValuePair`2[[System.String],[System.String]][]"},"Value":[{"Key":"Category","Value":"Momentum"}]}]},"Attachments":[],"Outcome":1,"ErrorMessage":null,"ErrorStackTrace":null,"DisplayName":"UnitTests.Fundamental.Dynamics.MomentumTests.Momentum_Tests","Messages":[],"ComputerName":"SIMONQC","Duration":"00:00:00.0004676","StartTime":"2022-09-27T16:15:47.2863463+00:00","EndTime":"2022-09-27T16:15:47.2863464+00:00","Properties":[]}],"TestRunStatistics":{"ExecutedTests":6,"Stats":{"Passed":6}},"ActiveTests":[{"Id":"d9e7c692-527e-ad3f-ddf0-ccbde656fa26","FullyQualifiedName":"UnitTests.Fundamental.Measures.ParsingTests.Parsing_Tests","DisplayName":"UnitTests.Fundamental.Measures.ParsingTests.Parsing_Tests","ExecutorUri":"executor://xunit/VsTestRunner2/netcoreapp","Source":"D:\\Develop\\PhysicsUnits\\Units\\KMB.Library.Units.Tests\\bin\\Debug\\net6.0\\fine-code-coverage\\build-output\\KMB.Library.Units.Tests.dll","CodeFilePath":null,"LineNumber":0,"Properties":[{"Key":{"Id":"TestObject.Traits","Label":"Traits","Category":"","Description":"","Attributes":5,"ValueType":"System.Collections.Generic.KeyValuePair`2[[System.String],[System.String]][]"},"Value":[{"Key":"Category","Value":"Parsing"}]}]},{"Id":"f9c4c592-bc34-6d00-82a5-6da2fb06ada8","FullyQualifiedName":"UnitTests.Fundamental.Measures.BritishUnitsTests.BritishUnits_Tests","DisplayName":"UnitTests.Fundamental.Measures.BritishUnitsTests.BritishUnits_Tests","ExecutorUri":"executor://xunit/VsTestRunner2/netcoreapp","Source":"D:\\Develop\\PhysicsUnits\\Units\\KMB.Library.Units.Tests\\bin\\Debug\\net6.0\\fine-code-coverage\\build-output\\KMB.Library.Units.Tests.dll","CodeFilePath":null,"LineNumber":0,"Properties":[{"Key":{"Id":"TestObject.Traits","Label":"Traits","Category":"","Description":"","Attributes":5,"ValueType":"System.Collections.Generic.KeyValuePair`2[[System.String],[System.String]][]"},"Value":[{"Key":"Category","Value":"BritishUnits"}]}]},{"Id":"c54e7703-0686-9b97-60f4-b4294cbc6a98","FullyQualifiedName":"UnitTests.Fundamental.Dimensions.DimensionsTests.Resistivity_Tests","DisplayName":"UnitTests.Fundamental.Dimensions.DimensionsTests.Resistivity_Tests","ExecutorUri":"executor://xunit/VsTestRunner2/netcoreapp","Source":"D:\\Develop\\PhysicsUnits\\Units\\KMB.Library.Units.Tests\\bin\\Debug\\net6.0\\fine-code-coverage\\build-output\\KMB.Library.Units.Tests.dll","CodeFilePath":null,"LineNumber":0,"Properties":[{"Key":{"Id":"TestObject.Traits","Label":"Traits","Category":"","Description":"","Attributes":5,"ValueType":"System.Collections.Generic.KeyValuePair`2[[System.String],[System.String]][]"},"Value":[{"Key":"Category","Value":"Dimensions"}]}]},{"Id":"33c025e4-0b7a-3b08-6541-7240cd710cfd","FullyQualifiedName":"UnitTests.Fundamental.Dimensions.DimensionlessTests.Dimensionless_Tests","DisplayName":"UnitTests.Fundamental.Dimensions.DimensionlessTests.Dimensionless_Tests","ExecutorUri":"executor://xunit/VsTestRunner2/netcoreapp","Source":"D:\\Develop\\PhysicsUnits\\Units\\KMB.Library.Units.Tests\\bin\\Debug\\net6.0\\fine-code-coverage\\build-output\\KMB.Library.Units.Tests.dll","CodeFilePath":null,"LineNumber":0,"Properties":[{"Key":{"Id":"TestObject.Traits","Label":"Traits","Category":"","Description":"","Attributes":5,"ValueType":"System.Collections.Generic.KeyValuePair`2[[System.String],[System.String]][]"},"Value":[{"Key":"Category","Value":"Dimensionless"}]}]}]}}
TpTrace Verbose: 0 : 17212, 10, 2022/09/27, 17:15:47.364, 10209916078108, vstest.console.dll, TestRunRequest:SendTestRunStatsChange: Starting.
TpTrace Verbose: 0 : 17212, 10, 2022/09/27, 17:15:47.364, 10209916080180, vstest.console.dll, InProgress is UnitTests.Fundamental.Measures.ParsingTests.Parsing_Tests
TpTrace Verbose: 0 : 17212, 10, 2022/09/27, 17:15:47.364, 10209916080961, vstest.console.dll, InProgress is UnitTests.Fundamental.Measures.BritishUnitsTests.BritishUnits_Tests
TpTrace Verbose: 0 : 17212, 10, 2022/09/27, 17:15:47.364, 10209916081408, vstest.console.dll, InProgress is UnitTests.Fundamental.Dimensions.DimensionsTests.Resistivity_Tests
TpTrace Verbose: 0 : 17212, 10, 2022/09/27, 17:15:47.364, 10209916081902, vstest.console.dll, InProgress is UnitTests.Fundamental.Dimensions.DimensionlessTests.Dimensionless_Tests
TpTrace Verbose: 0 : 17212, 10, 2022/09/27, 17:15:47.364, 10209916084707, vstest.console.dll, MulticastDelegateUtilities.SafeInvoke: TestRun.RunStatsChanged: Invoking callbacks was skipped because there are no subscribers.
TpTrace Information: 0 : 17212, 10, 2022/09/27, 17:15:47.364, 10209916086075, vstest.console.dll, TestRunRequest:SendTestRunStatsChange: Completed.
TpTrace Verbose: 0 : 17212, 10, 2022/09/27, 17:15:47.365, 10209916088973, vstest.console.dll, MulticastDelegateUtilities.SafeInvoke: LengthPrefixCommunicationChannel: MessageReceived: Invoking callback 1/1 for Microsoft.VisualStudio.TestPlatform.CommunicationUtilities.TestRequestSender+<>c__DisplayClass31_0.<StartTestRun>b__1, took 53 ms.
TpTrace Verbose: 0 : 17212, 10, 2022/09/27, 17:15:47.367, 10209916108463, vstest.console.dll, TcpClientExtensions.MessageLoopAsync: Polling on remoteEndPoint: 127.0.0.1:4489 localEndPoint: 127.0.0.1:4488
TpTrace Verbose: 0 : 17212, 10, 2022/09/27, 17:15:47.367, 10209916109245, vstest.console.dll, TcpClientExtensions.MessageLoopAsync: NotifyDataAvailable remoteEndPoint: 127.0.0.1:4489 localEndPoint: 127.0.0.1:4488
TpTrace Verbose: 0 : 17212, 4, 2022/09/27, 17:15:47.367, 10209916107794, vstest.console.dll, MulticastDelegateUtilities.SafeInvoke: InternalTestLoggerEvents.SendTestResult: Invoking callback 1/1 for Microsoft.VisualStudio.TestPlatform.CommandLine.Internal.ConsoleLogger.TestResultHandler, took 2 ms.
TpTrace Verbose: 0 : 17212, 4, 2022/09/27, 17:15:47.373, 10209916169708, vstest.console.dll, MulticastDelegateUtilities.SafeInvoke: InternalTestLoggerEvents.SendTestResult: Invoking callback 1/1 for Microsoft.VisualStudio.TestPlatform.CommandLine.Internal.ConsoleLogger.TestResultHandler, took 0 ms.
TpTrace Verbose: 0 : 17212, 4, 2022/09/27, 17:15:47.373, 10209916173461, vstest.console.dll, MulticastDelegateUtilities.SafeInvoke: InternalTestLoggerEvents.SendTestResult: Invoking callback 1/1 for Microsoft.VisualStudio.TestPlatform.CommandLine.Internal.ConsoleLogger.TestResultHandler, took 0 ms.
TpTrace Verbose: 0 : 17212, 4, 2022/09/27, 17:15:47.373, 10209916174684, vstest.console.dll, MulticastDelegateUtilities.SafeInvoke: InternalTestLoggerEvents.SendTestResult: Invoking callback 1/1 for Microsoft.VisualStudio.TestPlatform.CommandLine.Internal.ConsoleLogger.TestResultHandler, took 0 ms.
TpTrace Verbose: 0 : 17212, 4, 2022/09/27, 17:15:47.373, 10209916175695, vstest.console.dll, MulticastDelegateUtilities.SafeInvoke: InternalTestLoggerEvents.SendTestResult: Invoking callback 1/1 for Microsoft.VisualStudio.TestPlatform.CommandLine.Internal.ConsoleLogger.TestResultHandler, took 0 ms.
TpTrace Verbose: 0 : 17212, 4, 2022/09/27, 17:15:47.373, 10209916176673, vstest.console.dll, MulticastDelegateUtilities.SafeInvoke: InternalTestLoggerEvents.SendTestResult: Invoking callback 1/1 for Microsoft.VisualStudio.TestPlatform.CommandLine.Internal.ConsoleLogger.TestResultHandler, took 0 ms.
TpTrace Verbose: 0 : 17212, 10, 2022/09/27, 17:15:47.372, 10209916164213, vstest.console.dll, TestRequestSender.OnExecutionMessageReceived: Received message: {"Version":7,"MessageType":"TestExecution.StatsChange","Payload":{"NewTestResults":[{"TestCase":{"Id":"c54e7703-0686-9b97-60f4-b4294cbc6a98","FullyQualifiedName":"UnitTests.Fundamental.Dimensions.DimensionsTests.Resistivity_Tests","DisplayName":"UnitTests.Fundamental.Dimensions.DimensionsTests.Resistivity_Tests","ExecutorUri":"executor://xunit/VsTestRunner2/netcoreapp","Source":"D:\\Develop\\PhysicsUnits\\Units\\KMB.Library.Units.Tests\\bin\\Debug\\net6.0\\fine-code-coverage\\build-output\\KMB.Library.Units.Tests.dll","CodeFilePath":null,"LineNumber":0,"Properties":[{"Key":{"Id":"TestObject.Traits","Label":"Traits","Category":"","Description":"","Attributes":5,"ValueType":"System.Collections.Generic.KeyValuePair`2[[System.String],[System.String]][]"},"Value":[{"Key":"Category","Value":"Dimensions"}]}]},"Attachments":[],"Outcome":1,"ErrorMessage":null,"ErrorStackTrace":null,"DisplayName":"UnitTests.Fundamental.Dimensions.DimensionsTests.Resistivity_Tests","Messages":[],"ComputerName":"SIMONQC","Duration":"00:00:00.0042899","StartTime":"2022-09-27T16:15:47.3126424+00:00","EndTime":"2022-09-27T16:15:47.3126426+00:00","Properties":[]},{"TestCase":{"Id":"06c2b8f8-4eae-d8a5-0a5a-2a7b7ba6583f","FullyQualifiedName":"UnitTests.Fundamental.Dimensions.DimensionsTests.Pressure_Tests","DisplayName":"UnitTests.Fundamental.Dimensions.DimensionsTests.Pressure_Tests","ExecutorUri":"executor://xunit/VsTestRunner2/netcoreapp","Source":"D:\\Develop\\PhysicsUnits\\Units\\KMB.Library.Units.Tests\\bin\\Debug\\net6.0\\fine-code-coverage\\build-output\\KMB.Library.Units.Tests.dll","CodeFilePath":null,"LineNumber":0,"Properties":[{"Key":{"Id":"TestObject.Traits","Label":"Traits","Category":"","Description":"","Attributes":5,"ValueType":"System.Collections.Generic.KeyValuePair`2[[System.String],[System.String]][]"},"Value":[{"Key":"Category","Value":"Dimensions"}]}]},"Attachments":[],"Outcome":1,"ErrorMessage":null,"ErrorStackTrace":null,"DisplayName":"UnitTests.Fundamental.Dimensions.DimensionsTests.Pressure_Tests","Messages":[],"ComputerName":"SIMONQC","Duration":"00:00:00.0001752","StartTime":"2022-09-27T16:15:47.3155587+00:00","EndTime":"2022-09-27T16:15:47.3155589+00:00","Properties":[]},{"TestCase":{"Id":"f263ffa8-ff53-5719-8349-904480ae14bd","FullyQualifiedName":"UnitTests.Heat.ThermalExpansionTests.ThermalExpansion_Tests","DisplayName":"UnitTests.Heat.ThermalExpansionTests.ThermalExpansion_Tests","ExecutorUri":"executor://xunit/VsTestRunner2/netcoreapp","Source":"D:\\Develop\\PhysicsUnits\\Units\\KMB.Library.Units.Tests\\bin\\Debug\\net6.0\\fine-code-coverage\\build-output\\KMB.Library.Units.Tests.dll","CodeFilePath":null,"LineNumber":0,"Properties":[{"Key":{"Id":"TestObject.Traits","Label":"Traits","Category":"","Description":"","Attributes":5,"ValueType":"System.Collections.Generic.KeyValuePair`2[[System.String],[System.String]][]"},"Value":[{"Key":"Category","Value":"ThermalExpansion"}]}]},"Attachments":[],"Outcome":1,"ErrorMessage":null,"ErrorStackTrace":null,"DisplayName":"UnitTests.Heat.ThermalExpansionTests.ThermalExpansion_Tests","Messages":[],"ComputerName":"SIMONQC","Duration":"00:00:00.0000853","StartTime":"2022-09-27T16:15:47.3185915+00:00","EndTime":"2022-09-27T16:15:47.3185917+00:00","Properties":[]},{"TestCase":{"Id":"e33fd0a5-cfa5-1d9f-185a-edc67be83b69","FullyQualifiedName":"UnitTests.Fundamental.Measures.DoubleTests.Double_Tests","DisplayName":"UnitTests.Fundamental.Measures.DoubleTests.Double_Tests","ExecutorUri":"executor://xunit/VsTestRunner2/netcoreapp","Source":"D:\\Develop\\PhysicsUnits\\Units\\KMB.Library.Units.Tests\\bin\\Debug\\net6.0\\fine-code-coverage\\build-output\\KMB.Library.Units.Tests.dll","CodeFilePath":null,"LineNumber":0,"Properties":[{"Key":{"Id":"TestObject.Traits","Label":"Traits","Category":"","Description":"","Attributes":5,"ValueType":"System.Collections.Generic.KeyValuePair`2[[System.String],[System.String]][]"},"Value":[{"Key":"Category","Value":"Double"}]}]},"Attachments":[],"Outcome":1,"ErrorMessage":null,"ErrorStackTrace":null,"DisplayName":"UnitTests.Fundamental.Measures.DoubleTests.Double_Tests","Messages":[],"ComputerName":"SIMONQC","Duration":"00:00:00.0001018","StartTime":"2022-09-27T16:15:47.3211758+00:00","EndTime":"2022-09-27T16:15:47.3211759+00:00","Properties":[]},{"TestCase":{"Id":"33c025e4-0b7a-3b08-6541-7240cd710cfd","FullyQualifiedName":"UnitTests.Fundamental.Dimensions.DimensionlessTests.Dimensionless_Tests","DisplayName":"UnitTests.Fundamental.Dimensions.DimensionlessTests.Dimensionless_Tests","ExecutorUri":"executor://xunit/VsTestRunner2/netcoreapp","Source":"D:\\Develop\\PhysicsUnits\\Units\\KMB.Library.Units.Tests\\bin\\Debug\\net6.0\\fine-code-coverage\\build-output\\KMB.Library.Units.Tests.dll","CodeFilePath":null,"LineNumber":0,"Properties":[{"Key":{"Id":"TestObject.Traits","Label":"Traits","Category":"","Description":"","Attributes":5,"ValueType":"System.Collections.Generic.KeyValuePair`2[[System.String],[System.String]][]"},"Value":[{"Key":"Category","Value":"Dimensionless"}]}]},"Attachments":[],"Outcome":1,"ErrorMessage":null,"ErrorStackTrace":null,"DisplayName":"UnitTests.Fundamental.Dimensions.DimensionlessTests.Dimensionless_Tests","Messages":[],"ComputerName":"SIMONQC","Duration":"00:00:00.0064683","StartTime":"2022-09-27T16:15:47.3239636+00:00","EndTime":"2022-09-27T16:15:47.3239638+00:00","Properties":[]},{"TestCase":{"Id":"fdfe605f-2f24-67d2-4856-fa9d0a34a0fd","FullyQualifiedName":"UnitTests.Heat.AbsoluteTemperatureTests.Absolute_Temperature_Tests","DisplayName":"UnitTests.Heat.AbsoluteTemperatureTests.Absolute_Temperature_Tests","ExecutorUri":"executor://xunit/VsTestRunner2/netcoreapp","Source":"D:\\Develop\\PhysicsUnits\\Units\\KMB.Library.Units.Tests\\bin\\Debug\\net6.0\\fine-code-coverage\\build-output\\KMB.Library.Units.Tests.dll","CodeFilePath":null,"LineNumber":0,"Properties":[{"Key":{"Id":"TestObject.Traits","Label":"Traits","Category":"","Description":"","Attributes":5,"ValueType":"System.Collections.Generic.KeyValuePair`2[[System.String],[System.String]][]"},"Value":[{"Key":"Category","Value":"AbsoluteTemperature"}]}]},"Attachments":[],"Outcome":1,"ErrorMessage":null,"ErrorStackTrace":null,"DisplayName":"UnitTests.Heat.AbsoluteTemperatureTests.Absolute_Temperature_Tests","Messages":[],"ComputerName":"SIMONQC","Duration":"00:00:00.0027154","StartTime":"2022-09-27T16:15:47.3266627+00:00","EndTime":"2022-09-27T16:15:47.3266629+00:00","Properties":[]},{"TestCase":{"Id":"f9c4c592-bc34-6d00-82a5-6da2fb06ada8","FullyQualifiedName":"UnitTests.Fundamental.Measures.BritishUnitsTests.BritishUnits_Tests","DisplayName":"UnitTests.Fundamental.Measures.BritishUnitsTests.BritishUnits_Tests","ExecutorUri":"executor://xunit/VsTestRunner2/netcoreapp","Source":"D:\\Develop\\PhysicsUnits\\Units\\KMB.Library.Units.Tests\\bin\\Debug\\net6.0\\fine-code-coverage\\build-output\\KMB.Library.Units.Tests.dll","CodeFilePath":null,"LineNumber":0,"Properties":[{"Key":{"Id":"TestObject.Traits","Label":"Traits","Category":"","Description":"","Attributes":5,"ValueType":"System.Collections.Generic.KeyValuePair`2[[System.String],[System.String]][]"},"Value":[{"Key":"Category","Value":"BritishUnits"}]}]},"Attachments":[],"Outcome":1,"ErrorMessage":null,"ErrorStackTrace":null,"DisplayName":"UnitTests.Fundamental.Measures.BritishUnitsTests.BritishUnits_Tests","Messages":[],"ComputerName":"SIMONQC","Duration":"00:00:00.0183129","StartTime":"2022-09-27T16:15:47.3291134+00:00","EndTime":"2022-09-27T16:15:47.3291136+00:00","Properties":[]},{"TestCase":{"Id":"b05b4f7c-066b-c9ad-1336-61ce3f3cce18","FullyQualifiedName":"UnitTests.Fundamental.Measures.PhysicalQuantityTests.PhysicalQuantity_Tests","DisplayName":"UnitTests.Fundamental.Measures.PhysicalQuantityTests.PhysicalQuantity_Tests","ExecutorUri":"executor://xunit/VsTestRunner2/netcoreapp","Source":"D:\\Develop\\PhysicsUnits\\Units\\KMB.Library.Units.Tests\\bin\\Debug\\net6.0\\fine-code-coverage\\build-output\\KMB.Library.Units.Tests.dll","CodeFilePath":null,"LineNumber":0,"Properties":[{"Key":{"Id":"TestObject.Traits","Label":"Traits","Category":"","Description":"","Attributes":5,"ValueType":"System.Collections.Generic.KeyValuePair`2[[System.String],[System.String]][]"},"Value":[{"Key":"Category","Value":"PhysicalQuantity"}]}]},"Attachments":[],"Outcome":1,"ErrorMessage":null,"ErrorStackTrace":null,"DisplayName":"UnitTests.Fundamental.Measures.PhysicalQuantityTests.PhysicalQuantity_Tests","Messages":[],"ComputerName":"SIMONQC","Duration":"00:00:00.0127161","StartTime":"2022-09-27T16:15:47.3303531+00:00","EndTime":"2022-09-27T16:15:47.3303532+00:00","Properties":[]}],"TestRunStatistics":{"ExecutedTests":14,"Stats":{"Passed":14}},"ActiveTests":[{"Id":"966735b0-446c-c4c9-4ee4-5ce2320688c0","FullyQualifiedName":"UnitTests.Fundamental.Dynamics.RocketTests.Rocket_Doubles_Tests","DisplayName":"UnitTests.Fundamental.Dynamics.RocketTests.Rocket_Doubles_Tests","ExecutorUri":"executor://xunit/VsTestRunner2/netcoreapp","Source":"D:\\Develop\\PhysicsUnits\\Units\\KMB.Library.Units.Tests\\bin\\Debug\\net6.0\\fine-code-coverage\\build-output\\KMB.Library.Units.Tests.dll","CodeFilePath":null,"LineNumber":0,"Properties":[{"Key":{"Id":"TestObject.Traits","Label":"Traits","Category":"","Description":"","Attributes":5,"ValueType":"System.Collections.Generic.KeyValuePair`2[[System.String],[System.String]][]"},"Value":[{"Key":"Category","Value":"Rocket"}]}]},{"Id":"9ed319a6-ebc2-b5de-6862-618baa4b300b","FullyQualifiedName":"UnitTests.Fundamental.Dynamics.VelocityTests.Velocity_Tests","DisplayName":"UnitTests.Fundamental.Dynamics.VelocityTests.Velocity_Tests","ExecutorUri":"executor://xunit/VsTestRunner2/netcoreapp","Source":"D:\\Develop\\PhysicsUnits\\Units\\KMB.Library.Units.Tests\\bin\\Debug\\net6.0\\fine-code-coverage\\build-output\\KMB.Library.Units.Tests.dll","CodeFilePath":null,"LineNumber":0,"Properties":[{"Key":{"Id":"TestObject.Traits","Label":"Traits","Category":"","Description":"","Attributes":5,"ValueType":"System.Collections.Generic.KeyValuePair`2[[System.String],[System.String]][]"},"Value":[{"Key":"Category","Value":"Velocity"}]}]}]}}
TpTrace Verbose: 0 : 17212, 10, 2022/09/27, 17:15:47.376, 10209916200653, vstest.console.dll, TestRunRequest:SendTestRunStatsChange: Starting.
TpTrace Verbose: 0 : 17212, 10, 2022/09/27, 17:15:47.376, 10209916201811, vstest.console.dll, InProgress is UnitTests.Fundamental.Dynamics.RocketTests.Rocket_Doubles_Tests
TpTrace Verbose: 0 : 17212, 10, 2022/09/27, 17:15:47.376, 10209916202661, vstest.console.dll, InProgress is UnitTests.Fundamental.Dynamics.VelocityTests.Velocity_Tests
TpTrace Verbose: 0 : 17212, 10, 2022/09/27, 17:15:47.376, 10209916203781, vstest.console.dll, MulticastDelegateUtilities.SafeInvoke: TestRun.RunStatsChanged: Invoking callbacks was skipped because there are no subscribers.
TpTrace Information: 0 : 17212, 10, 2022/09/27, 17:15:47.376, 10209916204982, vstest.console.dll, TestRunRequest:SendTestRunStatsChange: Completed.
TpTrace Verbose: 0 : 17212, 10, 2022/09/27, 17:15:47.376, 10209916205533, vstest.console.dll, MulticastDelegateUtilities.SafeInvoke: LengthPrefixCommunicationChannel: MessageReceived: Invoking callback 1/1 for Microsoft.VisualStudio.TestPlatform.CommunicationUtilities.TestRequestSender+<>c__DisplayClass31_0.<StartTestRun>b__1, took 4 ms.
TpTrace Verbose: 0 : 17212, 4, 2022/09/27, 17:15:47.376, 10209916205847, vstest.console.dll, MulticastDelegateUtilities.SafeInvoke: InternalTestLoggerEvents.SendTestResult: Invoking callback 1/1 for Microsoft.VisualStudio.TestPlatform.CommandLine.Internal.ConsoleLogger.TestResultHandler, took 0 ms.
TpTrace Verbose: 0 : 17212, 10, 2022/09/27, 17:15:47.376, 10209916206345, vstest.console.dll, TcpClientExtensions.MessageLoopAsync: Polling on remoteEndPoint: 127.0.0.1:4489 localEndPoint: 127.0.0.1:4488
TpTrace Verbose: 0 : 17212, 4, 2022/09/27, 17:15:47.377, 10209916207507, vstest.console.dll, MulticastDelegateUtilities.SafeInvoke: InternalTestLoggerEvents.SendTestResult: Invoking callback 1/1 for Microsoft.VisualStudio.TestPlatform.CommandLine.Internal.ConsoleLogger.TestResultHandler, took 0 ms.
TpTrace Verbose: 0 : 17212, 10, 2022/09/27, 17:15:47.377, 10209916207717, vstest.console.dll, TcpClientExtensions.MessageLoopAsync: NotifyDataAvailable remoteEndPoint: 127.0.0.1:4489 localEndPoint: 127.0.0.1:4488
TpTrace Verbose: 0 : 17212, 4, 2022/09/27, 17:15:47.377, 10209916208683, vstest.console.dll, MulticastDelegateUtilities.SafeInvoke: InternalTestLoggerEvents.SendTestResult: Invoking callback 1/1 for Microsoft.VisualStudio.TestPlatform.CommandLine.Internal.ConsoleLogger.TestResultHandler, took 0 ms.
TpTrace Verbose: 0 : 17212, 4, 2022/09/27, 17:15:47.377, 10209916209979, vstest.console.dll, MulticastDelegateUtilities.SafeInvoke: InternalTestLoggerEvents.SendTestResult: Invoking callback 1/1 for Microsoft.VisualStudio.TestPlatform.CommandLine.Internal.ConsoleLogger.TestResultHandler, took 0 ms.
TpTrace Verbose: 0 : 17212, 4, 2022/09/27, 17:15:47.377, 10209916210576, vstest.console.dll, MulticastDelegateUtilities.SafeInvoke: InternalTestLoggerEvents.SendTestResult: Invoking callback 1/1 for Microsoft.VisualStudio.TestPlatform.CommandLine.Internal.ConsoleLogger.TestResultHandler, took 0 ms.
TpTrace Verbose: 0 : 17212, 10, 2022/09/27, 17:15:47.378, 10209916218407, vstest.console.dll, TestRequestSender.OnExecutionMessageReceived: Received message: {"Version":7,"MessageType":"TestExecution.StatsChange","Payload":{"NewTestResults":[{"TestCase":{"Id":"9ed319a6-ebc2-b5de-6862-618baa4b300b","FullyQualifiedName":"UnitTests.Fundamental.Dynamics.VelocityTests.Velocity_Tests","DisplayName":"UnitTests.Fundamental.Dynamics.VelocityTests.Velocity_Tests","ExecutorUri":"executor://xunit/VsTestRunner2/netcoreapp","Source":"D:\\Develop\\PhysicsUnits\\Units\\KMB.Library.Units.Tests\\bin\\Debug\\net6.0\\fine-code-coverage\\build-output\\KMB.Library.Units.Tests.dll","CodeFilePath":null,"LineNumber":0,"Properties":[{"Key":{"Id":"TestObject.Traits","Label":"Traits","Category":"","Description":"","Attributes":5,"ValueType":"System.Collections.Generic.KeyValuePair`2[[System.String],[System.String]][]"},"Value":[{"Key":"Category","Value":"Velocity"}]}]},"Attachments":[],"Outcome":1,"ErrorMessage":null,"ErrorStackTrace":null,"DisplayName":"UnitTests.Fundamental.Dynamics.VelocityTests.Velocity_Tests","Messages":[],"ComputerName":"SIMONQC","Duration":"00:00:00.0009211","StartTime":"2022-09-27T16:15:47.3356819+00:00","EndTime":"2022-09-27T16:15:47.335682+00:00","Properties":[]},{"TestCase":{"Id":"850a9d18-0cc1-b165-9c01-44266ae488b8","FullyQualifiedName":"UnitTests.Fundamental.Dynamics.ForceTests.Force_Tests","DisplayName":"UnitTests.Fundamental.Dynamics.ForceTests.Force_Tests","ExecutorUri":"executor://xunit/VsTestRunner2/netcoreapp","Source":"D:\\Develop\\PhysicsUnits\\Units\\KMB.Library.Units.Tests\\bin\\Debug\\net6.0\\fine-code-coverage\\build-output\\KMB.Library.Units.Tests.dll","CodeFilePath":null,"LineNumber":0,"Properties":[{"Key":{"Id":"TestObject.Traits","Label":"Traits","Category":"","Description":"","Attributes":5,"ValueType":"System.Collections.Generic.KeyValuePair`2[[System.String],[System.String]][]"},"Value":[{"Key":"Category","Value":"Force"}]}]},"Attachments":[],"Outcome":1,"ErrorMessage":null,"ErrorStackTrace":null,"DisplayName":"UnitTests.Fundamental.Dynamics.ForceTests.Force_Tests","Messages":[],"ComputerName":"SIMONQC","Duration":"00:00:00.0017114","StartTime":"2022-09-27T16:15:47.3386029+00:00","EndTime":"2022-09-27T16:15:47.3386031+00:00","Properties":[]},{"TestCase":{"Id":"831cbea8-0807-fdda-8aab-19d1ae8d5950","FullyQualifiedName":"UnitTests.Fundamental.Dynamics.DynamicsTests.Dynamics_Train_Tests","DisplayName":"UnitTests.Fundamental.Dynamics.DynamicsTests.Dynamics_Train_Tests","ExecutorUri":"executor://xunit/VsTestRunner2/netcoreapp","Source":"D:\\Develop\\PhysicsUnits\\Units\\KMB.Library.Units.Tests\\bin\\Debug\\net6.0\\fine-code-coverage\\build-output\\KMB.Library.Units.Tests.dll","CodeFilePath":null,"LineNumber":0,"Properties":[{"Key":{"Id":"TestObject.Traits","Label":"Traits","Category":"","Description":"","Attributes":5,"ValueType":"System.Collections.Generic.KeyValuePair`2[[System.String],[System.String]][]"},"Value":[{"Key":"Category","Value":"Dynamics"}]}]},"Attachments":[],"Outcome":1,"ErrorMessage":null,"ErrorStackTrace":null,"DisplayName":"UnitTests.Fundamental.Dynamics.DynamicsTests.Dynamics_Train_Tests","Messages":[],"ComputerName":"SIMONQC","Duration":"00:00:00.0006026","StartTime":"2022-09-27T16:15:47.3409224+00:00","EndTime":"2022-09-27T16:15:47.3409225+00:00","Properties":[]},{"TestCase":{"Id":"887c2f62-9ecc-824d-8cf6-16d58a16787e","FullyQualifiedName":"UnitTests.Fundamental.Dynamics.DynamicsTests.Dynamics_Car_Tests","DisplayName":"UnitTests.Fundamental.Dynamics.DynamicsTests.Dynamics_Car_Tests","ExecutorUri":"executor://xunit/VsTestRunner2/netcoreapp","Source":"D:\\Develop\\PhysicsUnits\\Units\\KMB.Library.Units.Tests\\bin\\Debug\\net6.0\\fine-code-coverage\\build-output\\KMB.Library.Units.Tests.dll","CodeFilePath":null,"LineNumber":0,"Properties":[{"Key":{"Id":"TestObject.Traits","Label":"Traits","Category":"","Description":"","Attributes":5,"ValueType":"System.Collections.Generic.KeyValuePair`2[[System.String],[System.String]][]"},"Value":[{"Key":"Category","Value":"Dynamics"}]}]},"Attachments":[],"Outcome":1,"ErrorMessage":null,"ErrorStackTrace":null,"DisplayName":"UnitTests.Fundamental.Dynamics.DynamicsTests.Dynamics_Car_Tests","Messages":[],"ComputerName":"SIMONQC","Duration":"00:00:00.0004571","StartTime":"2022-09-27T16:15:47.3431548+00:00","EndTime":"2022-09-27T16:15:47.3431549+00:00","Properties":[]},{"TestCase":{"Id":"d9e7c692-527e-ad3f-ddf0-ccbde656fa26","FullyQualifiedName":"UnitTests.Fundamental.Measures.ParsingTests.Parsing_Tests","DisplayName":"UnitTests.Fundamental.Measures.ParsingTests.Parsing_Tests","ExecutorUri":"executor://xunit/VsTestRunner2/netcoreapp","Source":"D:\\Develop\\PhysicsUnits\\Units\\KMB.Library.Units.Tests\\bin\\Debug\\net6.0\\fine-code-coverage\\build-output\\KMB.Library.Units.Tests.dll","CodeFilePath":null,"LineNumber":0,"Properties":[{"Key":{"Id":"TestObject.Traits","Label":"Traits","Category":"","Description":"","Attributes":5,"ValueType":"System.Collections.Generic.KeyValuePair`2[[System.String],[System.String]][]"},"Value":[{"Key":"Category","Value":"Parsing"}]}]},"Attachments":[],"Outcome":1,"ErrorMessage":null,"ErrorStackTrace":null,"DisplayName":"UnitTests.Fundamental.Measures.ParsingTests.Parsing_Tests","Messages":[],"ComputerName":"SIMONQC","Duration":"00:00:00.0238453","StartTime":"2022-09-27T16:15:47.3458262+00:00","EndTime":"2022-09-27T16:15:47.3458264+00:00","Properties":[]},{"TestCase":{"Id":"3169a319-e6f9-88e2-02aa-647d0f7e36a3","FullyQualifiedName":"UnitTests.Fundamental.Measures.UnitsTests.Units_Tests","DisplayName":"UnitTests.Fundamental.Measures.UnitsTests.Units_Tests","ExecutorUri":"executor://xunit/VsTestRunner2/netcoreapp","Source":"D:\\Develop\\PhysicsUnits\\Units\\KMB.Library.Units.Tests\\bin\\Debug\\net6.0\\fine-code-coverage\\build-output\\KMB.Library.Units.Tests.dll","CodeFilePath":null,"LineNumber":0,"Properties":[{"Key":{"Id":"TestObject.Traits","Label":"Traits","Category":"","Description":"","Attributes":5,"ValueType":"System.Collections.Generic.KeyValuePair`2[[System.String],[System.String]][]"},"Value":[{"Key":"Category","Value":"Units"}]}]},"Attachments":[],"Outcome":1,"ErrorMessage":null,"ErrorStackTrace":null,"DisplayName":"UnitTests.Fundamental.Measures.UnitsTests.Units_Tests","Messages":[],"ComputerName":"SIMONQC","Duration":"00:00:00.0051770","StartTime":"2022-09-27T16:15:47.3514556+00:00","EndTime":"2022-09-27T16:15:47.3514557+00:00","Properties":[]},{"TestCase":{"Id":"dd43de23-8dd6-f57f-a253-2751246a615b","FullyQualifiedName":"UnitTests.Fundamental.Measures.PrefixTests.Prefix_Tests","DisplayName":"UnitTests.Fundamental.Measures.PrefixTests.Prefix_Tests","ExecutorUri":"executor://xunit/VsTestRunner2/netcoreapp","Source":"D:\\Develop\\PhysicsUnits\\Units\\KMB.Library.Units.Tests\\bin\\Debug\\net6.0\\fine-code-coverage\\build-output\\KMB.Library.Units.Tests.dll","CodeFilePath":null,"LineNumber":0,"Properties":[{"Key":{"Id":"TestObject.Traits","Label":"Traits","Category":"","Description":"","Attributes":5,"ValueType":"System.Collections.Generic.KeyValuePair`2[[System.String],[System.String]][]"},"Value":[{"Key":"Category","Value":"Prefix"}]}]},"Attachments":[],"Outcome":1,"ErrorMessage":null,"ErrorStackTrace":null,"DisplayName":"UnitTests.Fundamental.Measures.PrefixTests.Prefix_Tests","Messages":[],"ComputerName":"SIMONQC","Duration":"00:00:00.0007982","StartTime":"2022-09-27T16:15:47.3529556+00:00","EndTime":"2022-09-27T16:15:47.3529556+00:00","Properties":[]}],"TestRunStatistics":{"ExecutedTests":21,"Stats":{"Passed":21}},"ActiveTests":[{"Id":"e1826ff0-d262-3787-fe8b-9fb3870b2f31","FullyQualifiedName":"UnitTests.Fundamental.Measures.StringTests.Tonnes_Tests","DisplayName":"UnitTests.Fundamental.Measures.StringTests.Tonnes_Tests","ExecutorUri":"executor://xunit/VsTestRunner2/netcoreapp","Source":"D:\\Develop\\PhysicsUnits\\Units\\KMB.Library.Units.Tests\\bin\\Debug\\net6.0\\fine-code-coverage\\build-output\\KMB.Library.Units.Tests.dll","CodeFilePath":null,"LineNumber":0,"Properties":[{"Key":{"Id":"TestObject.Traits","Label":"Traits","Category":"","Description":"","Attributes":5,"ValueType":"System.Collections.Generic.KeyValuePair`2[[System.String],[System.String]][]"},"Value":[{"Key":"Category","Value":"String"}]}]},{"Id":"74599b73-9948-4608-3c9f-d605909b7c56","FullyQualifiedName":"UnitTests.ElectricityAndMagnetism.ResistivityTests.Resistivity_Tests","DisplayName":"UnitTests.ElectricityAndMagnetism.ResistivityTests.Resistivity_Tests","ExecutorUri":"executor://xunit/VsTestRunner2/netcoreapp","Source":"D:\\Develop\\PhysicsUnits\\Units\\KMB.Library.Units.Tests\\bin\\Debug\\net6.0\\fine-code-coverage\\build-output\\KMB.Library.Units.Tests.dll","CodeFilePath":null,"LineNumber":0,"Properties":[{"Key":{"Id":"TestObject.Traits","Label":"Traits","Category":"","Description":"","Attributes":5,"ValueType":"System.Collections.Generic.KeyValuePair`2[[System.String],[System.String]][]"},"Value":[{"Key":"Category","Value":"Resistivity"}]}]},{"Id":"4ae3181d-a64f-3ef2-5cd2-ad8001f54a2c","FullyQualifiedName":"UnitTests.Heat.CalorimetryTests.Calorimetry_Tests","DisplayName":"UnitTests.Heat.CalorimetryTests.Calorimetry_Tests","ExecutorUri":"executor://xunit/VsTestRunner2/netcoreapp","Source":"D:\\Develop\\PhysicsUnits\\Units\\KMB.Library.Units.Tests\\bin\\Debug\\net6.0\\fine-code-coverage\\build-output\\KMB.Library.Units.Tests.dll","CodeFilePath":null,"LineNumber":0,"Properties":[{"Key":{"Id":"TestObject.Traits","Label":"Traits","Category":"","Description":"","Attributes":5,"ValueType":"System.Collections.Generic.KeyValuePair`2[[System.String],[System.String]][]"},"Value":[{"Key":"Category","Value":"Calorimetry"}]}]}]}}
TpTrace Verbose: 0 : 17212, 4, 2022/09/27, 17:15:47.378, 10209916218658, vstest.console.dll, MulticastDelegateUtilities.SafeInvoke: InternalTestLoggerEvents.SendTestResult: Invoking callback 1/1 for Microsoft.VisualStudio.TestPlatform.CommandLine.Internal.ConsoleLogger.TestResultHandler, took 0 ms.
TpTrace Verbose: 0 : 17212, 4, 2022/09/27, 17:15:47.378, 10209916221650, vstest.console.dll, MulticastDelegateUtilities.SafeInvoke: InternalTestLoggerEvents.SendTestResult: Invoking callback 1/1 for Microsoft.VisualStudio.TestPlatform.CommandLine.Internal.ConsoleLogger.TestResultHandler, took 0 ms.
TpTrace Verbose: 0 : 17212, 4, 2022/09/27, 17:15:47.378, 10209916222642, vstest.console.dll, MulticastDelegateUtilities.SafeInvoke: InternalTestLoggerEvents.SendTestResult: Invoking callback 1/1 for Microsoft.VisualStudio.TestPlatform.CommandLine.Internal.ConsoleLogger.TestResultHandler, took 0 ms.
TpTrace Verbose: 0 : 17212, 10, 2022/09/27, 17:15:47.379, 10209916233471, vstest.console.dll, TestRunRequest:SendTestRunStatsChange: Starting.
TpTrace Verbose: 0 : 17212, 10, 2022/09/27, 17:15:47.379, 10209916234306, vstest.console.dll, InProgress is UnitTests.Fundamental.Measures.StringTests.Tonnes_Tests
TpTrace Verbose: 0 : 17212, 10, 2022/09/27, 17:15:47.379, 10209916234733, vstest.console.dll, InProgress is UnitTests.ElectricityAndMagnetism.ResistivityTests.Resistivity_Tests
TpTrace Verbose: 0 : 17212, 10, 2022/09/27, 17:15:47.379, 10209916235171, vstest.console.dll, InProgress is UnitTests.Heat.CalorimetryTests.Calorimetry_Tests
TpTrace Verbose: 0 : 17212, 10, 2022/09/27, 17:15:47.379, 10209916235811, vstest.console.dll, MulticastDelegateUtilities.SafeInvoke: TestRun.RunStatsChanged: Invoking callbacks was skipped because there are no subscribers.
TpTrace Information: 0 : 17212, 10, 2022/09/27, 17:15:47.379, 10209916236210, vstest.console.dll, TestRunRequest:SendTestRunStatsChange: Completed.
TpTrace Verbose: 0 : 17212, 10, 2022/09/27, 17:15:47.379, 10209916236661, vstest.console.dll, MulticastDelegateUtilities.SafeInvoke: LengthPrefixCommunicationChannel: MessageReceived: Invoking callback 1/1 for Microsoft.VisualStudio.TestPlatform.CommunicationUtilities.TestRequestSender+<>c__DisplayClass31_0.<StartTestRun>b__1, took 1 ms.
TpTrace Verbose: 0 : 17212, 10, 2022/09/27, 17:15:47.380, 10209916238252, vstest.console.dll, TcpClientExtensions.MessageLoopAsync: Polling on remoteEndPoint: 127.0.0.1:4489 localEndPoint: 127.0.0.1:4488
TpTrace Verbose: 0 : 17212, 10, 2022/09/27, 17:15:47.380, 10209916240187, vstest.console.dll, TcpClientExtensions.MessageLoopAsync: NotifyDataAvailable remoteEndPoint: 127.0.0.1:4489 localEndPoint: 127.0.0.1:4488
TpTrace Verbose: 0 : 17212, 10, 2022/09/27, 17:15:47.380, 10209916244112, vstest.console.dll, TestRequestSender.OnExecutionMessageReceived: Received message: {"Version":7,"MessageType":"TestExecution.StatsChange","Payload":{"NewTestResults":[{"TestCase":{"Id":"74599b73-9948-4608-3c9f-d605909b7c56","FullyQualifiedName":"UnitTests.ElectricityAndMagnetism.ResistivityTests.Resistivity_Tests","DisplayName":"UnitTests.ElectricityAndMagnetism.ResistivityTests.Resistivity_Tests","ExecutorUri":"executor://xunit/VsTestRunner2/netcoreapp","Source":"D:\\Develop\\PhysicsUnits\\Units\\KMB.Library.Units.Tests\\bin\\Debug\\net6.0\\fine-code-coverage\\build-output\\KMB.Library.Units.Tests.dll","CodeFilePath":null,"LineNumber":0,"Properties":[{"Key":{"Id":"TestObject.Traits","Label":"Traits","Category":"","Description":"","Attributes":5,"ValueType":"System.Collections.Generic.KeyValuePair`2[[System.String],[System.String]][]"},"Value":[{"Key":"Category","Value":"Resistivity"}]}]},"Attachments":[],"Outcome":1,"ErrorMessage":null,"ErrorStackTrace":null,"DisplayName":"UnitTests.ElectricityAndMagnetism.ResistivityTests.Resistivity_Tests","Messages":[],"ComputerName":"SIMONQC","Duration":"00:00:00.0009117","StartTime":"2022-09-27T16:15:47.3572878+00:00","EndTime":"2022-09-27T16:15:47.357288+00:00","Properties":[]},{"TestCase":{"Id":"4ae3181d-a64f-3ef2-5cd2-ad8001f54a2c","FullyQualifiedName":"UnitTests.Heat.CalorimetryTests.Calorimetry_Tests","DisplayName":"UnitTests.Heat.CalorimetryTests.Calorimetry_Tests","ExecutorUri":"executor://xunit/VsTestRunner2/netcoreapp","Source":"D:\\Develop\\PhysicsUnits\\Units\\KMB.Library.Units.Tests\\bin\\Debug\\net6.0\\fine-code-coverage\\build-output\\KMB.Library.Units.Tests.dll","CodeFilePath":null,"LineNumber":0,"Properties":[{"Key":{"Id":"TestObject.Traits","Label":"Traits","Category":"","Description":"","Attributes":5,"ValueType":"System.Collections.Generic.KeyValuePair`2[[System.String],[System.String]][]"},"Value":[{"Key":"Category","Value":"Calorimetry"}]}]},"Attachments":[],"Outcome":1,"ErrorMessage":null,"ErrorStackTrace":null,"DisplayName":"UnitTests.Heat.CalorimetryTests.Calorimetry_Tests","Messages":[],"ComputerName":"SIMONQC","Duration":"00:00:00.0013020","StartTime":"2022-09-27T16:15:47.3598888+00:00","EndTime":"2022-09-27T16:15:47.3598889+00:00","Properties":[]},{"TestCase":{"Id":"550e3cbb-f608-a800-f19e-3b84eae0dbda","FullyQualifiedName":"UnitTests.Fundamental.Measures.TimeTests.Time_Tests","DisplayName":"UnitTests.Fundamental.Measures.TimeTests.Time_Tests","ExecutorUri":"executor://xunit/VsTestRunner2/netcoreapp","Source":"D:\\Develop\\PhysicsUnits\\Units\\KMB.Library.Units.Tests\\bin\\Debug\\net6.0\\fine-code-coverage\\build-output\\KMB.Library.Units.Tests.dll","CodeFilePath":null,"LineNumber":0,"Properties":[{"Key":{"Id":"TestObject.Traits","Label":"Traits","Category":"","Description":"","Attributes":5,"ValueType":"System.Collections.Generic.KeyValuePair`2[[System.String],[System.String]][]"},"Value":[{"Key":"Category","Value":"Time"}]}]},"Attachments":[],"Outcome":1,"ErrorMessage":null,"ErrorStackTrace":null,"DisplayName":"UnitTests.Fundamental.Measures.TimeTests.Time_Tests","Messages":[],"ComputerName":"SIMONQC","Duration":"00:00:00.0006709","StartTime":"2022-09-27T16:15:47.3624984+00:00","EndTime":"2022-09-27T16:15:47.3624986+00:00","Properties":[]},{"TestCase":{"Id":"d0ab30b3-8e20-2571-b5ff-7d32b6f9cccc","FullyQualifiedName":"UnitTests.Fundamental.Measures.LengthTests.Length_Tests","DisplayName":"UnitTests.Fundamental.Measures.LengthTests.Length_Tests","ExecutorUri":"executor://xunit/VsTestRunner2/netcoreapp","Source":"D:\\Develop\\PhysicsUnits\\Units\\KMB.Library.Units.Tests\\bin\\Debug\\net6.0\\fine-code-coverage\\build-output\\KMB.Library.Units.Tests.dll","CodeFilePath":null,"LineNumber":0,"Properties":[{"Key":{"Id":"TestObject.Traits","Label":"Traits","Category":"","Description":"","Attributes":5,"ValueType":"System.Collections.Generic.KeyValuePair`2[[System.String],[System.String]][]"},"Value":[{"Key":"Category","Value":"Length"}]}]},"Attachments":[],"Outcome":1,"ErrorMessage":null,"ErrorStackTrace":null,"DisplayName":"UnitTests.Fundamental.Measures.LengthTests.Length_Tests","Messages":[],"ComputerName":"SIMONQC","Duration":"00:00:00.0031987","StartTime":"2022-09-27T16:15:47.3655042+00:00","EndTime":"2022-09-27T16:15:47.3655045+00:00","Properties":[]},{"TestCase":{"Id":"a4811462-4425-a3a6-a621-157980fac26e","FullyQualifiedName":"UnitTests.Heat.GasesTests.Gases_Tests","DisplayName":"UnitTests.Heat.GasesTests.Gases_Tests","ExecutorUri":"executor://xunit/VsTestRunner2/netcoreapp","Source":"D:\\Develop\\PhysicsUnits\\Units\\KMB.Library.Units.Tests\\bin\\Debug\\net6.0\\fine-code-coverage\\build-output\\KMB.Library.Units.Tests.dll","CodeFilePath":null,"LineNumber":0,"Properties":[{"Key":{"Id":"TestObject.Traits","Label":"Traits","Category":"","Description":"","Attributes":5,"ValueType":"System.Collections.Generic.KeyValuePair`2[[System.String],[System.String]][]"},"Value":[{"Key":"Category","Value":"Gases"}]}]},"Attachments":[],"Outcome":1,"ErrorMessage":null,"ErrorStackTrace":null,"DisplayName":"UnitTests.Heat.GasesTests.Gases_Tests","Messages":[],"ComputerName":"SIMONQC","Duration":"00:00:00.0000746","StartTime":"2022-09-27T16:15:47.3681959+00:00","EndTime":"2022-09-27T16:15:47.368196+00:00","Properties":[]},{"TestCase":{"Id":"98b4ef68-6fe8-0fb7-5caa-d1ee558b1c56","FullyQualifiedName":"UnitTests.Fundamental.Dynamics.CircularMotionTests.CircularMotion_Tests","DisplayName":"UnitTests.Fundamental.Dynamics.CircularMotionTests.CircularMotion_Tests","ExecutorUri":"executor://xunit/VsTestRunner2/netcoreapp","Source":"D:\\Develop\\PhysicsUnits\\Units\\KMB.Library.Units.Tests\\bin\\Debug\\net6.0\\fine-code-coverage\\build-output\\KMB.Library.Units.Tests.dll","CodeFilePath":null,"LineNumber":0,"Properties":[{"Key":{"Id":"TestObject.Traits","Label":"Traits","Category":"","Description":"","Attributes":5,"ValueType":"System.Collections.Generic.KeyValuePair`2[[System.String],[System.String]][]"},"Value":[{"Key":"Category","Value":"CircularMotion"}]}]},"Attachments":[],"Outcome":1,"ErrorMessage":null,"ErrorStackTrace":null,"DisplayName":"UnitTests.Fundamental.Dynamics.CircularMotionTests.CircularMotion_Tests","Messages":[],"ComputerName":"SIMONQC","Duration":"00:00:00.0031341","StartTime":"2022-09-27T16:15:47.3696717+00:00","EndTime":"2022-09-27T16:15:47.3696718+00:00","Properties":[]},{"TestCase":{"Id":"8e0bcb63-8abc-3046-5d70-faab1c7fdcaf","FullyQualifiedName":"UnitTests.Fundamental.Measures.AreaTests.Area_Tests","DisplayName":"UnitTests.Fundamental.Measures.AreaTests.Area_Tests","ExecutorUri":"executor://xunit/VsTestRunner2/netcoreapp","Source":"D:\\Develop\\PhysicsUnits\\Units\\KMB.Library.Units.Tests\\bin\\Debug\\net6.0\\fine-code-coverage\\build-output\\KMB.Library.Units.Tests.dll","CodeFilePath":null,"LineNumber":0,"Properties":[{"Key":{"Id":"TestObject.Traits","Label":"Traits","Category":"","Description":"","Attributes":5,"ValueType":"System.Collections.Generic.KeyValuePair`2[[System.String],[System.String]][]"},"Value":[{"Key":"Category","Value":"Area"}]}]},"Attachments":[],"Outcome":1,"ErrorMessage":null,"ErrorStackTrace":null,"DisplayName":"UnitTests.Fundamental.Measures.AreaTests.Area_Tests","Messages":[],"ComputerName":"SIMONQC","Duration":"00:00:00.0002190","StartTime":"2022-09-27T16:15:47.3732189+00:00","EndTime":"2022-09-27T16:15:47.373219+00:00","Properties":[]},{"TestCase":{"Id":"d806fa66-0b21-7d99-5e62-ae33ba3d9b5e","FullyQualifiedName":"UnitTests.Fundamental.Dynamics.AccelerationTests.Acceleration_Tests","DisplayName":"UnitTests.Fundamental.Dynamics.AccelerationTests.Acceleration_Tests","ExecutorUri":"executor://xunit/VsTestRunner2/netcoreapp","Source":"D:\\Develop\\PhysicsUnits\\Units\\KMB.Library.Units.Tests\\bin\\Debug\\net6.0\\fine-code-coverage\\build-output\\KMB.Library.Units.Tests.dll","CodeFilePath":null,"LineNumber":0,"Properties":[{"Key":{"Id":"TestObject.Traits","Label":"Traits","Category":"","Description":"","Attributes":5,"ValueType":"System.Collections.Generic.KeyValuePair`2[[System.String],[System.String]][]"},"Value":[{"Key":"Category","Value":"Acceleration"}]}]},"Attachments":[],"Outcome":1,"ErrorMessage":null,"ErrorStackTrace":null,"DisplayName":"UnitTests.Fundamental.Dynamics.AccelerationTests.Acceleration_Tests","Messages":[],"ComputerName":"SIMONQC","Duration":"00:00:00.0008394","StartTime":"2022-09-27T16:15:47.3756441+00:00","EndTime":"2022-09-27T16:15:47.3756442+00:00","Properties":[]}],"TestRunStatistics":{"ExecutedTests":29,"Stats":{"Passed":29}},"ActiveTests":[{"Id":"27d8dc72-08ba-6295-d630-a1112126ec7d","FullyQualifiedName":"UnitTests.Fundamental.Measures.LengthToStringTests.LengthToString_Tests","DisplayName":"UnitTests.Fundamental.Measures.LengthToStringTests.LengthToString_Tests","ExecutorUri":"executor://xunit/VsTestRunner2/netcoreapp","Source":"D:\\Develop\\PhysicsUnits\\Units\\KMB.Library.Units.Tests\\bin\\Debug\\net6.0\\fine-code-coverage\\build-output\\KMB.Library.Units.Tests.dll","CodeFilePath":null,"LineNumber":0,"Properties":[{"Key":{"Id":"TestObject.Traits","Label":"Traits","Category":"","Description":"","Attributes":5,"ValueType":"System.Collections.Generic.KeyValuePair`2[[System.String],[System.String]][]"},"Value":[{"Key":"Category","Value":"LengthToString"}]}]},{"Id":"6dd92079-5fa0-81ca-6f4c-e109d2ba4f2e","FullyQualifiedName":"UnitTests.Fundamental.Dynamics.GravityTests.Gravity_Tests","DisplayName":"UnitTests.Fundamental.Dynamics.GravityTests.Gravity_Tests","ExecutorUri":"executor://xunit/VsTestRunner2/netcoreapp","Source":"D:\\Develop\\PhysicsUnits\\Units\\KMB.Library.Units.Tests\\bin\\Debug\\net6.0\\fine-code-coverage\\build-output\\KMB.Library.Units.Tests.dll","CodeFilePath":null,"LineNumber":0,"Properties":[{"Key":{"Id":"TestObject.Traits","Label":"Traits","Category":"","Description":"","Attributes":5,"ValueType":"System.Collections.Generic.KeyValuePair`2[[System.String],[System.String]][]"},"Value":[{"Key":"Category","Value":"Gravity"}]}]}]}}
TpTrace Verbose: 0 : 17212, 10, 2022/09/27, 17:15:47.382, 10209916263498, vstest.console.dll, TestRunRequest:SendTestRunStatsChange: Starting.
TpTrace Verbose: 0 : 17212, 10, 2022/09/27, 17:15:47.382, 10209916264368, vstest.console.dll, InProgress is UnitTests.Fundamental.Measures.LengthToStringTests.LengthToString_Tests
TpTrace Verbose: 0 : 17212, 10, 2022/09/27, 17:15:47.382, 10209916265412, vstest.console.dll, InProgress is UnitTests.Fundamental.Dynamics.GravityTests.Gravity_Tests
TpTrace Verbose: 0 : 17212, 10, 2022/09/27, 17:15:47.383, 10209916267771, vstest.console.dll, MulticastDelegateUtilities.SafeInvoke: TestRun.RunStatsChanged: Invoking callbacks was skipped because there are no subscribers.
TpTrace Information: 0 : 17212, 10, 2022/09/27, 17:15:47.383, 10209916268706, vstest.console.dll, TestRunRequest:SendTestRunStatsChange: Completed.
TpTrace Verbose: 0 : 17212, 10, 2022/09/27, 17:15:47.383, 10209916269691, vstest.console.dll, MulticastDelegateUtilities.SafeInvoke: LengthPrefixCommunicationChannel: MessageReceived: Invoking callback 1/1 for Microsoft.VisualStudio.TestPlatform.CommunicationUtilities.TestRequestSender+<>c__DisplayClass31_0.<StartTestRun>b__1, took 2 ms.
TpTrace Verbose: 0 : 17212, 10, 2022/09/27, 17:15:47.383, 10209916271279, vstest.console.dll, TcpClientExtensions.MessageLoopAsync: Polling on remoteEndPoint: 127.0.0.1:4489 localEndPoint: 127.0.0.1:4488
TpTrace Verbose: 0 : 17212, 4, 2022/09/27, 17:15:47.380, 10209916237571, vstest.console.dll, MulticastDelegateUtilities.SafeInvoke: InternalTestLoggerEvents.SendTestResult: Invoking callback 1/1 for Microsoft.VisualStudio.TestPlatform.CommandLine.Internal.ConsoleLogger.TestResultHandler, took 0 ms.
TpTrace Verbose: 0 : 17212, 4, 2022/09/27, 17:15:47.386, 10209916303940, vstest.console.dll, MulticastDelegateUtilities.SafeInvoke: InternalTestLoggerEvents.SendTestResult: Invoking callback 1/1 for Microsoft.VisualStudio.TestPlatform.CommandLine.Internal.ConsoleLogger.TestResultHandler, took 0 ms.
TpTrace Verbose: 0 : 17212, 4, 2022/09/27, 17:15:47.386, 10209916304782, vstest.console.dll, MulticastDelegateUtilities.SafeInvoke: InternalTestLoggerEvents.SendTestResult: Invoking callback 1/1 for Microsoft.VisualStudio.TestPlatform.CommandLine.Internal.ConsoleLogger.TestResultHandler, took 0 ms.
TpTrace Verbose: 0 : 17212, 4, 2022/09/27, 17:15:47.386, 10209916305369, vstest.console.dll, MulticastDelegateUtilities.SafeInvoke: InternalTestLoggerEvents.SendTestResult: Invoking callback 1/1 for Microsoft.VisualStudio.TestPlatform.CommandLine.Internal.ConsoleLogger.TestResultHandler, took 0 ms.
TpTrace Verbose: 0 : 17212, 4, 2022/09/27, 17:15:47.386, 10209916306484, vstest.console.dll, MulticastDelegateUtilities.SafeInvoke: InternalTestLoggerEvents.SendTestResult: Invoking callback 1/1 for Microsoft.VisualStudio.TestPlatform.CommandLine.Internal.ConsoleLogger.TestResultHandler, took 0 ms.
TpTrace Verbose: 0 : 17212, 4, 2022/09/27, 17:15:47.387, 10209916307157, vstest.console.dll, MulticastDelegateUtilities.SafeInvoke: InternalTestLoggerEvents.SendTestResult: Invoking callback 1/1 for Microsoft.VisualStudio.TestPlatform.CommandLine.Internal.ConsoleLogger.TestResultHandler, took 0 ms.
TpTrace Verbose: 0 : 17212, 4, 2022/09/27, 17:15:47.387, 10209916307740, vstest.console.dll, MulticastDelegateUtilities.SafeInvoke: InternalTestLoggerEvents.SendTestResult: Invoking callback 1/1 for Microsoft.VisualStudio.TestPlatform.CommandLine.Internal.ConsoleLogger.TestResultHandler, took 0 ms.
TpTrace Verbose: 0 : 17212, 4, 2022/09/27, 17:15:47.387, 10209916308926, vstest.console.dll, MulticastDelegateUtilities.SafeInvoke: InternalTestLoggerEvents.SendTestResult: Invoking callback 1/1 for Microsoft.VisualStudio.TestPlatform.CommandLine.Internal.ConsoleLogger.TestResultHandler, took 0 ms.
TpTrace Verbose: 0 : 17212, 4, 2022/09/27, 17:15:47.388, 10209916318507, vstest.console.dll, MulticastDelegateUtilities.SafeInvoke: InternalTestLoggerEvents.SendTestResult: Invoking callback 1/1 for Microsoft.VisualStudio.TestPlatform.CommandLine.Internal.ConsoleLogger.TestResultHandler, took 0 ms.
TpTrace Verbose: 0 : 17212, 4, 2022/09/27, 17:15:47.388, 10209916320284, vstest.console.dll, MulticastDelegateUtilities.SafeInvoke: InternalTestLoggerEvents.SendTestResult: Invoking callback 1/1 for Microsoft.VisualStudio.TestPlatform.CommandLine.Internal.ConsoleLogger.TestResultHandler, took 0 ms.
TpTrace Verbose: 0 : 17212, 4, 2022/09/27, 17:15:47.388, 10209916321570, vstest.console.dll, MulticastDelegateUtilities.SafeInvoke: InternalTestLoggerEvents.SendTestResult: Invoking callback 1/1 for Microsoft.VisualStudio.TestPlatform.CommandLine.Internal.ConsoleLogger.TestResultHandler, took 0 ms.
TpTrace Verbose: 0 : 17212, 4, 2022/09/27, 17:15:47.388, 10209916323023, vstest.console.dll, MulticastDelegateUtilities.SafeInvoke: InternalTestLoggerEvents.SendTestResult: Invoking callback 1/1 for Microsoft.VisualStudio.TestPlatform.CommandLine.Internal.ConsoleLogger.TestResultHandler, took 0 ms.
TpTrace Verbose: 0 : 17212, 4, 2022/09/27, 17:15:47.388, 10209916323858, vstest.console.dll, MulticastDelegateUtilities.SafeInvoke: InternalTestLoggerEvents.SendTestResult: Invoking callback 1/1 for Microsoft.VisualStudio.TestPlatform.CommandLine.Internal.ConsoleLogger.TestResultHandler, took 0 ms.
TpTrace Verbose: 0 : 17212, 4, 2022/09/27, 17:15:47.388, 10209916324464, vstest.console.dll, MulticastDelegateUtilities.SafeInvoke: InternalTestLoggerEvents.SendTestResult: Invoking callback 1/1 for Microsoft.VisualStudio.TestPlatform.CommandLine.Internal.ConsoleLogger.TestResultHandler, took 0 ms.
TpTrace Verbose: 0 : 17212, 4, 2022/09/27, 17:15:47.388, 10209916325096, vstest.console.dll, MulticastDelegateUtilities.SafeInvoke: InternalTestLoggerEvents.SendTestResult: Invoking callback 1/1 for Microsoft.VisualStudio.TestPlatform.CommandLine.Internal.ConsoleLogger.TestResultHandler, took 0 ms.
TpTrace Verbose: 0 : 17212, 10, 2022/09/27, 17:15:47.396, 10209916402930, vstest.console.dll, TcpClientExtensions.MessageLoopAsync: NotifyDataAvailable remoteEndPoint: 127.0.0.1:4489 localEndPoint: 127.0.0.1:4488
TpTrace Verbose: 0 : 17212, 10, 2022/09/27, 17:15:47.396, 10209916404447, vstest.console.dll, TestRequestSender.OnExecutionMessageReceived: Received message: {"Version":7,"MessageType":"TestSession.Message","Payload":{"MessageLevel":2,"Message":"[xUnit.net 00:00:00.68]     UnitTests.Fundamental.Measures.LengthToStringTests.LengthToString_Tests [FAIL]"}}
TpTrace Verbose: 0 : 17212, 10, 2022/09/27, 17:15:47.396, 10209916405659, vstest.console.dll, TestRunRequest:SendTestRunMessage: Starting.
TpTrace Verbose: 0 : 17212, 10, 2022/09/27, 17:15:47.396, 10209916406340, vstest.console.dll, MulticastDelegateUtilities.SafeInvoke: TestRun.LogMessages: Invoking callback 1/1 for Microsoft.VisualStudio.TestPlatform.CommandLine.TestRunResultAggregator.TestRunMessageHandler, took 0 ms.
TpTrace Information: 0 : 17212, 10, 2022/09/27, 17:15:47.397, 10209916406752, vstest.console.dll, TestRunRequest:SendTestRunMessage: Completed.
TpTrace Verbose: 0 : 17212, 10, 2022/09/27, 17:15:47.397, 10209916407136, vstest.console.dll, MulticastDelegateUtilities.SafeInvoke: LengthPrefixCommunicationChannel: MessageReceived: Invoking callback 1/1 for Microsoft.VisualStudio.TestPlatform.CommunicationUtilities.TestRequestSender+<>c__DisplayClass31_0.<StartTestRun>b__1, took 0 ms.
TpTrace Verbose: 0 : 17212, 10, 2022/09/27, 17:15:47.397, 10209916407543, vstest.console.dll, TcpClientExtensions.MessageLoopAsync: Polling on remoteEndPoint: 127.0.0.1:4489 localEndPoint: 127.0.0.1:4488
TpTrace Verbose: 0 : 17212, 4, 2022/09/27, 17:15:47.397, 10209916409846, vstest.console.dll, MulticastDelegateUtilities.SafeInvoke: InternalTestLoggerEvents.SendTestRunMessage: Invoking callback 1/1 for Microsoft.VisualStudio.TestPlatform.CommandLine.Internal.ConsoleLogger.TestMessageHandler, took 0 ms.
TpTrace Verbose: 0 : 17212, 10, 2022/09/27, 17:15:47.397, 10209916412627, vstest.console.dll, TcpClientExtensions.MessageLoopAsync: NotifyDataAvailable remoteEndPoint: 127.0.0.1:4489 localEndPoint: 127.0.0.1:4488
TpTrace Verbose: 0 : 17212, 10, 2022/09/27, 17:15:47.397, 10209916414030, vstest.console.dll, TestRequestSender.OnExecutionMessageReceived: Received message: {"Version":7,"MessageType":"TestSession.Message","Payload":{"MessageLevel":0,"Message":"[xUnit.net 00:00:00.68]       Expected exception message to match the equivalent of \"Parsing error: Invalid dimension for units: kg\", but \"Parsing error: Invalid dimension for units: kg \" does not."}}
TpTrace Verbose: 0 : 17212, 10, 2022/09/27, 17:15:47.397, 10209916415698, vstest.console.dll, TestRunRequest:SendTestRunMessage: Starting.
TpTrace Verbose: 0 : 17212, 10, 2022/09/27, 17:15:47.397, 10209916416599, vstest.console.dll, MulticastDelegateUtilities.SafeInvoke: TestRun.LogMessages: Invoking callback 1/1 for Microsoft.VisualStudio.TestPlatform.CommandLine.TestRunResultAggregator.TestRunMessageHandler, took 0 ms.
TpTrace Verbose: 0 : 17212, 4, 2022/09/27, 17:15:47.398, 10209916417155, vstest.console.dll, MulticastDelegateUtilities.SafeInvoke: InternalTestLoggerEvents.SendTestRunMessage: Invoking callback 1/1 for Microsoft.VisualStudio.TestPlatform.CommandLine.Internal.ConsoleLogger.TestMessageHandler, took 0 ms.
TpTrace Information: 0 : 17212, 10, 2022/09/27, 17:15:47.398, 10209916417265, vstest.console.dll, TestRunRequest:SendTestRunMessage: Completed.
TpTrace Verbose: 0 : 17212, 10, 2022/09/27, 17:15:47.398, 10209916418599, vstest.console.dll, MulticastDelegateUtilities.SafeInvoke: LengthPrefixCommunicationChannel: MessageReceived: Invoking callback 1/1 for Microsoft.VisualStudio.TestPlatform.CommunicationUtilities.TestRequestSender+<>c__DisplayClass31_0.<StartTestRun>b__1, took 0 ms.
TpTrace Verbose: 0 : 17212, 10, 2022/09/27, 17:15:47.398, 10209916419063, vstest.console.dll, TcpClientExtensions.MessageLoopAsync: Polling on remoteEndPoint: 127.0.0.1:4489 localEndPoint: 127.0.0.1:4488
TpTrace Verbose: 0 : 17212, 10, 2022/09/27, 17:15:47.398, 10209916419620, vstest.console.dll, TcpClientExtensions.MessageLoopAsync: NotifyDataAvailable remoteEndPoint: 127.0.0.1:4489 localEndPoint: 127.0.0.1:4488
TpTrace Verbose: 0 : 17212, 10, 2022/09/27, 17:15:47.398, 10209916420267, vstest.console.dll, TestRequestSender.OnExecutionMessageReceived: Received message: {"Version":7,"MessageType":"TestSession.Message","Payload":{"MessageLevel":0,"Message":"[xUnit.net 00:00:00.68]       "}}
TpTrace Verbose: 0 : 17212, 10, 2022/09/27, 17:15:47.398, 10209916421248, vstest.console.dll, TestRunRequest:SendTestRunMessage: Starting.
TpTrace Verbose: 0 : 17212, 10, 2022/09/27, 17:15:47.398, 10209916421849, vstest.console.dll, MulticastDelegateUtilities.SafeInvoke: TestRun.LogMessages: Invoking callback 1/1 for Microsoft.VisualStudio.TestPlatform.CommandLine.TestRunResultAggregator.TestRunMessageHandler, took 0 ms.
TpTrace Verbose: 0 : 17212, 4, 2022/09/27, 17:15:47.398, 10209916422107, vstest.console.dll, MulticastDelegateUtilities.SafeInvoke: InternalTestLoggerEvents.SendTestRunMessage: Invoking callback 1/1 for Microsoft.VisualStudio.TestPlatform.CommandLine.Internal.ConsoleLogger.TestMessageHandler, took 0 ms.
TpTrace Information: 0 : 17212, 10, 2022/09/27, 17:15:47.398, 10209916422280, vstest.console.dll, TestRunRequest:SendTestRunMessage: Completed.
TpTrace Verbose: 0 : 17212, 10, 2022/09/27, 17:15:47.398, 10209916423616, vstest.console.dll, MulticastDelegateUtilities.SafeInvoke: LengthPrefixCommunicationChannel: MessageReceived: Invoking callback 1/1 for Microsoft.VisualStudio.TestPlatform.CommunicationUtilities.TestRequestSender+<>c__DisplayClass31_0.<StartTestRun>b__1, took 0 ms.
TpTrace Verbose: 0 : 17212, 10, 2022/09/27, 17:15:47.398, 10209916424353, vstest.console.dll, TcpClientExtensions.MessageLoopAsync: Polling on remoteEndPoint: 127.0.0.1:4489 localEndPoint: 127.0.0.1:4488
TpTrace Verbose: 0 : 17212, 10, 2022/09/27, 17:15:47.398, 10209916424887, vstest.console.dll, TcpClientExtensions.MessageLoopAsync: NotifyDataAvailable remoteEndPoint: 127.0.0.1:4489 localEndPoint: 127.0.0.1:4488
TpTrace Verbose: 0 : 17212, 10, 2022/09/27, 17:15:47.398, 10209916425551, vstest.console.dll, TestRequestSender.OnExecutionMessageReceived: Received message: {"Version":7,"MessageType":"TestSession.Message","Payload":{"MessageLevel":0,"Message":"[xUnit.net 00:00:00.68]       Stack Trace:"}}
TpTrace Verbose: 0 : 17212, 10, 2022/09/27, 17:15:47.398, 10209916426424, vstest.console.dll, TestRunRequest:SendTestRunMessage: Starting.
TpTrace Verbose: 0 : 17212, 10, 2022/09/27, 17:15:47.399, 10209916426999, vstest.console.dll, MulticastDelegateUtilities.SafeInvoke: TestRun.LogMessages: Invoking callback 1/1 for Microsoft.VisualStudio.TestPlatform.CommandLine.TestRunResultAggregator.TestRunMessageHandler, took 0 ms.
TpTrace Verbose: 0 : 17212, 4, 2022/09/27, 17:15:47.399, 10209916427351, vstest.console.dll, MulticastDelegateUtilities.SafeInvoke: InternalTestLoggerEvents.SendTestRunMessage: Invoking callback 1/1 for Microsoft.VisualStudio.TestPlatform.CommandLine.Internal.ConsoleLogger.TestMessageHandler, took 0 ms.
TpTrace Information: 0 : 17212, 10, 2022/09/27, 17:15:47.399, 10209916427406, vstest.console.dll, TestRunRequest:SendTestRunMessage: Completed.
TpTrace Verbose: 0 : 17212, 10, 2022/09/27, 17:15:47.399, 10209916428624, vstest.console.dll, MulticastDelegateUtilities.SafeInvoke: LengthPrefixCommunicationChannel: MessageReceived: Invoking callback 1/1 for Microsoft.VisualStudio.TestPlatform.CommunicationUtilities.TestRequestSender+<>c__DisplayClass31_0.<StartTestRun>b__1, took 0 ms.
TpTrace Verbose: 0 : 17212, 10, 2022/09/27, 17:15:47.399, 10209916429077, vstest.console.dll, TcpClientExtensions.MessageLoopAsync: Polling on remoteEndPoint: 127.0.0.1:4489 localEndPoint: 127.0.0.1:4488
TpTrace Verbose: 0 : 17212, 10, 2022/09/27, 17:15:47.399, 10209916432412, vstest.console.dll, TcpClientExtensions.MessageLoopAsync: NotifyDataAvailable remoteEndPoint: 127.0.0.1:4489 localEndPoint: 127.0.0.1:4488
TpTrace Verbose: 0 : 17212, 10, 2022/09/27, 17:15:47.399, 10209916433587, vstest.console.dll, TestRequestSender.OnExecutionMessageReceived: Received message: {"Version":7,"MessageType":"TestSession.Message","Payload":{"MessageLevel":0,"Message":"[xUnit.net 00:00:00.68]            at FluentAssertions.Execution.XUnit2TestFramework.Throw(String message)"}}
TpTrace Verbose: 0 : 17212, 10, 2022/09/27, 17:15:47.399, 10209916434651, vstest.console.dll, TestRunRequest:SendTestRunMessage: Starting.
TpTrace Verbose: 0 : 17212, 10, 2022/09/27, 17:15:47.399, 10209916435590, vstest.console.dll, MulticastDelegateUtilities.SafeInvoke: TestRun.LogMessages: Invoking callback 1/1 for Microsoft.VisualStudio.TestPlatform.CommandLine.TestRunResultAggregator.TestRunMessageHandler, took 0 ms.
TpTrace Verbose: 0 : 17212, 4, 2022/09/27, 17:15:47.399, 10209916435944, vstest.console.dll, MulticastDelegateUtilities.SafeInvoke: InternalTestLoggerEvents.SendTestRunMessage: Invoking callback 1/1 for Microsoft.VisualStudio.TestPlatform.CommandLine.Internal.ConsoleLogger.TestMessageHandler, took 0 ms.
TpTrace Information: 0 : 17212, 10, 2022/09/27, 17:15:47.399, 10209916436057, vstest.console.dll, TestRunRequest:SendTestRunMessage: Completed.
TpTrace Verbose: 0 : 17212, 10, 2022/09/27, 17:15:47.400, 10209916437413, vstest.console.dll, MulticastDelegateUtilities.SafeInvoke: LengthPrefixCommunicationChannel: MessageReceived: Invoking callback 1/1 for Microsoft.VisualStudio.TestPlatform.CommunicationUtilities.TestRequestSender+<>c__DisplayClass31_0.<StartTestRun>b__1, took 0 ms.
TpTrace Verbose: 0 : 17212, 10, 2022/09/27, 17:15:47.400, 10209916437866, vstest.console.dll, TcpClientExtensions.MessageLoopAsync: Polling on remoteEndPoint: 127.0.0.1:4489 localEndPoint: 127.0.0.1:4488
TpTrace Verbose: 0 : 17212, 10, 2022/09/27, 17:15:47.400, 10209916438389, vstest.console.dll, TcpClientExtensions.MessageLoopAsync: NotifyDataAvailable remoteEndPoint: 127.0.0.1:4489 localEndPoint: 127.0.0.1:4488
TpTrace Verbose: 0 : 17212, 10, 2022/09/27, 17:15:47.400, 10209916439073, vstest.console.dll, TestRequestSender.OnExecutionMessageReceived: Received message: {"Version":7,"MessageType":"TestSession.Message","Payload":{"MessageLevel":0,"Message":"[xUnit.net 00:00:00.68]            at FluentAssertions.Execution.TestFrameworkProvider.Throw(String message)"}}
TpTrace Verbose: 0 : 17212, 10, 2022/09/27, 17:15:47.400, 10209916440144, vstest.console.dll, TestRunRequest:SendTestRunMessage: Starting.
TpTrace Verbose: 0 : 17212, 10, 2022/09/27, 17:15:47.400, 10209916441168, vstest.console.dll, MulticastDelegateUtilities.SafeInvoke: TestRun.LogMessages: Invoking callback 1/1 for Microsoft.VisualStudio.TestPlatform.CommandLine.TestRunResultAggregator.TestRunMessageHandler, took 0 ms.
TpTrace Verbose: 0 : 17212, 4, 2022/09/27, 17:15:47.400, 10209916441286, vstest.console.dll, MulticastDelegateUtilities.SafeInvoke: InternalTestLoggerEvents.SendTestRunMessage: Invoking callback 1/1 for Microsoft.VisualStudio.TestPlatform.CommandLine.Internal.ConsoleLogger.TestMessageHandler, took 0 ms.
TpTrace Information: 0 : 17212, 10, 2022/09/27, 17:15:47.400, 10209916441908, vstest.console.dll, TestRunRequest:SendTestRunMessage: Completed.
TpTrace Verbose: 0 : 17212, 10, 2022/09/27, 17:15:47.400, 10209916443129, vstest.console.dll, MulticastDelegateUtilities.SafeInvoke: LengthPrefixCommunicationChannel: MessageReceived: Invoking callback 1/1 for Microsoft.VisualStudio.TestPlatform.CommunicationUtilities.TestRequestSender+<>c__DisplayClass31_0.<StartTestRun>b__1, took 0 ms.
TpTrace Verbose: 0 : 17212, 10, 2022/09/27, 17:15:47.400, 10209916443845, vstest.console.dll, TcpClientExtensions.MessageLoopAsync: Polling on remoteEndPoint: 127.0.0.1:4489 localEndPoint: 127.0.0.1:4488
TpTrace Verbose: 0 : 17212, 10, 2022/09/27, 17:15:47.400, 10209916444693, vstest.console.dll, TcpClientExtensions.MessageLoopAsync: NotifyDataAvailable remoteEndPoint: 127.0.0.1:4489 localEndPoint: 127.0.0.1:4488
TpTrace Verbose: 0 : 17212, 10, 2022/09/27, 17:15:47.400, 10209916445460, vstest.console.dll, TestRequestSender.OnExecutionMessageReceived: Received message: {"Version":7,"MessageType":"TestSession.Message","Payload":{"MessageLevel":0,"Message":"[xUnit.net 00:00:00.68]            at FluentAssertions.Execution.CollectingAssertionStrategy.ThrowIfAny(IDictionary`2 context)"}}
TpTrace Verbose: 0 : 17212, 10, 2022/09/27, 17:15:47.400, 10209916446311, vstest.console.dll, TestRunRequest:SendTestRunMessage: Starting.
TpTrace Verbose: 0 : 17212, 10, 2022/09/27, 17:15:47.401, 10209916447180, vstest.console.dll, MulticastDelegateUtilities.SafeInvoke: TestRun.LogMessages: Invoking callback 1/1 for Microsoft.VisualStudio.TestPlatform.CommandLine.TestRunResultAggregator.TestRunMessageHandler, took 0 ms.
TpTrace Verbose: 0 : 17212, 4, 2022/09/27, 17:15:47.401, 10209916447297, vstest.console.dll, MulticastDelegateUtilities.SafeInvoke: InternalTestLoggerEvents.SendTestRunMessage: Invoking callback 1/1 for Microsoft.VisualStudio.TestPlatform.CommandLine.Internal.ConsoleLogger.TestMessageHandler, took 0 ms.
TpTrace Information: 0 : 17212, 10, 2022/09/27, 17:15:47.401, 10209916447677, vstest.console.dll, TestRunRequest:SendTestRunMessage: Completed.
TpTrace Verbose: 0 : 17212, 10, 2022/09/27, 17:15:47.401, 10209916449070, vstest.console.dll, MulticastDelegateUtilities.SafeInvoke: LengthPrefixCommunicationChannel: MessageReceived: Invoking callback 1/1 for Microsoft.VisualStudio.TestPlatform.CommunicationUtilities.TestRequestSender+<>c__DisplayClass31_0.<StartTestRun>b__1, took 0 ms.
TpTrace Verbose: 0 : 17212, 10, 2022/09/27, 17:15:47.401, 10209916449502, vstest.console.dll, TcpClientExtensions.MessageLoopAsync: Polling on remoteEndPoint: 127.0.0.1:4489 localEndPoint: 127.0.0.1:4488
TpTrace Verbose: 0 : 17212, 10, 2022/09/27, 17:15:47.401, 10209916449998, vstest.console.dll, TcpClientExtensions.MessageLoopAsync: NotifyDataAvailable remoteEndPoint: 127.0.0.1:4489 localEndPoint: 127.0.0.1:4488
TpTrace Verbose: 0 : 17212, 10, 2022/09/27, 17:15:47.401, 10209916450696, vstest.console.dll, TestRequestSender.OnExecutionMessageReceived: Received message: {"Version":7,"MessageType":"TestSession.Message","Payload":{"MessageLevel":0,"Message":"[xUnit.net 00:00:00.68]            at FluentAssertions.Specialized.ExceptionAssertions`1.ExceptionMessageAssertion.Execute(IEnumerable`1 messages, String expectation, String because, Object[] becauseArgs)"}}
TpTrace Verbose: 0 : 17212, 10, 2022/09/27, 17:15:47.401, 10209916451579, vstest.console.dll, TestRunRequest:SendTestRunMessage: Starting.
TpTrace Verbose: 0 : 17212, 10, 2022/09/27, 17:15:47.401, 10209916452173, vstest.console.dll, MulticastDelegateUtilities.SafeInvoke: TestRun.LogMessages: Invoking callback 1/1 for Microsoft.VisualStudio.TestPlatform.CommandLine.TestRunResultAggregator.TestRunMessageHandler, took 0 ms.
TpTrace Verbose: 0 : 17212, 4, 2022/09/27, 17:15:47.401, 10209916452343, vstest.console.dll, MulticastDelegateUtilities.SafeInvoke: InternalTestLoggerEvents.SendTestRunMessage: Invoking callback 1/1 for Microsoft.VisualStudio.TestPlatform.CommandLine.Internal.ConsoleLogger.TestMessageHandler, took 0 ms.
TpTrace Information: 0 : 17212, 10, 2022/09/27, 17:15:47.401, 10209916452607, vstest.console.dll, TestRunRequest:SendTestRunMessage: Completed.
TpTrace Verbose: 0 : 17212, 10, 2022/09/27, 17:15:47.401, 10209916453779, vstest.console.dll, MulticastDelegateUtilities.SafeInvoke: LengthPrefixCommunicationChannel: MessageReceived: Invoking callback 1/1 for Microsoft.VisualStudio.TestPlatform.CommunicationUtilities.TestRequestSender+<>c__DisplayClass31_0.<StartTestRun>b__1, took 0 ms.
TpTrace Verbose: 0 : 17212, 10, 2022/09/27, 17:15:47.401, 10209916454228, vstest.console.dll, TcpClientExtensions.MessageLoopAsync: Polling on remoteEndPoint: 127.0.0.1:4489 localEndPoint: 127.0.0.1:4488
TpTrace Verbose: 0 : 17212, 10, 2022/09/27, 17:15:47.401, 10209916454740, vstest.console.dll, TcpClientExtensions.MessageLoopAsync: NotifyDataAvailable remoteEndPoint: 127.0.0.1:4489 localEndPoint: 127.0.0.1:4488
TpTrace Verbose: 0 : 17212, 10, 2022/09/27, 17:15:47.401, 10209916455416, vstest.console.dll, TestRequestSender.OnExecutionMessageReceived: Received message: {"Version":7,"MessageType":"TestSession.Message","Payload":{"MessageLevel":0,"Message":"[xUnit.net 00:00:00.68]            at FluentAssertions.Specialized.ExceptionAssertions`1.WithMessage(String expectedWildcardPattern, String because, Object[] becauseArgs)"}}
TpTrace Verbose: 0 : 17212, 10, 2022/09/27, 17:15:47.401, 10209916456217, vstest.console.dll, TestRunRequest:SendTestRunMessage: Starting.
TpTrace Verbose: 0 : 17212, 10, 2022/09/27, 17:15:47.402, 10209916456808, vstest.console.dll, MulticastDelegateUtilities.SafeInvoke: TestRun.LogMessages: Invoking callback 1/1 for Microsoft.VisualStudio.TestPlatform.CommandLine.TestRunResultAggregator.TestRunMessageHandler, took 0 ms.
TpTrace Verbose: 0 : 17212, 4, 2022/09/27, 17:15:47.402, 10209916456965, vstest.console.dll, MulticastDelegateUtilities.SafeInvoke: InternalTestLoggerEvents.SendTestRunMessage: Invoking callback 1/1 for Microsoft.VisualStudio.TestPlatform.CommandLine.Internal.ConsoleLogger.TestMessageHandler, took 0 ms.
TpTrace Information: 0 : 17212, 10, 2022/09/27, 17:15:47.402, 10209916457475, vstest.console.dll, TestRunRequest:SendTestRunMessage: Completed.
TpTrace Verbose: 0 : 17212, 10, 2022/09/27, 17:15:47.402, 10209916458619, vstest.console.dll, MulticastDelegateUtilities.SafeInvoke: LengthPrefixCommunicationChannel: MessageReceived: Invoking callback 1/1 for Microsoft.VisualStudio.TestPlatform.CommunicationUtilities.TestRequestSender+<>c__DisplayClass31_0.<StartTestRun>b__1, took 0 ms.
TpTrace Verbose: 0 : 17212, 10, 2022/09/27, 17:15:47.402, 10209916459082, vstest.console.dll, TcpClientExtensions.MessageLoopAsync: Polling on remoteEndPoint: 127.0.0.1:4489 localEndPoint: 127.0.0.1:4488
TpTrace Verbose: 0 : 17212, 10, 2022/09/27, 17:15:47.402, 10209916459602, vstest.console.dll, TcpClientExtensions.MessageLoopAsync: NotifyDataAvailable remoteEndPoint: 127.0.0.1:4489 localEndPoint: 127.0.0.1:4488
TpTrace Verbose: 0 : 17212, 10, 2022/09/27, 17:15:47.402, 10209916460280, vstest.console.dll, TestRequestSender.OnExecutionMessageReceived: Received message: {"Version":7,"MessageType":"TestSession.Message","Payload":{"MessageLevel":0,"Message":"[xUnit.net 00:00:00.68]         D:\\Develop\\PhysicsUnits\\Units\\KMB.Library.Units.Tests\\Fundamental\\Measures\\LengthToStringTests.cs(42,0): at UnitTests.Fundamental.Measures.LengthToStringTests.LengthToString_Tests()"}}
TpTrace Verbose: 0 : 17212, 10, 2022/09/27, 17:15:47.402, 10209916461488, vstest.console.dll, TestRunRequest:SendTestRunMessage: Starting.
TpTrace Verbose: 0 : 17212, 10, 2022/09/27, 17:15:47.402, 10209916462123, vstest.console.dll, MulticastDelegateUtilities.SafeInvoke: TestRun.LogMessages: Invoking callback 1/1 for Microsoft.VisualStudio.TestPlatform.CommandLine.TestRunResultAggregator.TestRunMessageHandler, took 0 ms.
TpTrace Verbose: 0 : 17212, 4, 2022/09/27, 17:15:47.402, 10209916462369, vstest.console.dll, MulticastDelegateUtilities.SafeInvoke: InternalTestLoggerEvents.SendTestRunMessage: Invoking callback 1/1 for Microsoft.VisualStudio.TestPlatform.CommandLine.Internal.ConsoleLogger.TestMessageHandler, took 0 ms.
TpTrace Information: 0 : 17212, 10, 2022/09/27, 17:15:47.402, 10209916462537, vstest.console.dll, TestRunRequest:SendTestRunMessage: Completed.
TpTrace Verbose: 0 : 17212, 10, 2022/09/27, 17:15:47.402, 10209916463869, vstest.console.dll, MulticastDelegateUtilities.SafeInvoke: LengthPrefixCommunicationChannel: MessageReceived: Invoking callback 1/1 for Microsoft.VisualStudio.TestPlatform.CommunicationUtilities.TestRequestSender+<>c__DisplayClass31_0.<StartTestRun>b__1, took 0 ms.
TpTrace Verbose: 0 : 17212, 10, 2022/09/27, 17:15:47.402, 10209916464326, vstest.console.dll, TcpClientExtensions.MessageLoopAsync: Polling on remoteEndPoint: 127.0.0.1:4489 localEndPoint: 127.0.0.1:4488
TpTrace Verbose: 0 : 17212, 10, 2022/09/27, 17:15:48.411, 10209926551375, vstest.console.dll, TcpClientExtensions.MessageLoopAsync: Polling on remoteEndPoint: 127.0.0.1:4489 localEndPoint: 127.0.0.1:4488
TpTrace Verbose: 0 : 17212, 10, 2022/09/27, 17:15:48.881, 10209931250387, vstest.console.dll, TcpClientExtensions.MessageLoopAsync: NotifyDataAvailable remoteEndPoint: 127.0.0.1:4489 localEndPoint: 127.0.0.1:4488
TpTrace Verbose: 0 : 17212, 10, 2022/09/27, 17:15:48.881, 10209931252948, vstest.console.dll, TestRequestSender.OnExecutionMessageReceived: Received message: {"Version":7,"MessageType":"TestExecution.StatsChange","Payload":{"NewTestResults":[{"TestCase":{"Id":"6dd92079-5fa0-81ca-6f4c-e109d2ba4f2e","FullyQualifiedName":"UnitTests.Fundamental.Dynamics.GravityTests.Gravity_Tests","DisplayName":"UnitTests.Fundamental.Dynamics.GravityTests.Gravity_Tests","ExecutorUri":"executor://xunit/VsTestRunner2/netcoreapp","Source":"D:\\Develop\\PhysicsUnits\\Units\\KMB.Library.Units.Tests\\bin\\Debug\\net6.0\\fine-code-coverage\\build-output\\KMB.Library.Units.Tests.dll","CodeFilePath":null,"LineNumber":0,"Properties":[{"Key":{"Id":"TestObject.Traits","Label":"Traits","Category":"","Description":"","Attributes":5,"ValueType":"System.Collections.Generic.KeyValuePair`2[[System.String],[System.String]][]"},"Value":[{"Key":"Category","Value":"Gravity"}]}]},"Attachments":[],"Outcome":1,"ErrorMessage":null,"ErrorStackTrace":null,"DisplayName":"UnitTests.Fundamental.Dynamics.GravityTests.Gravity_Tests","Messages":[],"ComputerName":"SIMONQC","Duration":"00:00:00.0008716","StartTime":"2022-09-27T16:15:47.3791738+00:00","EndTime":"2022-09-27T16:15:47.3791739+00:00","Properties":[]},{"TestCase":{"Id":"e1826ff0-d262-3787-fe8b-9fb3870b2f31","FullyQualifiedName":"UnitTests.Fundamental.Measures.StringTests.Tonnes_Tests","DisplayName":"UnitTests.Fundamental.Measures.StringTests.Tonnes_Tests","ExecutorUri":"executor://xunit/VsTestRunner2/netcoreapp","Source":"D:\\Develop\\PhysicsUnits\\Units\\KMB.Library.Units.Tests\\bin\\Debug\\net6.0\\fine-code-coverage\\build-output\\KMB.Library.Units.Tests.dll","CodeFilePath":null,"LineNumber":0,"Properties":[{"Key":{"Id":"TestObject.Traits","Label":"Traits","Category":"","Description":"","Attributes":5,"ValueType":"System.Collections.Generic.KeyValuePair`2[[System.String],[System.String]][]"},"Value":[{"Key":"Category","Value":"String"}]}]},"Attachments":[],"Outcome":1,"ErrorMessage":null,"ErrorStackTrace":null,"DisplayName":"UnitTests.Fundamental.Measures.StringTests.Tonnes_Tests","Messages":[],"ComputerName":"SIMONQC","Duration":"00:00:00.0107252","StartTime":"2022-09-27T16:15:47.3819703+00:00","EndTime":"2022-09-27T16:15:47.3819704+00:00","Properties":[]},{"TestCase":{"Id":"6b6b2edb-1260-8c24-b01a-021e2375e5d0","FullyQualifiedName":"UnitTests.Fundamental.Measures.AnglesTests.Angles_Tests","DisplayName":"UnitTests.Fundamental.Measures.AnglesTests.Angles_Tests","ExecutorUri":"executor://xunit/VsTestRunner2/netcoreapp","Source":"D:\\Develop\\PhysicsUnits\\Units\\KMB.Library.Units.Tests\\bin\\Debug\\net6.0\\fine-code-coverage\\build-output\\KMB.Library.Units.Tests.dll","CodeFilePath":null,"LineNumber":0,"Properties":[{"Key":{"Id":"TestObject.Traits","Label":"Traits","Category":"","Description":"","Attributes":5,"ValueType":"System.Collections.Generic.KeyValuePair`2[[System.String],[System.String]][]"},"Value":[{"Key":"Category","Value":"Angles"}]}]},"Attachments":[],"Outcome":1,"ErrorMessage":null,"ErrorStackTrace":null,"DisplayName":"UnitTests.Fundamental.Measures.AnglesTests.Angles_Tests","Messages":[],"ComputerName":"SIMONQC","Duration":"00:00:00.0008807","StartTime":"2022-09-27T16:15:47.3844124+00:00","EndTime":"2022-09-27T16:15:47.3844126+00:00","Properties":[]},{"TestCase":{"Id":"d683a629-63d0-58b2-52b0-a46cbf6b616b","FullyQualifiedName":"UnitTests.Fundamental.Measures.StringTests.Kilograms_Tests","DisplayName":"UnitTests.Fundamental.Measures.StringTests.Kilograms_Tests","ExecutorUri":"executor://xunit/VsTestRunner2/netcoreapp","Source":"D:\\Develop\\PhysicsUnits\\Units\\KMB.Library.Units.Tests\\bin\\Debug\\net6.0\\fine-code-coverage\\build-output\\KMB.Library.Units.Tests.dll","CodeFilePath":null,"LineNumber":0,"Properties":[{"Key":{"Id":"TestObject.Traits","Label":"Traits","Category":"","Description":"","Attributes":5,"ValueType":"System.Collections.Generic.KeyValuePair`2[[System.String],[System.String]][]"},"Value":[{"Key":"Category","Value":"String"}]}]},"Attachments":[],"Outcome":1,"ErrorMessage":null,"ErrorStackTrace":null,"DisplayName":"UnitTests.Fundamental.Measures.StringTests.Kilograms_Tests","Messages":[],"ComputerName":"SIMONQC","Duration":"00:00:00.0025530","StartTime":"2022-09-27T16:15:47.3858082+00:00","EndTime":"2022-09-27T16:15:47.3858083+00:00","Properties":[]},{"TestCase":{"Id":"30c53170-c15e-eee4-c605-5db4950aa4fb","FullyQualifiedName":"UnitTests.Fundamental.Measures.StringTests.Metres_Tests","DisplayName":"UnitTests.Fundamental.Measures.StringTests.Metres_Tests","ExecutorUri":"executor://xunit/VsTestRunner2/netcoreapp","Source":"D:\\Develop\\PhysicsUnits\\Units\\KMB.Library.Units.Tests\\bin\\Debug\\net6.0\\fine-code-coverage\\build-output\\KMB.Library.Units.Tests.dll","CodeFilePath":null,"LineNumber":0,"Properties":[{"Key":{"Id":"TestObject.Traits","Label":"Traits","Category":"","Description":"","Attributes":5,"ValueType":"System.Collections.Generic.KeyValuePair`2[[System.String],[System.String]][]"},"Value":[{"Key":"Category","Value":"String"}]}]},"Attachments":[],"Outcome":1,"ErrorMessage":null,"ErrorStackTrace":null,"DisplayName":"UnitTests.Fundamental.Measures.StringTests.Metres_Tests","Messages":[],"ComputerName":"SIMONQC","Duration":"00:00:00.0008566","StartTime":"2022-09-27T16:15:47.3886646+00:00","EndTime":"2022-09-27T16:15:47.3886647+00:00","Properties":[]},{"TestCase":{"Id":"925dc69c-a5d3-a0c1-4102-c5cc5120951b","FullyQualifiedName":"UnitTests.Fundamental.Measures.StringTests.Grams_Tests","DisplayName":"UnitTests.Fundamental.Measures.StringTests.Grams_Tests","ExecutorUri":"executor://xunit/VsTestRunner2/netcoreapp","Source":"D:\\Develop\\PhysicsUnits\\Units\\KMB.Library.Units.Tests\\bin\\Debug\\net6.0\\fine-code-coverage\\build-output\\KMB.Library.Units.Tests.dll","CodeFilePath":null,"LineNumber":0,"Properties":[{"Key":{"Id":"TestObject.Traits","Label":"Traits","Category":"","Description":"","Attributes":5,"ValueType":"System.Collections.Generic.KeyValuePair`2[[System.String],[System.String]][]"},"Value":[{"Key":"Category","Value":"String"}]}]},"Attachments":[],"Outcome":1,"ErrorMessage":null,"ErrorStackTrace":null,"DisplayName":"UnitTests.Fundamental.Measures.StringTests.Grams_Tests","Messages":[],"ComputerName":"SIMONQC","Duration":"00:00:00.0020879","StartTime":"2022-09-27T16:15:47.3910475+00:00","EndTime":"2022-09-27T16:15:47.3910476+00:00","Properties":[]},{"TestCase":{"Id":"27d8dc72-08ba-6295-d630-a1112126ec7d","FullyQualifiedName":"UnitTests.Fundamental.Measures.LengthToStringTests.LengthToString_Tests","DisplayName":"UnitTests.Fundamental.Measures.LengthToStringTests.LengthToString_Tests","ExecutorUri":"executor://xunit/VsTestRunner2/netcoreapp","Source":"D:\\Develop\\PhysicsUnits\\Units\\KMB.Library.Units.Tests\\bin\\Debug\\net6.0\\fine-code-coverage\\build-output\\KMB.Library.Units.Tests.dll","CodeFilePath":null,"LineNumber":0,"Properties":[{"Key":{"Id":"TestObject.Traits","Label":"Traits","Category":"","Description":"","Attributes":5,"ValueType":"System.Collections.Generic.KeyValuePair`2[[System.String],[System.String]][]"},"Value":[{"Key":"Category","Value":"LengthToString"}]}]},"Attachments":[],"Outcome":2,"ErrorMessage":"Expected exception message to match the equivalent of \"Parsing error: Invalid dimension for units: kg\", but \"Parsing error: Invalid dimension for units: kg \" does not.\r\n","ErrorStackTrace":"   at FluentAssertions.Execution.XUnit2TestFramework.Throw(String message)\r\n   at FluentAssertions.Execution.TestFrameworkProvider.Throw(String message)\r\n   at FluentAssertions.Execution.CollectingAssertionStrategy.ThrowIfAny(IDictionary`2 context)\r\n   at FluentAssertions.Specialized.ExceptionAssertions`1.ExceptionMessageAssertion.Execute(IEnumerable`1 messages, String expectation, String because, Object[] becauseArgs)\r\n   at FluentAssertions.Specialized.ExceptionAssertions`1.WithMessage(String expectedWildcardPattern, String because, Object[] becauseArgs)\r\n   at UnitTests.Fundamental.Measures.LengthToStringTests.LengthToString_Tests() in D:\\Develop\\PhysicsUnits\\Units\\KMB.Library.Units.Tests\\Fundamental\\Measures\\LengthToStringTests.cs:line 42","DisplayName":"UnitTests.Fundamental.Measures.LengthToStringTests.LengthToString_Tests","Messages":[],"ComputerName":"SIMONQC","Duration":"00:00:00.1254230","StartTime":"2022-09-27T16:15:47.4018236+00:00","EndTime":"2022-09-27T16:15:47.4018238+00:00","Properties":[]}],"TestRunStatistics":{"ExecutedTests":36,"Stats":{"Passed":35,"Failed":1}},"ActiveTests":[]}}
TpTrace Verbose: 0 : 17212, 10, 2022/09/27, 17:15:48.882, 10209931262345, vstest.console.dll, TestRunRequest:SendTestRunStatsChange: Starting.
TpTrace Verbose: 0 : 17212, 10, 2022/09/27, 17:15:48.882, 10209931263120, vstest.console.dll, MulticastDelegateUtilities.SafeInvoke: TestRun.RunStatsChanged: Invoking callbacks was skipped because there are no subscribers.
TpTrace Information: 0 : 17212, 10, 2022/09/27, 17:15:48.882, 10209931263473, vstest.console.dll, TestRunRequest:SendTestRunStatsChange: Completed.
TpTrace Verbose: 0 : 17212, 10, 2022/09/27, 17:15:48.882, 10209931263817, vstest.console.dll, MulticastDelegateUtilities.SafeInvoke: LengthPrefixCommunicationChannel: MessageReceived: Invoking callback 1/1 for Microsoft.VisualStudio.TestPlatform.CommunicationUtilities.TestRequestSender+<>c__DisplayClass31_0.<StartTestRun>b__1, took 1 ms.
TpTrace Verbose: 0 : 17212, 10, 2022/09/27, 17:15:48.882, 10209931264236, vstest.console.dll, TcpClientExtensions.MessageLoopAsync: Polling on remoteEndPoint: 127.0.0.1:4489 localEndPoint: 127.0.0.1:4488
TpTrace Verbose: 0 : 17212, 4, 2022/09/27, 17:15:48.882, 10209931264852, vstest.console.dll, MulticastDelegateUtilities.SafeInvoke: InternalTestLoggerEvents.SendTestResult: Invoking callback 1/1 for Microsoft.VisualStudio.TestPlatform.CommandLine.Internal.ConsoleLogger.TestResultHandler, took 0 ms.
TpTrace Verbose: 0 : 17212, 4, 2022/09/27, 17:15:48.882, 10209931265543, vstest.console.dll, MulticastDelegateUtilities.SafeInvoke: InternalTestLoggerEvents.SendTestResult: Invoking callback 1/1 for Microsoft.VisualStudio.TestPlatform.CommandLine.Internal.ConsoleLogger.TestResultHandler, took 0 ms.
TpTrace Verbose: 0 : 17212, 4, 2022/09/27, 17:15:48.882, 10209931266007, vstest.console.dll, MulticastDelegateUtilities.SafeInvoke: InternalTestLoggerEvents.SendTestResult: Invoking callback 1/1 for Microsoft.VisualStudio.TestPlatform.CommandLine.Internal.ConsoleLogger.TestResultHandler, took 0 ms.
TpTrace Verbose: 0 : 17212, 4, 2022/09/27, 17:15:48.882, 10209931266452, vstest.console.dll, MulticastDelegateUtilities.SafeInvoke: InternalTestLoggerEvents.SendTestResult: Invoking callback 1/1 for Microsoft.VisualStudio.TestPlatform.CommandLine.Internal.ConsoleLogger.TestResultHandler, took 0 ms.
TpTrace Verbose: 0 : 17212, 4, 2022/09/27, 17:15:48.883, 10209931267248, vstest.console.dll, MulticastDelegateUtilities.SafeInvoke: InternalTestLoggerEvents.SendTestResult: Invoking callback 1/1 for Microsoft.VisualStudio.TestPlatform.CommandLine.Internal.ConsoleLogger.TestResultHandler, took 0 ms.
TpTrace Verbose: 0 : 17212, 4, 2022/09/27, 17:15:48.883, 10209931268135, vstest.console.dll, MulticastDelegateUtilities.SafeInvoke: InternalTestLoggerEvents.SendTestResult: Invoking callback 1/1 for Microsoft.VisualStudio.TestPlatform.CommandLine.Internal.ConsoleLogger.TestResultHandler, took 0 ms.
TpTrace Verbose: 0 : 17212, 4, 2022/09/27, 17:15:48.884, 10209931276764, vstest.console.dll, MulticastDelegateUtilities.SafeInvoke: InternalTestLoggerEvents.SendTestResult: Invoking callback 1/1 for Microsoft.VisualStudio.TestPlatform.CommandLine.Internal.ConsoleLogger.TestResultHandler, took 0 ms.
TpTrace Verbose: 0 : 17212, 10, 2022/09/27, 17:15:49.893, 10209941371406, vstest.console.dll, TcpClientExtensions.MessageLoopAsync: Polling on remoteEndPoint: 127.0.0.1:4489 localEndPoint: 127.0.0.1:4488
TpTrace Verbose: 0 : 17212, 10, 2022/09/27, 17:15:50.907, 10209951511550, vstest.console.dll, TcpClientExtensions.MessageLoopAsync: Polling on remoteEndPoint: 127.0.0.1:4489 localEndPoint: 127.0.0.1:4488
TpTrace Verbose: 0 : 17212, 10, 2022/09/27, 17:15:51.921, 10209961651643, vstest.console.dll, TcpClientExtensions.MessageLoopAsync: Polling on remoteEndPoint: 127.0.0.1:4489 localEndPoint: 127.0.0.1:4488
TpTrace Verbose: 0 : 17212, 10, 2022/09/27, 17:15:52.935, 10209971791542, vstest.console.dll, TcpClientExtensions.MessageLoopAsync: Polling on remoteEndPoint: 127.0.0.1:4489 localEndPoint: 127.0.0.1:4488
TpTrace Verbose: 0 : 17212, 10, 2022/09/27, 17:15:53.945, 10209981891122, vstest.console.dll, TcpClientExtensions.MessageLoopAsync: Polling on remoteEndPoint: 127.0.0.1:4489 localEndPoint: 127.0.0.1:4488
TpTrace Verbose: 0 : 17212, 10, 2022/09/27, 17:15:54.947, 10209991911163, vstest.console.dll, TcpClientExtensions.MessageLoopAsync: Polling on remoteEndPoint: 127.0.0.1:4489 localEndPoint: 127.0.0.1:4488
TpTrace Verbose: 0 : 17212, 10, 2022/09/27, 17:15:55.952, 10210001961573, vstest.console.dll, TcpClientExtensions.MessageLoopAsync: Polling on remoteEndPoint: 127.0.0.1:4489 localEndPoint: 127.0.0.1:4488
TpTrace Verbose: 0 : 17212, 10, 2022/09/27, 17:15:56.962, 10210012061848, vstest.console.dll, TcpClientExtensions.MessageLoopAsync: Polling on remoteEndPoint: 127.0.0.1:4489 localEndPoint: 127.0.0.1:4488
TpTrace Verbose: 0 : 17212, 10, 2022/09/27, 17:15:57.977, 10210022211368, vstest.console.dll, TcpClientExtensions.MessageLoopAsync: Polling on remoteEndPoint: 127.0.0.1:4489 localEndPoint: 127.0.0.1:4488
TpTrace Verbose: 0 : 17212, 10, 2022/09/27, 17:15:58.990, 10210032341241, vstest.console.dll, TcpClientExtensions.MessageLoopAsync: Polling on remoteEndPoint: 127.0.0.1:4489 localEndPoint: 127.0.0.1:4488
TpTrace Verbose: 0 : 17212, 10, 2022/09/27, 17:15:59.994, 10210042382531, vstest.console.dll, TcpClientExtensions.MessageLoopAsync: Polling on remoteEndPoint: 127.0.0.1:4489 localEndPoint: 127.0.0.1:4488
TpTrace Verbose: 0 : 17212, 10, 2022/09/27, 17:16:01.005, 10210052491468, vstest.console.dll, TcpClientExtensions.MessageLoopAsync: Polling on remoteEndPoint: 127.0.0.1:4489 localEndPoint: 127.0.0.1:4488
TpTrace Verbose: 0 : 17212, 10, 2022/09/27, 17:16:01.376, 10210056198735, vstest.console.dll, TcpClientExtensions.MessageLoopAsync: NotifyDataAvailable remoteEndPoint: 127.0.0.1:4489 localEndPoint: 127.0.0.1:4488
TpTrace Verbose: 0 : 17212, 10, 2022/09/27, 17:16:01.376, 10210056200076, vstest.console.dll, TestRequestSender.OnExecutionMessageReceived: Received message: {"Version":7,"MessageType":"TestSession.Message","Payload":{"MessageLevel":0,"Message":"[xUnit.net 00:00:14.66]   Finished:    KMB.Library.Units.Tests"}}
TpTrace Verbose: 0 : 17212, 10, 2022/09/27, 17:16:01.376, 10210056201561, vstest.console.dll, TestRunRequest:SendTestRunMessage: Starting.
TpTrace Verbose: 0 : 17212, 10, 2022/09/27, 17:16:01.376, 10210056202197, vstest.console.dll, MulticastDelegateUtilities.SafeInvoke: TestRun.LogMessages: Invoking callback 1/1 for Microsoft.VisualStudio.TestPlatform.CommandLine.TestRunResultAggregator.TestRunMessageHandler, took 0 ms.
TpTrace Information: 0 : 17212, 10, 2022/09/27, 17:16:01.376, 10210056202618, vstest.console.dll, TestRunRequest:SendTestRunMessage: Completed.
TpTrace Verbose: 0 : 17212, 10, 2022/09/27, 17:16:01.376, 10210056203016, vstest.console.dll, MulticastDelegateUtilities.SafeInvoke: LengthPrefixCommunicationChannel: MessageReceived: Invoking callback 1/1 for Microsoft.VisualStudio.TestPlatform.CommunicationUtilities.TestRequestSender+<>c__DisplayClass31_0.<StartTestRun>b__1, took 0 ms.
TpTrace Verbose: 0 : 17212, 10, 2022/09/27, 17:16:01.376, 10210056203458, vstest.console.dll, TcpClientExtensions.MessageLoopAsync: Polling on remoteEndPoint: 127.0.0.1:4489 localEndPoint: 127.0.0.1:4488
TpTrace Verbose: 0 : 17212, 4, 2022/09/27, 17:16:01.376, 10210056204929, vstest.console.dll, MulticastDelegateUtilities.SafeInvoke: InternalTestLoggerEvents.SendTestRunMessage: Invoking callback 1/1 for Microsoft.VisualStudio.TestPlatform.CommandLine.Internal.ConsoleLogger.TestMessageHandler, took 0 ms.
TpTrace Verbose: 0 : 17212, 10, 2022/09/27, 17:16:01.392, 10210056358474, vstest.console.dll, TcpClientExtensions.MessageLoopAsync: NotifyDataAvailable remoteEndPoint: 127.0.0.1:4489 localEndPoint: 127.0.0.1:4488
TpTrace Verbose: 0 : 17212, 10, 2022/09/27, 17:16:01.392, 10210056359964, vstest.console.dll, TestRequestSender.OnExecutionMessageReceived: Received message: {"Version":7,"MessageType":"TestExecution.Completed","Payload":{"TestRunCompleteArgs":{"TestRunStatistics":{"ExecutedTests":37,"Stats":{"Passed":36,"Failed":1}},"IsCanceled":false,"IsAborted":false,"Error":null,"AttachmentSets":[],"InvokedDataCollectors":[],"ElapsedTimeInRunningTests":"00:00:14.6714237","Metrics":{},"DiscoveredExtensions":{"TestDiscoverers":["Xunit.Runner.VisualStudio.VsTestRunner, xunit.runner.visualstudio.dotnetcore.testadapter, Version=2.4.0.0, Culture=neutral, PublicKeyToken=8d05b1bb7a6fdb6c"],"TestExecutors":["executor://xunit/VsTestRunner2/netcoreapp"],"TestExecutors2":[],"TestSettingsProviders":[]}},"LastRunTests":{"NewTestResults":[{"TestCase":{"Id":"966735b0-446c-c4c9-4ee4-5ce2320688c0","FullyQualifiedName":"UnitTests.Fundamental.Dynamics.RocketTests.Rocket_Doubles_Tests","DisplayName":"UnitTests.Fundamental.Dynamics.RocketTests.Rocket_Doubles_Tests","ExecutorUri":"executor://xunit/VsTestRunner2/netcoreapp","Source":"D:\\Develop\\PhysicsUnits\\Units\\KMB.Library.Units.Tests\\bin\\Debug\\net6.0\\fine-code-coverage\\build-output\\KMB.Library.Units.Tests.dll","CodeFilePath":null,"LineNumber":0,"Properties":[{"Key":{"Id":"TestObject.Traits","Label":"Traits","Category":"","Description":"","Attributes":5,"ValueType":"System.Collections.Generic.KeyValuePair`2[[System.String],[System.String]][]"},"Value":[{"Key":"Category","Value":"Rocket"}]}]},"Attachments":[],"Outcome":1,"ErrorMessage":null,"ErrorStackTrace":null,"DisplayName":"UnitTests.Fundamental.Dynamics.RocketTests.Rocket_Doubles_Tests","Messages":[],"ComputerName":"SIMONQC","Duration":"00:00:14.1491933","StartTime":"2022-09-27T16:16:01.3727899+00:00","EndTime":"2022-09-27T16:16:01.3727901+00:00","Properties":[]}],"TestRunStatistics":{"ExecutedTests":37,"Stats":{"Passed":36,"Failed":1}},"ActiveTests":[]},"RunAttachments":[],"ExecutorUris":["executor://xunit/VsTestRunner2/netcoreapp"]}}
TpTrace Verbose: 0 : 17212, 10, 2022/09/27, 17:16:01.392, 10210056361426, vstest.console.dll, TestRequestSender.EndSession: Sending end session.
TpTrace Verbose: 0 : 17212, 10, 2022/09/27, 17:16:01.392, 10210056363601, vstest.console.dll, ProxyOperationManager.Close: waiting for test host to exit for 100 ms
TpTrace Warning: 0 : 17212, 11, 2022/09/27, 17:16:01.402, 10210056462455, vstest.console.dll, TestHostManagerCallbacks.ErrorReceivedCallback Test host standard error line: 
TpTrace Verbose: 0 : 17212, 11, 2022/09/27, 17:16:01.414, 10210056582062, vstest.console.dll, TestHostProvider.ExitCallBack: Host exited starting callback.
TpTrace Information: 0 : 17212, 11, 2022/09/27, 17:16:01.414, 10210056583885, vstest.console.dll, TestHostManagerCallbacks.ExitCallBack: Testhost processId: 24948 exited with exitcode: 0 error: ''
TpTrace Verbose: 0 : 17212, 11, 2022/09/27, 17:16:01.414, 10210056584428, vstest.console.dll, DotnetTestHostManager.OnHostExited: invoking OnHostExited callback
TpTrace Verbose: 0 : 17212, 11, 2022/09/27, 17:16:01.414, 10210056584914, vstest.console.dll, CrossPlatEngine.TestHostManagerHostExited: calling on client process exit callback.
TpTrace Information: 0 : 17212, 11, 2022/09/27, 17:16:01.414, 10210056585858, vstest.console.dll, TestRequestSender.OnClientProcessExit: Test host process exited. Standard error: 
TpTrace Information: 0 : 17212, 10, 2022/09/27, 17:16:01.414, 10210056586408, vstest.console.dll, SocketServer.Stop: Stop server endPoint: 127.0.0.1:4488
TpTrace Information: 0 : 17212, 11, 2022/09/27, 17:16:01.415, 10210056587091, vstest.console.dll, SocketServer.Stop: Stop server endPoint: 127.0.0.1:4488
TpTrace Information: 0 : 17212, 10, 2022/09/27, 17:16:01.415, 10210056587265, vstest.console.dll, SocketServer.Stop: Cancellation requested. Stopping message loop.
TpTrace Information: 0 : 17212, 11, 2022/09/27, 17:16:01.415, 10210056587758, vstest.console.dll, SocketServer.Stop: Cancellation requested. Stopping message loop.
TpTrace Information: 0 : 17212, 10, 2022/09/27, 17:16:01.415, 10210056588823, vstest.console.dll, Closing the connection
TpTrace Verbose: 0 : 17212, 11, 2022/09/27, 17:16:01.415, 10210056590057, vstest.console.dll, MulticastDelegateUtilities.SafeInvoke: HostProviderEvents.OnHostExited: Invoking callback 1/1 for Microsoft.VisualStudio.TestPlatform.CrossPlatEngine.Client.ProxyOperationManager.TestHostManagerHostExited, took 0 ms.
TpTrace Verbose: 0 : 17212, 10, 2022/09/27, 17:16:01.415, 10210056592090, vstest.console.dll, ProxyDataCollectionManager.InvokeDataCollectionServiceAction: Starting.
TpTrace Information: 0 : 17212, 10, 2022/09/27, 17:16:01.415, 10210056592656, vstest.console.dll, ProxyDataCollectionManager.AfterTestRunEnd: Get attachment set and invoked data collectors processId: 15856 port: 4485
TpTrace Verbose: 0 : 17212, 10, 2022/09/27, 17:16:01.415, 10210056593170, vstest.console.dll, DataCollectionRequestSender.SendAfterTestRunStartAndGetResult: Send AfterTestRunEnd message with isCancelled: False
TpTrace Verbose: 0 : 17212, 10, 2022/09/27, 17:16:01.422, 10210056666493, vstest.console.dll, DataCollectionRequestSender.SendAfterTestRunStartAndGetResult: Received message: (DataCollection.AfterTestRunEndResult) -> {"MessageType":"DataCollection.AfterTestRunEndResult","Payload":{"AttachmentSets":[],"InvokedDataCollectors":[{"Uri":"datacollector://Microsoft/TestPlatform/Extensions/Blame/v1","FriendlyName":"Blame","AssemblyQualifiedName":"Microsoft.TestPlatform.Extensions.BlameDataCollector.BlameCollector, Microsoft.TestPlatform.Extensions.BlameDataCollector, Version=15.0.0.0, Culture=neutral, PublicKeyToken=b03f5f7f11d50a3a","FilePath":"C:\\Program Files\\dotnet\\sdk\\7.0.100-preview.7.22377.5\\Extensions\\Microsoft.TestPlatform.Extensions.BlameDataCollector.dll","HasAttachmentProcessor":false}],"Metrics":{}}}
TpTrace Warning: 0 : 17212, 9, 2022/09/27, 17:16:01.427, 10210056716138, vstest.console.dll, DataCollectionLauncher.ErrorReceivedCallback datacollector standard error line: 
TpTrace Information: 0 : 17212, 10, 2022/09/27, 17:16:01.428, 10210056723025, vstest.console.dll, ProxyDataCollectionManager.InvokeDataCollectionServiceAction: Completed.
TpTrace Information: 0 : 17212, 11, 2022/09/27, 17:16:01.438, 10210056819754, vstest.console.dll, DataCollectionLauncher.ExitCallBack: Data collector exited with exitcode: 0 error: ''
TpTrace Verbose: 0 : 17212, 10, 2022/09/27, 17:16:01.468, 10210057121345, vstest.console.dll, TestRunRequest:SendTestRunStatsChange: Starting.
TpTrace Verbose: 0 : 17212, 10, 2022/09/27, 17:16:01.468, 10210057122673, vstest.console.dll, MulticastDelegateUtilities.SafeInvoke: TestRun.RunStatsChanged: Invoking callbacks was skipped because there are no subscribers.
TpTrace Verbose: 0 : 17212, 4, 2022/09/27, 17:16:01.468, 10210057123290, vstest.console.dll, MulticastDelegateUtilities.SafeInvoke: InternalTestLoggerEvents.SendTestResult: Invoking callback 1/1 for Microsoft.VisualStudio.TestPlatform.CommandLine.Internal.ConsoleLogger.TestResultHandler, took 0 ms.
TpTrace Information: 0 : 17212, 10, 2022/09/27, 17:16:01.468, 10210057123318, vstest.console.dll, TestRunRequest:SendTestRunStatsChange: Completed.
TpTrace Verbose: 0 : 17212, 10, 2022/09/27, 17:16:01.469, 10210057128231, vstest.console.dll, ParallelProxyExecutionManager: HandlePartialRunComplete: Total completed clients = 1, Run complete = True, Run canceled: False.
TpTrace Verbose: 0 : 17212, 4, 2022/09/27, 17:16:01.476, 10210057200700, vstest.console.dll, MulticastDelegateUtilities.SafeInvoke: InternalTestLoggerEvents.SendTestRunComplete: Invoking callback 1/2 for Microsoft.TestPlatform.Extensions.BlameDataCollector.BlameLogger.TestRunCompleteHandler, took 0 ms.
TpTrace Verbose: 0 : 17212, 4, 2022/09/27, 17:16:01.482, 10210057257536, vstest.console.dll, MulticastDelegateUtilities.SafeInvoke: InternalTestLoggerEvents.SendTestRunComplete: Invoking callback 2/2 for Microsoft.VisualStudio.TestPlatform.CommandLine.Internal.ConsoleLogger.TestRunCompleteHandler, took 5 ms.
TpTrace Verbose: 0 : 17212, 10, 2022/09/27, 17:16:01.482, 10210057260271, vstest.console.dll, TestRunRequest:TestRunComplete: Starting. IsAborted:False IsCanceled:False.
TpTrace Verbose: 0 : 17212, 10, 2022/09/27, 17:16:01.483, 10210057273094, vstest.console.dll, TestLoggerManager.HandleTestRunComplete: Ignoring as the object is disposed.
TpTrace Verbose: 0 : 17212, 10, 2022/09/27, 17:16:01.483, 10210057275074, vstest.console.dll, MulticastDelegateUtilities.SafeInvoke: TestRun.TestRunComplete: Invoking callback 1/2 for Microsoft.VisualStudio.TestPlatform.CommandLine.TestRunResultAggregator.TestRunCompletionHandler, took 0 ms.
TpTrace Verbose: 0 : 17212, 10, 2022/09/27, 17:16:01.483, 10210057276657, vstest.console.dll, MulticastDelegateUtilities.SafeInvoke: TestRun.TestRunComplete: Invoking callback 2/2 for Microsoft.VisualStudio.TestPlatform.CommandLine.Processors.RunTestsArgumentExecutor+TestRunRequestEventsRegistrar.TestRunRequest_OnRunCompletion, took 0 ms.
TpTrace Information: 0 : 17212, 10, 2022/09/27, 17:16:01.484, 10210057278025, vstest.console.dll, TestRunRequest:TestRunComplete: Completed.
TpTrace Verbose: 0 : 17212, 1, 2022/09/27, 17:16:01.484, 10210057278283, vstest.console.dll, TestRunRequest.Dispose: Starting.
TpTrace Verbose: 0 : 17212, 10, 2022/09/27, 17:16:01.484, 10210057278686, vstest.console.dll, TestRequestSender.SetOperationComplete: Setting operation complete.
TpTrace Information: 0 : 17212, 1, 2022/09/27, 17:16:01.484, 10210057279420, vstest.console.dll, TestRunRequest.Dispose: Completed.
TpTrace Information: 0 : 17212, 10, 2022/09/27, 17:16:01.484, 10210057279975, vstest.console.dll, SocketServer.Stop: Stop server endPoint: 127.0.0.1:4488
TpTrace Information: 0 : 17212, 1, 2022/09/27, 17:16:01.484, 10210057280734, vstest.console.dll, TestRequestManager.RunTests: run tests completed.
TpTrace Information: 0 : 17212, 10, 2022/09/27, 17:16:01.484, 10210057281024, vstest.console.dll, SocketServer.Stop: Cancellation requested. Stopping message loop.
TpTrace Verbose: 0 : 17212, 10, 2022/09/27, 17:16:01.484, 10210057281993, vstest.console.dll, MulticastDelegateUtilities.SafeInvoke: LengthPrefixCommunicationChannel: MessageReceived: Invoking callback 1/1 for Microsoft.VisualStudio.TestPlatform.CommunicationUtilities.TestRequestSender+<>c__DisplayClass31_0.<StartTestRun>b__1, took 92 ms.
TpTrace Information: 0 : 17212, 1, 2022/09/27, 17:16:01.484, 10210057282357, vstest.console.dll, RunTestsArgumentProcessor:Execute: Test run is completed.
TpTrace Information: 0 : 17212, 10, 2022/09/27, 17:16:01.484, 10210057282505, vstest.console.dll, SocketServer.PrivateStop: Stopping server endPoint: 127.0.0.1:4488 error: 
TpTrace Verbose: 0 : 17212, 1, 2022/09/27, 17:16:01.484, 10210057284346, vstest.console.dll, Executor.Execute: Exiting with exit code of 1
TpTrace Verbose: 0 : 17212, 10, 2022/09/27, 17:16:01.484, 10210057286642, vstest.console.dll, LengthPrefixCommunicationChannel.Dispose: Dispose reader and writer.
TpTrace Information: 0 : 17212, 10, 2022/09/27, 17:16:01.485, 10210057287502, vstest.console.dll, SocketServer.Stop: Raise disconnected event endPoint: 127.0.0.1:4488 error: 
TpTrace Verbose: 0 : 17212, 10, 2022/09/27, 17:16:01.485, 10210057288343, vstest.console.dll, TestRequestSender: OnTestRunAbort: Operation is already complete. Skip error message.
